[2019-04-20 12:04:40.568]: entering -- org.netbeans.installer.Installer.main():81
[2019-04-20 12:04:40.568]: initializing the installer engine
[2019-04-20 12:04:40.568]:     entering -- org.netbeans.installer.Installer.<init>():116
[2019-04-20 12:04:40.568]:     ... initializing ErrorHandler
[2019-04-20 12:04:40.568]:     ... end of ErrorHandler initialization
[2019-04-20 12:04:40.568]:     exiting -- org.netbeans.installer.Installer.<init>():116
[2019-04-20 12:04:40.568]:     entering -- org.netbeans.installer.Installer.<init>():117
[2019-04-20 12:04:40.568]:     dumping target system information
[2019-04-20 12:04:40.568]:         system properties:
[2019-04-20 12:04:40.568]:             awt.toolkit => sun.awt.windows.WToolkit
[2019-04-20 12:04:40.568]:             file.encoding => MS932
[2019-04-20 12:04:40.568]:             file.encoding.pkg => sun.io
[2019-04-20 12:04:40.568]:             file.separator => \
[2019-04-20 12:04:40.568]:             java.awt.graphicsenv => sun.awt.Win32GraphicsEnvironment
[2019-04-20 12:04:40.568]:             java.awt.printerjob => sun.awt.windows.WPrinterJob
[2019-04-20 12:04:40.568]:             java.class.path => C:\Users\Owner\AppData\Local\Temp\\NBI17559.tmp\bundle.jar
[2019-04-20 12:04:40.568]:             java.class.version => 52.0
[2019-04-20 12:04:40.568]:             java.endorsed.dirs => C:\Program Files (x86)\Java\jre1.8.0_171\lib\endorsed
[2019-04-20 12:04:40.568]:             java.ext.dirs => C:\Program Files (x86)\Java\jre1.8.0_171\lib\ext;C:\WINDOWS\Sun\Java\lib\ext
[2019-04-20 12:04:40.568]:             java.home => C:\Program Files (x86)\Java\jre1.8.0_171
[2019-04-20 12:04:40.568]:             java.io.tmpdir => C:\Users\Owner\AppData\Local\Temp\
[2019-04-20 12:04:40.568]:             java.library.path => C:\Program Files (x86)\Java\jre1.8.0_171\bin;C:\WINDOWS\Sun\Java\bin;C:\WINDOWS\system32;C:\WINDOWS;C:\Windows\system32;C:\Windows;C:\Windows\System32\Wbem;C:\Users\Owner\AppData\Local\Microsoft\WindowsApps;.
[2019-04-20 12:04:40.568]:             java.runtime.name => Java(TM) SE Runtime Environment
[2019-04-20 12:04:40.568]:             java.runtime.version => 1.8.0_171-b11
[2019-04-20 12:04:40.568]:             java.specification.name => Java Platform API Specification
[2019-04-20 12:04:40.568]:             java.specification.vendor => Oracle Corporation
[2019-04-20 12:04:40.568]:             java.specification.version => 1.8
[2019-04-20 12:04:40.568]:             java.vendor => Oracle Corporation
[2019-04-20 12:04:40.568]:             java.vendor.url => http://java.oracle.com/
[2019-04-20 12:04:40.568]:             java.vendor.url.bug => http://bugreport.sun.com/bugreport/
[2019-04-20 12:04:40.568]:             java.version => 1.8.0_171
[2019-04-20 12:04:40.568]:             java.vm.info => mixed mode
[2019-04-20 12:04:40.568]:             java.vm.name => Java HotSpot(TM) Client VM
[2019-04-20 12:04:40.568]:             java.vm.specification.name => Java Virtual Machine Specification
[2019-04-20 12:04:40.568]:             java.vm.specification.vendor => Oracle Corporation
[2019-04-20 12:04:40.568]:             java.vm.specification.version => 1.8
[2019-04-20 12:04:40.568]:             java.vm.vendor => Oracle Corporation
[2019-04-20 12:04:40.568]:             java.vm.version => 25.171-b11
[2019-04-20 12:04:40.568]:             line.separator => 
[2019-04-20 12:04:40.568]:             netbeans.default_cachedir_root => C:\Users\Owner\AppData\Local\NetBeans\Cache
[2019-04-20 12:04:40.568]:             netbeans.default_userdir_root => C:\Users\Owner\AppData\Roaming\NetBeans
[2019-04-20 12:04:40.568]:             os.arch => x86
[2019-04-20 12:04:40.568]:             os.name => Windows 10
[2019-04-20 12:04:40.568]:             os.version => 10.0
[2019-04-20 12:04:40.568]:             path.separator => ;
[2019-04-20 12:04:40.568]:             sun.arch.data.model => 32
[2019-04-20 12:04:40.568]:             sun.boot.class.path => C:\Program Files (x86)\Java\jre1.8.0_171\lib\resources.jar;C:\Program Files (x86)\Java\jre1.8.0_171\lib\rt.jar;C:\Program Files (x86)\Java\jre1.8.0_171\lib\sunrsasign.jar;C:\Program Files (x86)\Java\jre1.8.0_171\lib\jsse.jar;C:\Program Files (x86)\Java\jre1.8.0_171\lib\jce.jar;C:\Program Files (x86)\Java\jre1.8.0_171\lib\charsets.jar;C:\Program Files (x86)\Java\jre1.8.0_171\lib\jfr.jar;C:\Program Files (x86)\Java\jre1.8.0_171\classes
[2019-04-20 12:04:40.568]:             sun.boot.library.path => C:\Program Files (x86)\Java\jre1.8.0_171\bin
[2019-04-20 12:04:40.568]:             sun.cpu.endian => little
[2019-04-20 12:04:40.568]:             sun.cpu.isalist => pentium_pro+mmx pentium_pro pentium+mmx pentium i486 i386 i86
[2019-04-20 12:04:40.568]:             sun.desktop => windows
[2019-04-20 12:04:40.568]:             sun.io.unicode.encoding => UnicodeLittle
[2019-04-20 12:04:40.568]:             sun.java.command => org.netbeans.installer.Installer
[2019-04-20 12:04:40.568]:             sun.java.launcher => SUN_STANDARD
[2019-04-20 12:04:40.568]:             sun.jnu.encoding => MS932
[2019-04-20 12:04:40.568]:             sun.management.compiler => HotSpot Client Compiler
[2019-04-20 12:04:40.568]:             sun.os.patch.level => 
[2019-04-20 12:04:40.568]:             user.country => JP
[2019-04-20 12:04:40.568]:             user.dir => C:\Users\Owner\AppData\Local\Packages\Microsoft.MicrosoftEdge_8wekyb3d8bbwe\TempState\Downloads
[2019-04-20 12:04:40.568]:             user.home => C:\Users\Owner
[2019-04-20 12:04:40.568]:             user.language => ja
[2019-04-20 12:04:40.568]:             user.name => Owner
[2019-04-20 12:04:40.568]:             user.script => 
[2019-04-20 12:04:40.568]:             user.timezone => Asia/Tokyo
[2019-04-20 12:04:40.568]:             user.variant => 
[2019-04-20 12:04:40.568]:     ... end of target system information
[2019-04-20 12:04:40.568]:     exiting -- org.netbeans.installer.Installer.<init>():117
[2019-04-20 12:04:40.584]:     loading jni library
[2019-04-20 12:04:40.584]:         library resource path: native/jnilib/windows/windows-x86.dll
[2019-04-20 12:04:40.753]:         library file path: C:\Users\Owner\AppData\Local\Temp\nbi-190318895920102746.tmp
[2019-04-20 12:04:40.769]:         ... successfully loaded the library
[2019-04-20 12:04:40.769]:     entering -- org.netbeans.installer.Installer.<init>():122
[2019-04-20 12:04:40.769]:     parsing command-line arguments
[2019-04-20 12:04:40.769]:         ... no command line arguments were specified
[2019-04-20 12:04:40.769]:     ... finished parsing command line arguments
[2019-04-20 12:04:40.769]:     exiting -- org.netbeans.installer.Installer.<init>():122
[2019-04-20 12:04:40.769]:     entering -- org.netbeans.installer.Installer.<init>():123
[2019-04-20 12:04:40.769]:     loading engine properties
[2019-04-20 12:04:40.769]:         loading engine properties
[2019-04-20 12:04:40.769]:             loading NWP.welcome.page.type => javaee
[2019-04-20 12:04:40.769]:             loading nbi.wizard.ui.swing.frame.title.prefix => NetBeans IDEのインストーラ
[2019-04-20 12:04:40.769]:             loading nbi.product.suggest.install => true
[2019-04-20 12:04:40.769]:             loading nbi.wizard.ui.swing.frame.width.gtk => 704
[2019-04-20 12:04:40.769]:             loading nbi.wizard.ui.swing.frame.minimum.width.nimbus => 624
[2019-04-20 12:04:40.769]:             loading nbi.wizard.ui.swing.frame.minimum.height.nimbus => 512
[2019-04-20 12:04:40.769]:             loading nbi.wizard.ui.swing.frame.width.win.xp => 600
[2019-04-20 12:04:40.769]:             loading nbi.overall.license.jdk5.resource => org/netbeans/installer/product/components/netbeans-license-jdk5.txt
[2019-04-20 12:04:40.769]:             loading nbi.wizard.ui.swing.frame.minimum.width.default => 600
[2019-04-20 12:04:40.769]:             loading nbi.wizard.ui.swing.frame.minimum.height.aqua => 480
[2019-04-20 12:04:40.769]:             loading nbi.wizard.ui.swing.frame.minimum.height.default => 500
[2019-04-20 12:04:40.769]:             loading nbi.overall.license.mysql.resource => org/netbeans/installer/product/components/netbeans-license-mysql.txt
[2019-04-20 12:04:40.769]:             loading nbi.wizard.ui.swing.frame.icon => resource:org/netbeans/installer/wizard/wizard-icon.png
[2019-04-20 12:04:40.769]:             loading nbi.wizard.ui.swing.frame.minimum.height.gtk => 528
[2019-04-20 12:04:40.769]:             loading nbi.wizard.ui.swing.frame.width.aqua => 640
[2019-04-20 12:04:40.769]:             loading nbi.wizard.ui.swing.frame.minimum.height.motif => 470
[2019-04-20 12:04:40.769]:             loading nbi.wizard.ui.swing.welcome.left.bottom.image => resource:org/netbeans/installer/wizard/components/panels/netbeans/resources/welcome-left-bottom.png
[2019-04-20 12:04:40.769]:             loading nbi.wizard.ui.swing.frame.height.gtk => 528
[2019-04-20 12:04:40.769]:             loading nbi.wizard.ui.swing.frame.minimum.width.motif => 624
[2019-04-20 12:04:40.769]:             loading nbi.wizard.ui.swing.frame.minimum.width.gtk => 704
[2019-04-20 12:04:40.769]:             loading nbi.junit.license.resource => org/netbeans/installer/product/components/junit-license.txt
[2019-04-20 12:04:40.769]:             loading nbi.wizard.ui.swing.frame.width.metal => 624
[2019-04-20 12:04:40.769]:             loading nbi.wizard.ui.swing.frame.height.win.xp => 450
[2019-04-20 12:04:40.769]:             loading nbi.wizard.ui.swing.frame.height.nimbus => 512
[2019-04-20 12:04:40.769]:             loading nbi.overall.license.javafx.resource => org/netbeans/installer/product/components/netbeans-license-javafx.txt
[2019-04-20 12:04:40.769]:             loading nbi.wizard.ui.swing.frame.minimum.width.aqua => 640
[2019-04-20 12:04:40.769]:             loading nbi.wizard.ui.swing.frame.width.default => 600
[2019-04-20 12:04:40.769]:             loading nbi.wizard.ui.swing.frame.head.right.image => resource:org/netbeans/installer/wizard/wizard-description-background.png
[2019-04-20 12:04:40.769]:             loading nbi.wizard.ui.swing.frame.minimum.height.win.xp => 450
[2019-04-20 12:04:40.769]:             loading nbi.wizard.ui.swing.frame.width.nimbus => 624
[2019-04-20 12:04:40.769]:             loading nbi.wizard.ui.swing.frame.minimum.height.win.classic => 442
[2019-04-20 12:04:40.769]:             loading nbi.overall.license.jtb.resource => org/netbeans/installer/product/components/netbeans-license-jtb.txt
[2019-04-20 12:04:40.769]:             loading nbi.wizard.ui.swing.frame.height.motif => 470
[2019-04-20 12:04:40.769]:             loading nbi.wizard.ui.swing.frame.height.aqua => 480
[2019-04-20 12:04:40.769]:             loading nbi.wizard.ui.swing.frame.minimum.width.win.xp => 600
[2019-04-20 12:04:40.769]:             loading nbi.overall.license.jdk6.resource => org/netbeans/installer/product/components/netbeans-license-jdk6.txt
[2019-04-20 12:04:40.769]:             loading nbi.wizard.ui.swing.frame.width.motif => 624
[2019-04-20 12:04:40.769]:             loading nbi.product.remove.corrupted.products.silently => true
[2019-04-20 12:04:40.769]:             loading nbi.wizard.ui.swing.frame.minimum.width.win.classic => 588
[2019-04-20 12:04:40.769]:             loading nbi.overall.license.resource => org/netbeans/installer/product/components/netbeans-license.txt
[2019-04-20 12:04:40.769]:             loading nbi.macosx.application.directory.name => NetBeans IDE Installer
[2019-04-20 12:04:40.769]:             loading nbi.wizard.ui.swing.frame.minimum.width.metal => 624
[2019-04-20 12:04:40.769]:             loading nbi.wizard.ui.swing.frame.height.metal => 470
[2019-04-20 12:04:40.769]:             loading nbi.wizard.ui.swing.frame.height.win.classic => 442
[2019-04-20 12:04:40.769]:             loading nbi.wizard.ui.swing.frame.height.default => 500
[2019-04-20 12:04:40.769]:             loading nbi.wizard.ui.swing.frame.title.pattern => {0}
[2019-04-20 12:04:40.769]:             loading nbi.wizard.ui.swing.frame.width.win.classic => 588
[2019-04-20 12:04:40.769]:             loading nbi.wizard.ui.swing.frame.minimum.height.metal => 470
[2019-04-20 12:04:40.769]:     ... finished loading engine properties
[2019-04-20 12:04:40.769]:     exiting -- org.netbeans.installer.Installer.<init>():123
[2019-04-20 12:04:40.769]:     initializing the local directory
[2019-04-20 12:04:40.769]:         ... custom local directory was not specified, using the default
[2019-04-20 12:04:40.769]:         ... local directory: C:\Users\Owner\.nbi
[2019-04-20 12:04:40.769]:     ... finished initializing local directory
[2019-04-20 12:04:40.838]:     entering -- org.netbeans.installer.Installer.<init>():129
[2019-04-20 12:04:40.838]:     ... initializing DownloadManager
[2019-04-20 12:04:40.853]:         file not exist, queue is empty!
[2019-04-20 12:04:40.869]:     ... end of initializing DownloadManager
[2019-04-20 12:04:40.869]:     exiting -- org.netbeans.installer.Installer.<init>():129
[2019-04-20 12:04:40.869]:     entering -- org.netbeans.installer.Installer.<init>():130
[2019-04-20 12:04:40.869]:     ... initializing Registry
[2019-04-20 12:04:40.891]:     ... end of initializing ErrorHandler
[2019-04-20 12:04:40.891]:     exiting -- org.netbeans.installer.Installer.<init>():130
[2019-04-20 12:04:40.891]:     entering -- org.netbeans.installer.Installer.<init>():131
[2019-04-20 12:04:40.891]:     ... initializing Wizard
[2019-04-20 12:04:40.954]:         ... loading registry from resource:data/registry.xml
[2019-04-20 12:04:41.038]:         entering -- org.netbeans.installer.product.Registry.loadProductRegistry():1001
[2019-04-20 12:04:41.038]:         validating previous installations
[2019-04-20 12:04:41.038]:         ... validating installations finished
[2019-04-20 12:04:41.038]:         exiting -- org.netbeans.installer.product.Registry.loadProductRegistry():1001
[2019-04-20 12:04:41.038]:         Can`t load message in bundle org.netbeans.installer.wizard.components.panels.netbeans.Bundle for key NPrISP.installation.folders using [sun.misc.Launcher$AppClassLoader@647e05] classloader
[2019-04-20 12:04:41.054]:     ... end of initializing Wizard
[2019-04-20 12:04:41.054]:     exiting -- org.netbeans.installer.Installer.<init>():131
[2019-04-20 12:04:41.054]:     creating lock file
[2019-04-20 12:04:41.054]:         ... created lock file: C:\Users\Owner\.nbi\.nbilock
[2019-04-20 12:04:41.054]:     finished creating lock file
[2019-04-20 12:04:41.054]: ... finished initializing the engine
[2019-04-20 12:04:41.054]: exiting -- org.netbeans.installer.Installer.main():81
[2019-04-20 12:04:41.054]: entering -- org.netbeans.installer.Installer.main():81
[2019-04-20 12:04:41.054]: starting the installer
[2019-04-20 12:04:41.054]:     ... initializing look and feel
[2019-04-20 12:04:41.054]:         ... custom look and feel class name was not specified, using system default
[2019-04-20 12:04:41.107]:         ... class name: com.sun.java.swing.plaf.windows.WindowsLookAndFeel
[2019-04-20 12:04:41.107]:         ... get installed L&Fs
[2019-04-20 12:04:41.123]:         ... set specified L&F
[2019-04-20 12:04:41.139]:         ... check headless
[2019-04-20 12:04:41.139]:         ... creating JFileChooser object to check possible issues with UI
[2019-04-20 12:04:41.609]:         ... getting default Toolkit to check possible issues with UI
[2019-04-20 12:04:41.609]:         ... creating JProgressBar object to check possible issues with UI
[2019-04-20 12:04:41.609]:         ... all UI checks done
[2019-04-20 12:04:41.609]:         ... L&F is set
[2019-04-20 12:04:41.609]:     ... initializing L&F finished
[2019-04-20 12:04:41.725]:     NameResolver - to parse ヘルプ(&H)
[2019-04-20 12:04:41.725]:     NameResolver - to parse < 戻る(&B)
[2019-04-20 12:04:41.725]:     NameResolver - to parse 次(&N) >
[2019-04-20 12:04:41.725]:     NameResolver - to parse 取消
[2019-04-20 12:04:41.725]:     NameResolver - to parse インストーラを構成しています...
[2019-04-20 12:04:41.725]:     NameResolver - to parse インストーラを構成しています...
[2019-04-20 12:04:41.740]:     NameResolver - to parse インストーラを構成しています...
[2019-04-20 12:04:41.740]:     NameResolver - to parse インストーラを構成しています...
[2019-04-20 12:04:41.740]:     NameResolver - to parse NetBeans IDEのインストーラを初期化しています。しばらくお待ちください。
[2019-04-20 12:04:41.740]:     NameResolver - to parse インストーラを構成しています...
[2019-04-20 12:04:41.740]:     NameResolver - to parse NetBeans IDEのインストーラを初期化しています。しばらくお待ちください。
[2019-04-20 12:04:41.740]: ... finished starting the installer
[2019-04-20 12:04:41.740]: exiting -- org.netbeans.installer.Installer.main():81
[2019-04-20 12:04:41.740]: NameResolver - to parse インストーラを構成しています...
[2019-04-20 12:04:41.756]: entering -- org.netbeans.installer.wizard.components.actions.InitializeRegistryAction.execute():73
[2019-04-20 12:04:41.756]: initializing product registry
[2019-04-20 12:04:41.756]:     entering -- org.netbeans.installer.product.Registry.initializeRegistry():190
[2019-04-20 12:04:41.756]:     initializing product registry properties
[2019-04-20 12:04:41.756]:         initializing local product cache directory
[2019-04-20 12:04:41.756]:         ... C:\Users\Owner\.nbi\product-cache
[2019-04-20 12:04:41.756]:         initializing local product registry file
[2019-04-20 12:04:41.756]:             ... C:\Users\Owner\.nbi\registry.xml
[2019-04-20 12:04:41.756]:             initializing local product registry stub uri
[2019-04-20 12:04:41.756]:             ... resource:org/netbeans/installer/product/default-registry.xml
[2019-04-20 12:04:41.756]:             initializing bundled product registry uri
[2019-04-20 12:04:41.756]:             ... resource:data/registry.xml
[2019-04-20 12:04:41.756]:             initializing product registry schema uri
[2019-04-20 12:04:41.756]:             ... resource:org/netbeans/installer/product/registry.xsd
[2019-04-20 12:04:41.756]:             initializing remote product registries uris
[2019-04-20 12:04:41.756]:             initializing state file schema uri
[2019-04-20 12:04:41.756]:             ... resource:org/netbeans/installer/product/state-file.xsd
[2019-04-20 12:04:41.756]:             initializing default state file uri
[2019-04-20 12:04:41.756]:             ... resource:org/netbeans/installer/product/default-state-file.xml
[2019-04-20 12:04:41.756]:             initializing target platform
[2019-04-20 12:04:41.756]:             ... windows-x86
[2019-04-20 12:04:41.756]:     initializing product registry properties
[2019-04-20 12:04:41.756]:     exiting -- org.netbeans.installer.product.Registry.initializeRegistry():190
[2019-04-20 12:04:41.756]:     ... loading registry from file:/C:/Users/Owner/.nbi/registry.xml
[2019-04-20 12:04:41.794]:     entering -- org.netbeans.installer.product.Registry.loadProductRegistry():1001
[2019-04-20 12:04:41.794]:     validating previous installations
[2019-04-20 12:04:41.841]:         NameResolver - to parse C:\Program Files (x86)\NetBeans 8.2
[2019-04-20 12:04:41.856]:         NameResolver - to parse C:\Program Files (x86)\NetBeans 8.2
[2019-04-20 12:04:41.856]:         NameResolver - to parse C:\Program Files (x86)\NetBeans 8.2
[2019-04-20 12:04:41.872]:         NameResolver - to parse C:\Program Files (x86)\NetBeans 8.2
[2019-04-20 12:04:41.887]:         NameResolver - to parse C:\Program Files (x86)\NetBeans 8.2
[2019-04-20 12:04:41.894]:         NameResolver - to parse C:\Program Files (x86)\NetBeans 8.2
[2019-04-20 12:04:41.894]:         NameResolver - to parse C:\Program Files (x86)\NetBeans 8.2
[2019-04-20 12:04:41.910]:         NameResolver - to parse C:\Program Files (x86)\NetBeans 8.2
[2019-04-20 12:04:41.910]:         NameResolver - to parse C:\Program Files (x86)\NetBeans 8.2
[2019-04-20 12:04:41.910]:         NameResolver - to parse C:\Program Files (x86)\NetBeans 8.2
[2019-04-20 12:04:41.925]:         NameResolver - to parse C:\Program Files (x86)\NetBeans 8.2
[2019-04-20 12:04:41.941]:         NameResolver - to parse C:\Program Files (x86)\glassfish-4.1.1
[2019-04-20 12:04:41.956]:         NameResolver - to parse C:\Program Files (x86)\Apache Software Foundation\Apache Tomcat 8.0.27
[2019-04-20 12:04:41.956]:     ... validating installations finished
[2019-04-20 12:04:41.956]:     exiting -- org.netbeans.installer.product.Registry.loadProductRegistry():1001
[2019-04-20 12:04:41.972]:     ... loading registry from resource:data/registry.xml
[2019-04-20 12:04:41.988]:     entering -- org.netbeans.installer.product.Registry.loadProductRegistry():1001
[2019-04-20 12:04:41.988]:     validating previous installations
[2019-04-20 12:04:41.988]:         NameResolver - to parse C:\Program Files (x86)\NetBeans 8.2
[2019-04-20 12:04:41.988]:         NameResolver - to parse C:\Program Files (x86)\NetBeans 8.2
[2019-04-20 12:04:41.988]:         NameResolver - to parse C:\Program Files (x86)\NetBeans 8.2
[2019-04-20 12:04:41.988]:         NameResolver - to parse C:\Program Files (x86)\NetBeans 8.2
[2019-04-20 12:04:41.994]:         NameResolver - to parse C:\Program Files (x86)\NetBeans 8.2
[2019-04-20 12:04:41.994]:         NameResolver - to parse C:\Program Files (x86)\NetBeans 8.2
[2019-04-20 12:04:41.994]:         NameResolver - to parse C:\Program Files (x86)\NetBeans 8.2
[2019-04-20 12:04:41.994]:         NameResolver - to parse C:\Program Files (x86)\NetBeans 8.2
[2019-04-20 12:04:41.994]:         NameResolver - to parse C:\Program Files (x86)\NetBeans 8.2
[2019-04-20 12:04:41.994]:         NameResolver - to parse C:\Program Files (x86)\NetBeans 8.2
[2019-04-20 12:04:41.994]:         NameResolver - to parse C:\Program Files (x86)\NetBeans 8.2
[2019-04-20 12:04:41.994]:         NameResolver - to parse C:\Program Files (x86)\glassfish-4.1.1
[2019-04-20 12:04:41.994]:         NameResolver - to parse C:\Program Files (x86)\Apache Software Foundation\Apache Tomcat 8.0.27
[2019-04-20 12:04:41.994]:     ... validating installations finished
[2019-04-20 12:04:41.994]:     exiting -- org.netbeans.installer.product.Registry.loadProductRegistry():1001
[2019-04-20 12:04:41.994]: ... product registry initialization complete
[2019-04-20 12:04:41.994]: exiting -- org.netbeans.installer.wizard.components.actions.InitializeRegistryAction.execute():73
[2019-04-20 12:04:41.994]: ... bundledProductSkip = null
[2019-04-20 12:04:41.994]: ... bundledProductToInstall = null
[2019-04-20 12:04:41.994]: NameResolver - to parse resource:org/netbeans/installer/wizard/components/panels/netbeans/resources/welcome-left-bottom.png
[2019-04-20 12:04:42.010]: NameResolver - to parse {0}<span style="color: gray">(インストール済み)</span><br>
[2019-04-20 12:04:42.041]: NameResolver - to parse {0}<span style="color: gray">(インストール済み)</span><br>
[2019-04-20 12:04:42.041]: NameResolver - to parse ヘルプ(&H)
[2019-04-20 12:04:42.041]: NameResolver - to parse < 戻る(&B)
[2019-04-20 12:04:42.041]: NameResolver - to parse 次(&N) >
[2019-04-20 12:04:42.041]: NameResolver - to parse 取消
[2019-04-20 12:04:42.041]: NameResolver - to parse <html><h2 style=''color: #FF8E00; bold''>NetBeans IDE 8.2インストーラへようこそ</h2>
[2019-04-20 12:04:42.041]: NameResolver - to parse </html>
[2019-04-20 12:04:42.041]: NameResolver - to parse text/html
[2019-04-20 12:04:42.041]: NameResolver - to parse <html>
[2019-04-20 12:04:42.041]: NameResolver - to parse このインストーラは、NetBeans IDE、Java EEパック、および選択したアプリケーション・サーバーをインストールします。<br><br>IDEとともにインストールするアプリケーション・サーバーを選択:<br><br>
[2019-04-20 12:04:42.041]: NameResolver - to parse text/html
[2019-04-20 12:04:42.041]: NameResolver - to parse <html>
[2019-04-20 12:04:42.041]: NameResolver - to parse </html>
[2019-04-20 12:04:42.041]: NameResolver - to parse text/html
[2019-04-20 12:04:42.057]: NameResolver - to parse カスタマイズ(&C)...
[2019-04-20 12:04:42.057]: NameResolver - to parse 使用可能なすべてのコンポーネントはすでにインストールされています。「取消し」をクリックしてインストーラを終了します。
[2019-04-20 12:04:42.057]: NameResolver - to parse 使用可能なすべてのコンポーネントはすでにインストールされています。「取消し」をクリックしてインストーラを終了します。
[2019-04-20 12:04:42.072]: NameResolver - to parse <仮の説明>
[2019-04-20 12:04:44.063]: NameResolver - to parse 使用可能なすべてのコンポーネントはすでにインストールされています。「取消し」をクリックしてインストーラを終了します。
[2019-04-20 12:04:46.071]: NameResolver - to parse 使用可能なすべてのコンポーネントはすでにインストールされています。「取消し」をクリックしてインストーラを終了します。
[2019-04-20 12:04:48.078]: NameResolver - to parse 使用可能なすべてのコンポーネントはすでにインストールされています。「取消し」をクリックしてインストーラを終了します。
[2019-04-20 12:04:50.083]: NameResolver - to parse 使用可能なすべてのコンポーネントはすでにインストールされています。「取消し」をクリックしてインストーラを終了します。
[2019-04-20 12:04:52.087]: NameResolver - to parse 使用可能なすべてのコンポーネントはすでにインストールされています。「取消し」をクリックしてインストーラを終了します。
[2019-04-20 12:04:54.094]: NameResolver - to parse 使用可能なすべてのコンポーネントはすでにインストールされています。「取消し」をクリックしてインストーラを終了します。
[2019-04-20 12:04:56.101]: NameResolver - to parse 使用可能なすべてのコンポーネントはすでにインストールされています。「取消し」をクリックしてインストーラを終了します。
[2019-04-20 12:04:58.108]: NameResolver - to parse 使用可能なすべてのコンポーネントはすでにインストールされています。「取消し」をクリックしてインストーラを終了します。
[2019-04-20 12:05:00.114]: NameResolver - to parse 使用可能なすべてのコンポーネントはすでにインストールされています。「取消し」をクリックしてインストーラを終了します。
[2019-04-20 12:05:02.122]: NameResolver - to parse 使用可能なすべてのコンポーネントはすでにインストールされています。「取消し」をクリックしてインストーラを終了します。
[2019-04-20 12:05:04.128]: NameResolver - to parse 使用可能なすべてのコンポーネントはすでにインストールされています。「取消し」をクリックしてインストーラを終了します。
[2019-04-20 12:05:06.132]: NameResolver - to parse 使用可能なすべてのコンポーネントはすでにインストールされています。「取消し」をクリックしてインストーラを終了します。
[2019-04-20 12:05:08.139]: NameResolver - to parse 使用可能なすべてのコンポーネントはすでにインストールされています。「取消し」をクリックしてインストーラを終了します。
[2019-04-20 12:05:10.145]: NameResolver - to parse 使用可能なすべてのコンポーネントはすでにインストールされています。「取消し」をクリックしてインストーラを終了します。
[2019-04-20 12:05:12.153]: NameResolver - to parse 使用可能なすべてのコンポーネントはすでにインストールされています。「取消し」をクリックしてインストーラを終了します。
[2019-04-20 12:05:14.160]: NameResolver - to parse 使用可能なすべてのコンポーネントはすでにインストールされています。「取消し」をクリックしてインストーラを終了します。
[2019-04-20 12:05:16.168]: NameResolver - to parse 使用可能なすべてのコンポーネントはすでにインストールされています。「取消し」をクリックしてインストーラを終了します。
[2019-04-20 12:05:18.177]: NameResolver - to parse 使用可能なすべてのコンポーネントはすでにインストールされています。「取消し」をクリックしてインストーラを終了します。
[2019-04-20 12:05:20.185]: NameResolver - to parse 使用可能なすべてのコンポーネントはすでにインストールされています。「取消し」をクリックしてインストーラを終了します。
[2019-04-20 12:05:22.196]: NameResolver - to parse 使用可能なすべてのコンポーネントはすでにインストールされています。「取消し」をクリックしてインストーラを終了します。
[2019-04-20 12:05:24.203]: NameResolver - to parse 使用可能なすべてのコンポーネントはすでにインストールされています。「取消し」をクリックしてインストーラを終了します。
[2019-04-20 12:05:26.211]: NameResolver - to parse 使用可能なすべてのコンポーネントはすでにインストールされています。「取消し」をクリックしてインストーラを終了します。
[2019-04-20 12:05:28.218]: NameResolver - to parse 使用可能なすべてのコンポーネントはすでにインストールされています。「取消し」をクリックしてインストーラを終了します。
[2019-04-20 12:05:30.227]: NameResolver - to parse 使用可能なすべてのコンポーネントはすでにインストールされています。「取消し」をクリックしてインストーラを終了します。
[2019-04-20 12:05:32.234]: NameResolver - to parse 使用可能なすべてのコンポーネントはすでにインストールされています。「取消し」をクリックしてインストーラを終了します。
[2019-04-20 12:05:34.243]: NameResolver - to parse 使用可能なすべてのコンポーネントはすでにインストールされています。「取消し」をクリックしてインストーラを終了します。
[2019-04-20 12:05:36.253]: NameResolver - to parse 使用可能なすべてのコンポーネントはすでにインストールされています。「取消し」をクリックしてインストーラを終了します。
[2019-04-20 12:05:38.263]: NameResolver - to parse 使用可能なすべてのコンポーネントはすでにインストールされています。「取消し」をクリックしてインストーラを終了します。
[2019-04-20 12:05:40.276]: NameResolver - to parse 使用可能なすべてのコンポーネントはすでにインストールされています。「取消し」をクリックしてインストーラを終了します。
[2019-04-20 12:05:42.286]: NameResolver - to parse 使用可能なすべてのコンポーネントはすでにインストールされています。「取消し」をクリックしてインストーラを終了します。
[2019-04-20 12:05:44.295]: NameResolver - to parse 使用可能なすべてのコンポーネントはすでにインストールされています。「取消し」をクリックしてインストーラを終了します。
[2019-04-20 12:05:46.308]: NameResolver - to parse 使用可能なすべてのコンポーネントはすでにインストールされています。「取消し」をクリックしてインストーラを終了します。
[2019-04-20 12:05:48.334]: NameResolver - to parse 使用可能なすべてのコンポーネントはすでにインストールされています。「取消し」をクリックしてインストーラを終了します。
[2019-04-20 12:05:50.344]: NameResolver - to parse 使用可能なすべてのコンポーネントはすでにインストールされています。「取消し」をクリックしてインストーラを終了します。
[2019-04-20 12:05:52.355]: NameResolver - to parse 使用可能なすべてのコンポーネントはすでにインストールされています。「取消し」をクリックしてインストーラを終了します。
[2019-04-20 12:05:54.364]: NameResolver - to parse 使用可能なすべてのコンポーネントはすでにインストールされています。「取消し」をクリックしてインストーラを終了します。
[2019-04-20 12:05:56.376]: NameResolver - to parse 使用可能なすべてのコンポーネントはすでにインストールされています。「取消し」をクリックしてインストーラを終了します。
[2019-04-20 12:05:58.386]: NameResolver - to parse 使用可能なすべてのコンポーネントはすでにインストールされています。「取消し」をクリックしてインストーラを終了します。
[2019-04-20 12:06:00.396]: NameResolver - to parse 使用可能なすべてのコンポーネントはすでにインストールされています。「取消し」をクリックしてインストーラを終了します。
[2019-04-20 12:06:02.408]: NameResolver - to parse 使用可能なすべてのコンポーネントはすでにインストールされています。「取消し」をクリックしてインストーラを終了します。
[2019-04-20 12:06:04.418]: NameResolver - to parse 使用可能なすべてのコンポーネントはすでにインストールされています。「取消し」をクリックしてインストーラを終了します。
[2019-04-20 12:06:06.428]: NameResolver - to parse 使用可能なすべてのコンポーネントはすでにインストールされています。「取消し」をクリックしてインストーラを終了します。
[2019-04-20 12:06:08.439]: NameResolver - to parse 使用可能なすべてのコンポーネントはすでにインストールされています。「取消し」をクリックしてインストーラを終了します。
[2019-04-20 12:06:10.449]: NameResolver - to parse 使用可能なすべてのコンポーネントはすでにインストールされています。「取消し」をクリックしてインストーラを終了します。
[2019-04-20 12:06:12.460]: NameResolver - to parse 使用可能なすべてのコンポーネントはすでにインストールされています。「取消し」をクリックしてインストーラを終了します。
[2019-04-20 12:06:14.471]: NameResolver - to parse 使用可能なすべてのコンポーネントはすでにインストールされています。「取消し」をクリックしてインストーラを終了します。
[2019-04-20 12:06:16.480]: NameResolver - to parse 使用可能なすべてのコンポーネントはすでにインストールされています。「取消し」をクリックしてインストーラを終了します。
[2019-04-20 12:06:18.492]: NameResolver - to parse 使用可能なすべてのコンポーネントはすでにインストールされています。「取消し」をクリックしてインストーラを終了します。
[2019-04-20 12:06:20.497]: NameResolver - to parse 使用可能なすべてのコンポーネントはすでにインストールされています。「取消し」をクリックしてインストーラを終了します。
[2019-04-20 12:06:22.512]: NameResolver - to parse 使用可能なすべてのコンポーネントはすでにインストールされています。「取消し」をクリックしてインストーラを終了します。
[2019-04-20 12:06:24.520]: NameResolver - to parse 使用可能なすべてのコンポーネントはすでにインストールされています。「取消し」をクリックしてインストーラを終了します。
[2019-04-20 12:06:26.529]: NameResolver - to parse 使用可能なすべてのコンポーネントはすでにインストールされています。「取消し」をクリックしてインストーラを終了します。
[2019-04-20 12:06:28.541]: NameResolver - to parse 使用可能なすべてのコンポーネントはすでにインストールされています。「取消し」をクリックしてインストーラを終了します。
[2019-04-20 12:06:30.552]: NameResolver - to parse 使用可能なすべてのコンポーネントはすでにインストールされています。「取消し」をクリックしてインストーラを終了します。
[2019-04-20 12:06:32.561]: NameResolver - to parse 使用可能なすべてのコンポーネントはすでにインストールされています。「取消し」をクリックしてインストーラを終了します。
[2019-04-20 12:06:34.574]: NameResolver - to parse 使用可能なすべてのコンポーネントはすでにインストールされています。「取消し」をクリックしてインストーラを終了します。
[2019-04-20 12:06:36.583]: NameResolver - to parse 使用可能なすべてのコンポーネントはすでにインストールされています。「取消し」をクリックしてインストーラを終了します。
[2019-04-20 12:06:38.593]: NameResolver - to parse 使用可能なすべてのコンポーネントはすでにインストールされています。「取消し」をクリックしてインストーラを終了します。
[2019-04-20 12:06:40.605]: NameResolver - to parse 使用可能なすべてのコンポーネントはすでにインストールされています。「取消し」をクリックしてインストーラを終了します。
[2019-04-20 12:06:42.615]: NameResolver - to parse 使用可能なすべてのコンポーネントはすでにインストールされています。「取消し」をクリックしてインストーラを終了します。
[2019-04-20 12:06:44.625]: NameResolver - to parse 使用可能なすべてのコンポーネントはすでにインストールされています。「取消し」をクリックしてインストーラを終了します。
[2019-04-20 12:06:46.638]: NameResolver - to parse 使用可能なすべてのコンポーネントはすでにインストールされています。「取消し」をクリックしてインストーラを終了します。
[2019-04-20 12:06:48.648]: NameResolver - to parse 使用可能なすべてのコンポーネントはすでにインストールされています。「取消し」をクリックしてインストーラを終了します。
[2019-04-20 12:06:50.659]: NameResolver - to parse 使用可能なすべてのコンポーネントはすでにインストールされています。「取消し」をクリックしてインストーラを終了します。
[2019-04-20 12:06:52.671]: NameResolver - to parse 使用可能なすべてのコンポーネントはすでにインストールされています。「取消し」をクリックしてインストーラを終了します。
[2019-04-20 12:06:54.680]: NameResolver - to parse 使用可能なすべてのコンポーネントはすでにインストールされています。「取消し」をクリックしてインストーラを終了します。
[2019-04-20 12:06:56.691]: NameResolver - to parse 使用可能なすべてのコンポーネントはすでにインストールされています。「取消し」をクリックしてインストーラを終了します。
[2019-04-20 12:06:58.703]: NameResolver - to parse 使用可能なすべてのコンポーネントはすでにインストールされています。「取消し」をクリックしてインストーラを終了します。
[2019-04-20 12:07:00.711]: NameResolver - to parse 使用可能なすべてのコンポーネントはすでにインストールされています。「取消し」をクリックしてインストーラを終了します。
[2019-04-20 12:07:02.724]: NameResolver - to parse 使用可能なすべてのコンポーネントはすでにインストールされています。「取消し」をクリックしてインストーラを終了します。
[2019-04-20 12:07:04.734]: NameResolver - to parse 使用可能なすべてのコンポーネントはすでにインストールされています。「取消し」をクリックしてインストーラを終了します。
[2019-04-20 12:07:06.744]: NameResolver - to parse 使用可能なすべてのコンポーネントはすでにインストールされています。「取消し」をクリックしてインストーラを終了します。
[2019-04-20 12:07:08.755]: NameResolver - to parse 使用可能なすべてのコンポーネントはすでにインストールされています。「取消し」をクリックしてインストーラを終了します。
[2019-04-20 12:07:10.763]: NameResolver - to parse 使用可能なすべてのコンポーネントはすでにインストールされています。「取消し」をクリックしてインストーラを終了します。
[2019-04-20 12:07:12.774]: NameResolver - to parse 使用可能なすべてのコンポーネントはすでにインストールされています。「取消し」をクリックしてインストーラを終了します。
[2019-04-20 12:07:14.784]: NameResolver - to parse 使用可能なすべてのコンポーネントはすでにインストールされています。「取消し」をクリックしてインストーラを終了します。
[2019-04-20 12:07:16.793]: NameResolver - to parse 使用可能なすべてのコンポーネントはすでにインストールされています。「取消し」をクリックしてインストーラを終了します。
[2019-04-20 12:07:18.804]: NameResolver - to parse 使用可能なすべてのコンポーネントはすでにインストールされています。「取消し」をクリックしてインストーラを終了します。
[2019-04-20 12:07:20.813]: NameResolver - to parse 使用可能なすべてのコンポーネントはすでにインストールされています。「取消し」をクリックしてインストーラを終了します。
[2019-04-20 12:07:22.825]: NameResolver - to parse 使用可能なすべてのコンポーネントはすでにインストールされています。「取消し」をクリックしてインストーラを終了します。
[2019-04-20 12:07:24.835]: NameResolver - to parse 使用可能なすべてのコンポーネントはすでにインストールされています。「取消し」をクリックしてインストーラを終了します。
[2019-04-20 12:07:26.844]: NameResolver - to parse 使用可能なすべてのコンポーネントはすでにインストールされています。「取消し」をクリックしてインストーラを終了します。
[2019-04-20 12:07:28.857]: NameResolver - to parse 使用可能なすべてのコンポーネントはすでにインストールされています。「取消し」をクリックしてインストーラを終了します。
[2019-04-20 12:07:30.868]: NameResolver - to parse 使用可能なすべてのコンポーネントはすでにインストールされています。「取消し」をクリックしてインストーラを終了します。
[2019-04-20 12:07:32.876]: NameResolver - to parse 使用可能なすべてのコンポーネントはすでにインストールされています。「取消し」をクリックしてインストーラを終了します。
[2019-04-20 12:07:34.890]: NameResolver - to parse 使用可能なすべてのコンポーネントはすでにインストールされています。「取消し」をクリックしてインストーラを終了します。
[2019-04-20 12:07:36.897]: NameResolver - to parse 使用可能なすべてのコンポーネントはすでにインストールされています。「取消し」をクリックしてインストーラを終了します。
[2019-04-20 12:07:38.908]: NameResolver - to parse 使用可能なすべてのコンポーネントはすでにインストールされています。「取消し」をクリックしてインストーラを終了します。
[2019-04-20 12:07:40.920]: NameResolver - to parse 使用可能なすべてのコンポーネントはすでにインストールされています。「取消し」をクリックしてインストーラを終了します。
[2019-04-20 12:07:42.929]: NameResolver - to parse 使用可能なすべてのコンポーネントはすでにインストールされています。「取消し」をクリックしてインストーラを終了します。
[2019-04-20 12:07:44.940]: NameResolver - to parse 使用可能なすべてのコンポーネントはすでにインストールされています。「取消し」をクリックしてインストーラを終了します。
[2019-04-20 12:07:46.950]: NameResolver - to parse 使用可能なすべてのコンポーネントはすでにインストールされています。「取消し」をクリックしてインストーラを終了します。
[2019-04-20 12:07:48.959]: NameResolver - to parse 使用可能なすべてのコンポーネントはすでにインストールされています。「取消し」をクリックしてインストーラを終了します。
[2019-04-20 12:07:50.970]: NameResolver - to parse 使用可能なすべてのコンポーネントはすでにインストールされています。「取消し」をクリックしてインストーラを終了します。
[2019-04-20 12:07:52.979]: NameResolver - to parse 使用可能なすべてのコンポーネントはすでにインストールされています。「取消し」をクリックしてインストーラを終了します。
[2019-04-20 12:07:54.996]: NameResolver - to parse 使用可能なすべてのコンポーネントはすでにインストールされています。「取消し」をクリックしてインストーラを終了します。
[2019-04-20 12:07:56.998]: NameResolver - to parse 使用可能なすべてのコンポーネントはすでにインストールされています。「取消し」をクリックしてインストーラを終了します。
[2019-04-20 12:07:59.008]: NameResolver - to parse 使用可能なすべてのコンポーネントはすでにインストールされています。「取消し」をクリックしてインストーラを終了します。
[2019-04-20 12:08:01.018]: NameResolver - to parse 使用可能なすべてのコンポーネントはすでにインストールされています。「取消し」をクリックしてインストーラを終了します。
[2019-04-20 12:08:03.028]: NameResolver - to parse 使用可能なすべてのコンポーネントはすでにインストールされています。「取消し」をクリックしてインストーラを終了します。
[2019-04-20 12:08:05.046]: NameResolver - to parse 使用可能なすべてのコンポーネントはすでにインストールされています。「取消し」をクリックしてインストーラを終了します。
[2019-04-20 12:08:07.051]: NameResolver - to parse 使用可能なすべてのコンポーネントはすでにインストールされています。「取消し」をクリックしてインストーラを終了します。
[2019-04-20 12:08:09.060]: NameResolver - to parse 使用可能なすべてのコンポーネントはすでにインストールされています。「取消し」をクリックしてインストーラを終了します。
[2019-04-20 12:08:11.071]: NameResolver - to parse 使用可能なすべてのコンポーネントはすでにインストールされています。「取消し」をクリックしてインストーラを終了します。
[2019-04-20 12:08:13.079]: NameResolver - to parse 使用可能なすべてのコンポーネントはすでにインストールされています。「取消し」をクリックしてインストーラを終了します。
[2019-04-20 12:08:15.093]: NameResolver - to parse 使用可能なすべてのコンポーネントはすでにインストールされています。「取消し」をクリックしてインストーラを終了します。
[2019-04-20 12:08:17.099]: NameResolver - to parse 使用可能なすべてのコンポーネントはすでにインストールされています。「取消し」をクリックしてインストーラを終了します。
[2019-04-20 12:08:19.107]: NameResolver - to parse 使用可能なすべてのコンポーネントはすでにインストールされています。「取消し」をクリックしてインストーラを終了します。
[2019-04-20 12:08:21.116]: NameResolver - to parse 使用可能なすべてのコンポーネントはすでにインストールされています。「取消し」をクリックしてインストーラを終了します。
[2019-04-20 12:08:23.128]: NameResolver - to parse 使用可能なすべてのコンポーネントはすでにインストールされています。「取消し」をクリックしてインストーラを終了します。
[2019-04-20 12:08:25.139]: NameResolver - to parse 使用可能なすべてのコンポーネントはすでにインストールされています。「取消し」をクリックしてインストーラを終了します。
[2019-04-20 12:08:27.147]: NameResolver - to parse 使用可能なすべてのコンポーネントはすでにインストールされています。「取消し」をクリックしてインストーラを終了します。
[2019-04-20 12:08:29.160]: NameResolver - to parse 使用可能なすべてのコンポーネントはすでにインストールされています。「取消し」をクリックしてインストーラを終了します。
[2019-04-20 12:08:31.171]: NameResolver - to parse 使用可能なすべてのコンポーネントはすでにインストールされています。「取消し」をクリックしてインストーラを終了します。
[2019-04-20 12:08:33.181]: NameResolver - to parse 使用可能なすべてのコンポーネントはすでにインストールされています。「取消し」をクリックしてインストーラを終了します。
[2019-04-20 12:08:35.193]: NameResolver - to parse 使用可能なすべてのコンポーネントはすでにインストールされています。「取消し」をクリックしてインストーラを終了します。
[2019-04-20 12:08:37.205]: NameResolver - to parse 使用可能なすべてのコンポーネントはすでにインストールされています。「取消し」をクリックしてインストーラを終了します。
[2019-04-20 12:08:39.215]: NameResolver - to parse 使用可能なすべてのコンポーネントはすでにインストールされています。「取消し」をクリックしてインストーラを終了します。
[2019-04-20 12:08:41.227]: NameResolver - to parse 使用可能なすべてのコンポーネントはすでにインストールされています。「取消し」をクリックしてインストーラを終了します。
[2019-04-20 12:08:43.237]: NameResolver - to parse 使用可能なすべてのコンポーネントはすでにインストールされています。「取消し」をクリックしてインストーラを終了します。
[2019-04-20 12:08:45.246]: NameResolver - to parse 使用可能なすべてのコンポーネントはすでにインストールされています。「取消し」をクリックしてインストーラを終了します。
[2019-04-20 12:08:47.259]: NameResolver - to parse 使用可能なすべてのコンポーネントはすでにインストールされています。「取消し」をクリックしてインストーラを終了します。
[2019-04-20 12:08:49.270]: NameResolver - to parse 使用可能なすべてのコンポーネントはすでにインストールされています。「取消し」をクリックしてインストーラを終了します。
[2019-04-20 12:08:51.278]: NameResolver - to parse 使用可能なすべてのコンポーネントはすでにインストールされています。「取消し」をクリックしてインストーラを終了します。
[2019-04-20 12:08:53.286]: NameResolver - to parse 使用可能なすべてのコンポーネントはすでにインストールされています。「取消し」をクリックしてインストーラを終了します。
[2019-04-20 12:08:55.294]: NameResolver - to parse 使用可能なすべてのコンポーネントはすでにインストールされています。「取消し」をクリックしてインストーラを終了します。
[2019-04-20 12:08:57.300]: NameResolver - to parse 使用可能なすべてのコンポーネントはすでにインストールされています。「取消し」をクリックしてインストーラを終了します。
[2019-04-20 12:08:59.309]: NameResolver - to parse 使用可能なすべてのコンポーネントはすでにインストールされています。「取消し」をクリックしてインストーラを終了します。
[2019-04-20 12:09:01.314]: NameResolver - to parse 使用可能なすべてのコンポーネントはすでにインストールされています。「取消し」をクリックしてインストーラを終了します。
[2019-04-20 12:09:01.769]: NameResolver - to parse 取消
[2019-04-20 12:09:01.769]: NameResolver - to parse 本当に取消しますか?
[2019-04-20 12:09:01.769]: ... showing Yes/No dialog
[2019-04-20 12:09:01.769]:     title: 取消
[2019-04-20 12:09:01.769]:     message: 本当に取消しますか?
[2019-04-20 12:09:03.638]: ... dialog closed, choice : yes
