[2019-04-18 01:09:16.281]: entering -- org.netbeans.installer.Installer.main():81
[2019-04-18 01:09:16.304]: initializing the installer engine
[2019-04-18 01:09:16.304]:     entering -- org.netbeans.installer.Installer.<init>():116
[2019-04-18 01:09:16.304]:     ... initializing ErrorHandler
[2019-04-18 01:09:16.312]:     ... end of ErrorHandler initialization
[2019-04-18 01:09:16.313]:     exiting -- org.netbeans.installer.Installer.<init>():116
[2019-04-18 01:09:16.313]:     entering -- org.netbeans.installer.Installer.<init>():117
[2019-04-18 01:09:16.313]:     dumping target system information
[2019-04-18 01:09:16.313]:         system properties:
[2019-04-18 01:09:16.320]:             awt.toolkit => sun.awt.windows.WToolkit
[2019-04-18 01:09:16.320]:             file.encoding => MS932
[2019-04-18 01:09:16.320]:             file.encoding.pkg => sun.io
[2019-04-18 01:09:16.320]:             file.separator => \
[2019-04-18 01:09:16.320]:             java.awt.graphicsenv => sun.awt.Win32GraphicsEnvironment
[2019-04-18 01:09:16.320]:             java.awt.printerjob => sun.awt.windows.WPrinterJob
[2019-04-18 01:09:16.320]:             java.class.path => C:\Users\Owner\AppData\Local\Temp\\NBI76772.tmp\bundle.jar
[2019-04-18 01:09:16.320]:             java.class.version => 52.0
[2019-04-18 01:09:16.320]:             java.endorsed.dirs => C:\Program Files (x86)\Java\jre1.8.0_171\lib\endorsed
[2019-04-18 01:09:16.320]:             java.ext.dirs => C:\Program Files (x86)\Java\jre1.8.0_171\lib\ext;C:\WINDOWS\Sun\Java\lib\ext
[2019-04-18 01:09:16.320]:             java.home => C:\Program Files (x86)\Java\jre1.8.0_171
[2019-04-18 01:09:16.320]:             java.io.tmpdir => C:\Users\Owner\AppData\Local\Temp\
[2019-04-18 01:09:16.320]:             java.library.path => C:\Program Files (x86)\Java\jre1.8.0_171\bin;C:\WINDOWS\Sun\Java\bin;C:\WINDOWS\system32;C:\WINDOWS;C:\Program Files\Java\jdk1.8.0_131\bin;C:\Users\Owner\AppData\Local\Microsoft\WindowsApps;.
[2019-04-18 01:09:16.320]:             java.runtime.name => Java(TM) SE Runtime Environment
[2019-04-18 01:09:16.320]:             java.runtime.version => 1.8.0_171-b11
[2019-04-18 01:09:16.320]:             java.specification.name => Java Platform API Specification
[2019-04-18 01:09:16.320]:             java.specification.vendor => Oracle Corporation
[2019-04-18 01:09:16.320]:             java.specification.version => 1.8
[2019-04-18 01:09:16.320]:             java.vendor => Oracle Corporation
[2019-04-18 01:09:16.320]:             java.vendor.url => http://java.oracle.com/
[2019-04-18 01:09:16.320]:             java.vendor.url.bug => http://bugreport.sun.com/bugreport/
[2019-04-18 01:09:16.320]:             java.version => 1.8.0_171
[2019-04-18 01:09:16.320]:             java.vm.info => mixed mode, sharing
[2019-04-18 01:09:16.320]:             java.vm.name => Java HotSpot(TM) Client VM
[2019-04-18 01:09:16.320]:             java.vm.specification.name => Java Virtual Machine Specification
[2019-04-18 01:09:16.320]:             java.vm.specification.vendor => Oracle Corporation
[2019-04-18 01:09:16.320]:             java.vm.specification.version => 1.8
[2019-04-18 01:09:16.320]:             java.vm.vendor => Oracle Corporation
[2019-04-18 01:09:16.320]:             java.vm.version => 25.171-b11
[2019-04-18 01:09:16.320]:             line.separator => 
[2019-04-18 01:09:16.320]:             netbeans.default_cachedir_root => C:\Users\Owner\AppData\Local\NetBeans\Cache
[2019-04-18 01:09:16.320]:             netbeans.default_userdir_root => C:\Users\Owner\AppData\Roaming\NetBeans
[2019-04-18 01:09:16.320]:             os.arch => x86
[2019-04-18 01:09:16.320]:             os.name => Windows 10
[2019-04-18 01:09:16.320]:             os.version => 10.0
[2019-04-18 01:09:16.320]:             path.separator => ;
[2019-04-18 01:09:16.320]:             sun.arch.data.model => 32
[2019-04-18 01:09:16.336]:             sun.boot.class.path => C:\Program Files (x86)\Java\jre1.8.0_171\lib\resources.jar;C:\Program Files (x86)\Java\jre1.8.0_171\lib\rt.jar;C:\Program Files (x86)\Java\jre1.8.0_171\lib\sunrsasign.jar;C:\Program Files (x86)\Java\jre1.8.0_171\lib\jsse.jar;C:\Program Files (x86)\Java\jre1.8.0_171\lib\jce.jar;C:\Program Files (x86)\Java\jre1.8.0_171\lib\charsets.jar;C:\Program Files (x86)\Java\jre1.8.0_171\lib\jfr.jar;C:\Program Files (x86)\Java\jre1.8.0_171\classes
[2019-04-18 01:09:16.336]:             sun.boot.library.path => C:\Program Files (x86)\Java\jre1.8.0_171\bin
[2019-04-18 01:09:16.336]:             sun.cpu.endian => little
[2019-04-18 01:09:16.337]:             sun.cpu.isalist => pentium_pro+mmx pentium_pro pentium+mmx pentium i486 i386 i86
[2019-04-18 01:09:16.337]:             sun.desktop => windows
[2019-04-18 01:09:16.337]:             sun.io.unicode.encoding => UnicodeLittle
[2019-04-18 01:09:16.337]:             sun.java.command => org.netbeans.installer.Installer
[2019-04-18 01:09:16.337]:             sun.java.launcher => SUN_STANDARD
[2019-04-18 01:09:16.337]:             sun.jnu.encoding => MS932
[2019-04-18 01:09:16.337]:             sun.management.compiler => HotSpot Client Compiler
[2019-04-18 01:09:16.337]:             sun.os.patch.level => 
[2019-04-18 01:09:16.337]:             user.country => JP
[2019-04-18 01:09:16.337]:             user.dir => C:\Users\Owner\Desktop
[2019-04-18 01:09:16.337]:             user.home => C:\Users\Owner
[2019-04-18 01:09:16.337]:             user.language => ja
[2019-04-18 01:09:16.337]:             user.name => Owner
[2019-04-18 01:09:16.337]:             user.script => 
[2019-04-18 01:09:16.337]:             user.timezone => Asia/Tokyo
[2019-04-18 01:09:16.337]:             user.variant => 
[2019-04-18 01:09:16.337]:     ... end of target system information
[2019-04-18 01:09:16.337]:     exiting -- org.netbeans.installer.Installer.<init>():117
[2019-04-18 01:09:16.462]:     loading jni library
[2019-04-18 01:09:16.462]:         library resource path: native/jnilib/windows/windows-x86.dll
[2019-04-18 01:09:17.091]:         library file path: C:\Users\Owner\AppData\Local\Temp\nbi-224563433484666161.tmp
[2019-04-18 01:09:17.141]:         ... successfully loaded the library
[2019-04-18 01:09:17.160]:     entering -- org.netbeans.installer.Installer.<init>():122
[2019-04-18 01:09:17.160]:     parsing command-line arguments
[2019-04-18 01:09:17.172]:         ... no command line arguments were specified
[2019-04-18 01:09:17.172]:     ... finished parsing command line arguments
[2019-04-18 01:09:17.172]:     exiting -- org.netbeans.installer.Installer.<init>():122
[2019-04-18 01:09:17.172]:     entering -- org.netbeans.installer.Installer.<init>():123
[2019-04-18 01:09:17.172]:     loading engine properties
[2019-04-18 01:09:17.172]:         loading engine properties
[2019-04-18 01:09:17.172]:             loading NWP.welcome.page.type => javaee
[2019-04-18 01:09:17.172]:             loading nbi.wizard.ui.swing.frame.title.prefix => NetBeans IDEのインストーラ
[2019-04-18 01:09:17.172]:             loading nbi.product.suggest.install => true
[2019-04-18 01:09:17.172]:             loading nbi.wizard.ui.swing.frame.width.gtk => 704
[2019-04-18 01:09:17.172]:             loading nbi.wizard.ui.swing.frame.minimum.width.nimbus => 624
[2019-04-18 01:09:17.172]:             loading nbi.wizard.ui.swing.frame.minimum.height.nimbus => 512
[2019-04-18 01:09:17.172]:             loading nbi.wizard.ui.swing.frame.width.win.xp => 600
[2019-04-18 01:09:17.172]:             loading nbi.overall.license.jdk5.resource => org/netbeans/installer/product/components/netbeans-license-jdk5.txt
[2019-04-18 01:09:17.172]:             loading nbi.wizard.ui.swing.frame.minimum.width.default => 600
[2019-04-18 01:09:17.172]:             loading nbi.wizard.ui.swing.frame.minimum.height.aqua => 480
[2019-04-18 01:09:17.172]:             loading nbi.wizard.ui.swing.frame.minimum.height.default => 500
[2019-04-18 01:09:17.172]:             loading nbi.overall.license.mysql.resource => org/netbeans/installer/product/components/netbeans-license-mysql.txt
[2019-04-18 01:09:17.172]:             loading nbi.wizard.ui.swing.frame.icon => resource:org/netbeans/installer/wizard/wizard-icon.png
[2019-04-18 01:09:17.172]:             loading nbi.wizard.ui.swing.frame.minimum.height.gtk => 528
[2019-04-18 01:09:17.172]:             loading nbi.wizard.ui.swing.frame.width.aqua => 640
[2019-04-18 01:09:17.172]:             loading nbi.wizard.ui.swing.frame.minimum.height.motif => 470
[2019-04-18 01:09:17.172]:             loading nbi.wizard.ui.swing.welcome.left.bottom.image => resource:org/netbeans/installer/wizard/components/panels/netbeans/resources/welcome-left-bottom.png
[2019-04-18 01:09:17.172]:             loading nbi.wizard.ui.swing.frame.height.gtk => 528
[2019-04-18 01:09:17.172]:             loading nbi.wizard.ui.swing.frame.minimum.width.motif => 624
[2019-04-18 01:09:17.172]:             loading nbi.wizard.ui.swing.frame.minimum.width.gtk => 704
[2019-04-18 01:09:17.172]:             loading nbi.junit.license.resource => org/netbeans/installer/product/components/junit-license.txt
[2019-04-18 01:09:17.172]:             loading nbi.wizard.ui.swing.frame.width.metal => 624
[2019-04-18 01:09:17.172]:             loading nbi.wizard.ui.swing.frame.height.win.xp => 450
[2019-04-18 01:09:17.172]:             loading nbi.wizard.ui.swing.frame.height.nimbus => 512
[2019-04-18 01:09:17.172]:             loading nbi.overall.license.javafx.resource => org/netbeans/installer/product/components/netbeans-license-javafx.txt
[2019-04-18 01:09:17.172]:             loading nbi.wizard.ui.swing.frame.minimum.width.aqua => 640
[2019-04-18 01:09:17.172]:             loading nbi.wizard.ui.swing.frame.width.default => 600
[2019-04-18 01:09:17.172]:             loading nbi.wizard.ui.swing.frame.head.right.image => resource:org/netbeans/installer/wizard/wizard-description-background.png
[2019-04-18 01:09:17.172]:             loading nbi.wizard.ui.swing.frame.minimum.height.win.xp => 450
[2019-04-18 01:09:17.172]:             loading nbi.wizard.ui.swing.frame.width.nimbus => 624
[2019-04-18 01:09:17.172]:             loading nbi.wizard.ui.swing.frame.minimum.height.win.classic => 442
[2019-04-18 01:09:17.172]:             loading nbi.overall.license.jtb.resource => org/netbeans/installer/product/components/netbeans-license-jtb.txt
[2019-04-18 01:09:17.172]:             loading nbi.wizard.ui.swing.frame.height.motif => 470
[2019-04-18 01:09:17.172]:             loading nbi.wizard.ui.swing.frame.height.aqua => 480
[2019-04-18 01:09:17.172]:             loading nbi.wizard.ui.swing.frame.minimum.width.win.xp => 600
[2019-04-18 01:09:17.172]:             loading nbi.overall.license.jdk6.resource => org/netbeans/installer/product/components/netbeans-license-jdk6.txt
[2019-04-18 01:09:17.172]:             loading nbi.wizard.ui.swing.frame.width.motif => 624
[2019-04-18 01:09:17.172]:             loading nbi.product.remove.corrupted.products.silently => true
[2019-04-18 01:09:17.172]:             loading nbi.wizard.ui.swing.frame.minimum.width.win.classic => 588
[2019-04-18 01:09:17.172]:             loading nbi.overall.license.resource => org/netbeans/installer/product/components/netbeans-license.txt
[2019-04-18 01:09:17.172]:             loading nbi.macosx.application.directory.name => NetBeans IDE Installer
[2019-04-18 01:09:17.172]:             loading nbi.wizard.ui.swing.frame.minimum.width.metal => 624
[2019-04-18 01:09:17.172]:             loading nbi.wizard.ui.swing.frame.height.metal => 470
[2019-04-18 01:09:17.172]:             loading nbi.wizard.ui.swing.frame.height.win.classic => 442
[2019-04-18 01:09:17.172]:             loading nbi.wizard.ui.swing.frame.height.default => 500
[2019-04-18 01:09:17.172]:             loading nbi.wizard.ui.swing.frame.title.pattern => {0}
[2019-04-18 01:09:17.172]:             loading nbi.wizard.ui.swing.frame.width.win.classic => 588
[2019-04-18 01:09:17.172]:             loading nbi.wizard.ui.swing.frame.minimum.height.metal => 470
[2019-04-18 01:09:17.188]:     ... finished loading engine properties
[2019-04-18 01:09:17.188]:     exiting -- org.netbeans.installer.Installer.<init>():123
[2019-04-18 01:09:17.188]:     initializing the local directory
[2019-04-18 01:09:17.188]:         ... custom local directory was not specified, using the default
[2019-04-18 01:09:17.188]:         ... local directory: C:\Users\Owner\.nbi
[2019-04-18 01:09:17.190]:     ... finished initializing local directory
[2019-04-18 01:09:17.233]:     entering -- org.netbeans.installer.Installer.<init>():129
[2019-04-18 01:09:17.249]:     ... initializing DownloadManager
[2019-04-18 01:09:17.280]:         file not exist, queue is empty!
[2019-04-18 01:09:17.303]:     ... end of initializing DownloadManager
[2019-04-18 01:09:17.303]:     exiting -- org.netbeans.installer.Installer.<init>():129
[2019-04-18 01:09:17.303]:     entering -- org.netbeans.installer.Installer.<init>():130
[2019-04-18 01:09:17.303]:     ... initializing Registry
[2019-04-18 01:09:17.341]:     ... end of initializing ErrorHandler
[2019-04-18 01:09:17.341]:     exiting -- org.netbeans.installer.Installer.<init>():130
[2019-04-18 01:09:17.341]:     entering -- org.netbeans.installer.Installer.<init>():131
[2019-04-18 01:09:17.357]:     ... initializing Wizard
[2019-04-18 01:09:18.071]:         ... loading registry from resource:data/registry.xml
[2019-04-18 01:09:18.320]:         entering -- org.netbeans.installer.product.Registry.loadProductRegistry():1001
[2019-04-18 01:09:18.320]:         validating previous installations
[2019-04-18 01:09:18.320]:         ... validating installations finished
[2019-04-18 01:09:18.320]:         exiting -- org.netbeans.installer.product.Registry.loadProductRegistry():1001
[2019-04-18 01:09:18.329]:         Can`t load message in bundle org.netbeans.installer.wizard.components.panels.netbeans.Bundle for key NPrISP.installation.folders using [sun.misc.Launcher$AppClassLoader@647e05] classloader
[2019-04-18 01:09:18.339]:     ... end of initializing Wizard
[2019-04-18 01:09:18.339]:     exiting -- org.netbeans.installer.Installer.<init>():131
[2019-04-18 01:09:18.339]:     creating lock file
[2019-04-18 01:09:18.340]:         ... created lock file: C:\Users\Owner\.nbi\.nbilock
[2019-04-18 01:09:18.340]:     finished creating lock file
[2019-04-18 01:09:18.340]: ... finished initializing the engine
[2019-04-18 01:09:18.340]: exiting -- org.netbeans.installer.Installer.main():81
[2019-04-18 01:09:18.340]: entering -- org.netbeans.installer.Installer.main():81
[2019-04-18 01:09:18.340]: starting the installer
[2019-04-18 01:09:18.345]:     ... initializing look and feel
[2019-04-18 01:09:18.345]:         ... custom look and feel class name was not specified, using system default
[2019-04-18 01:09:18.427]:         ... class name: com.sun.java.swing.plaf.windows.WindowsLookAndFeel
[2019-04-18 01:09:18.427]:         ... get installed L&Fs
[2019-04-18 01:09:18.444]:         ... set specified L&F
[2019-04-18 01:09:18.536]:         ... check headless
[2019-04-18 01:09:18.536]:         ... creating JFileChooser object to check possible issues with UI
[2019-04-18 01:09:21.761]:         ... getting default Toolkit to check possible issues with UI
[2019-04-18 01:09:21.761]:         ... creating JProgressBar object to check possible issues with UI
[2019-04-18 01:09:21.767]:         ... all UI checks done
[2019-04-18 01:09:21.767]:         ... L&F is set
[2019-04-18 01:09:21.767]:     ... initializing L&F finished
[2019-04-18 01:09:22.385]:     NameResolver - to parse ヘルプ(&H)
[2019-04-18 01:09:22.391]:     NameResolver - to parse < 戻る(&B)
[2019-04-18 01:09:22.392]:     NameResolver - to parse 次(&N) >
[2019-04-18 01:09:22.392]:     NameResolver - to parse 取消
[2019-04-18 01:09:22.398]:     NameResolver - to parse インストーラを構成しています...
[2019-04-18 01:09:22.399]:     NameResolver - to parse インストーラを構成しています...
[2019-04-18 01:09:22.405]:     NameResolver - to parse インストーラを構成しています...
[2019-04-18 01:09:22.405]:     NameResolver - to parse インストーラを構成しています...
[2019-04-18 01:09:22.405]:     NameResolver - to parse NetBeans IDEのインストーラを初期化しています。しばらくお待ちください。
[2019-04-18 01:09:22.483]:     NameResolver - to parse インストーラを構成しています...
[2019-04-18 01:09:22.483]:     NameResolver - to parse NetBeans IDEのインストーラを初期化しています。しばらくお待ちください。
[2019-04-18 01:09:22.491]: ... finished starting the installer
[2019-04-18 01:09:22.492]: exiting -- org.netbeans.installer.Installer.main():81
[2019-04-18 01:09:22.494]: NameResolver - to parse インストーラを構成しています...
[2019-04-18 01:09:22.502]: entering -- org.netbeans.installer.wizard.components.actions.InitializeRegistryAction.execute():73
[2019-04-18 01:09:22.502]: initializing product registry
[2019-04-18 01:09:22.502]:     entering -- org.netbeans.installer.product.Registry.initializeRegistry():190
[2019-04-18 01:09:22.502]:     initializing product registry properties
[2019-04-18 01:09:22.502]:         initializing local product cache directory
[2019-04-18 01:09:22.502]:         ... C:\Users\Owner\.nbi\product-cache
[2019-04-18 01:09:22.502]:         initializing local product registry file
[2019-04-18 01:09:22.502]:             ... C:\Users\Owner\.nbi\registry.xml
[2019-04-18 01:09:22.508]:             initializing local product registry stub uri
[2019-04-18 01:09:22.509]:             ... resource:org/netbeans/installer/product/default-registry.xml
[2019-04-18 01:09:22.510]:             initializing bundled product registry uri
[2019-04-18 01:09:22.511]:             ... resource:data/registry.xml
[2019-04-18 01:09:22.529]:             initializing product registry schema uri
[2019-04-18 01:09:22.544]:             ... resource:org/netbeans/installer/product/registry.xsd
[2019-04-18 01:09:22.545]:             initializing remote product registries uris
[2019-04-18 01:09:22.546]:             initializing state file schema uri
[2019-04-18 01:09:22.546]:             ... resource:org/netbeans/installer/product/state-file.xsd
[2019-04-18 01:09:22.547]:             initializing default state file uri
[2019-04-18 01:09:22.547]:             ... resource:org/netbeans/installer/product/default-state-file.xml
[2019-04-18 01:09:22.548]:             initializing target platform
[2019-04-18 01:09:22.548]:             ... windows-x86
[2019-04-18 01:09:22.548]:     initializing product registry properties
[2019-04-18 01:09:22.548]:     exiting -- org.netbeans.installer.product.Registry.initializeRegistry():190
[2019-04-18 01:09:22.561]:     ... loading registry from file:/C:/Users/Owner/.nbi/registry.xml
[2019-04-18 01:09:22.632]:     entering -- org.netbeans.installer.product.Registry.loadProductRegistry():1001
[2019-04-18 01:09:22.632]:     validating previous installations
[2019-04-18 01:09:23.042]:         NameResolver - to parse C:\Program Files (x86)\NetBeans 8.2
[2019-04-18 01:09:23.160]:         NameResolver - to parse C:\Program Files (x86)\NetBeans 8.2
[2019-04-18 01:09:23.196]:         NameResolver - to parse C:\Program Files (x86)\NetBeans 8.2
[2019-04-18 01:09:23.261]:         NameResolver - to parse C:\Program Files (x86)\NetBeans 8.2
[2019-04-18 01:09:23.344]:         NameResolver - to parse C:\Program Files (x86)\NetBeans 8.2
[2019-04-18 01:09:23.514]:         NameResolver - to parse C:\Program Files (x86)\glassfish-4.1.1
[2019-04-18 01:09:23.594]:         NameResolver - to parse C:\Program Files (x86)\Apache Software Foundation\Apache Tomcat 8.0.27
[2019-04-18 01:09:23.616]:     ... validating installations finished
[2019-04-18 01:09:23.616]:     exiting -- org.netbeans.installer.product.Registry.loadProductRegistry():1001
[2019-04-18 01:09:23.616]:     ... loading registry from resource:data/registry.xml
[2019-04-18 01:09:23.661]:     entering -- org.netbeans.installer.product.Registry.loadProductRegistry():1001
[2019-04-18 01:09:23.661]:     validating previous installations
[2019-04-18 01:09:23.661]:         NameResolver - to parse C:\Program Files (x86)\NetBeans 8.2
[2019-04-18 01:09:23.661]:         NameResolver - to parse C:\Program Files (x86)\NetBeans 8.2
[2019-04-18 01:09:23.661]:         NameResolver - to parse C:\Program Files (x86)\NetBeans 8.2
[2019-04-18 01:09:23.661]:         NameResolver - to parse C:\Program Files (x86)\NetBeans 8.2
[2019-04-18 01:09:23.661]:         NameResolver - to parse C:\Program Files (x86)\NetBeans 8.2
[2019-04-18 01:09:23.661]:         NameResolver - to parse C:\Program Files (x86)\glassfish-4.1.1
[2019-04-18 01:09:23.661]:         NameResolver - to parse C:\Program Files (x86)\Apache Software Foundation\Apache Tomcat 8.0.27
[2019-04-18 01:09:23.661]:     ... validating installations finished
[2019-04-18 01:09:23.661]:     exiting -- org.netbeans.installer.product.Registry.loadProductRegistry():1001
[2019-04-18 01:09:23.675]: ... product registry initialization complete
[2019-04-18 01:09:23.675]: exiting -- org.netbeans.installer.wizard.components.actions.InitializeRegistryAction.execute():73
[2019-04-18 01:09:23.676]: ... bundledProductSkip = null
[2019-04-18 01:09:23.677]: ... bundledProductToInstall = null
[2019-04-18 01:09:23.695]: NameResolver - to parse resource:org/netbeans/installer/wizard/components/panels/netbeans/resources/welcome-left-bottom.png
[2019-04-18 01:09:23.703]: NameResolver - to parse {0}<span style="color: gray">(インストール済み)</span><br>
[2019-04-18 01:09:23.793]: NameResolver - to parse {0}<span style="color: gray">(インストール済み)</span><br>
[2019-04-18 01:09:23.801]: NameResolver - to parse ヘルプ(&H)
[2019-04-18 01:09:23.817]: NameResolver - to parse < 戻る(&B)
[2019-04-18 01:09:23.818]: NameResolver - to parse 次(&N) >
[2019-04-18 01:09:23.818]: NameResolver - to parse 取消
[2019-04-18 01:09:23.819]: NameResolver - to parse <html><h2 style=''color: #FF8E00; bold''>NetBeans IDE 8.2インストーラへようこそ</h2>
[2019-04-18 01:09:23.819]: NameResolver - to parse </html>
[2019-04-18 01:09:23.820]: NameResolver - to parse text/html
[2019-04-18 01:09:23.828]: NameResolver - to parse <html>
[2019-04-18 01:09:23.828]: NameResolver - to parse このインストーラは、NetBeans IDE、Java EEパック、および選択したアプリケーション・サーバーをインストールします。<br><br>IDEとともにインストールするアプリケーション・サーバーを選択:<br><br>
[2019-04-18 01:09:23.830]: NameResolver - to parse text/html
[2019-04-18 01:09:23.837]: NameResolver - to parse <html>
[2019-04-18 01:09:23.837]: NameResolver - to parse </html>
[2019-04-18 01:09:23.837]: NameResolver - to parse text/html
[2019-04-18 01:09:23.843]: NameResolver - to parse カスタマイズ(&C)...
[2019-04-18 01:09:23.851]: NameResolver - to parse 使用可能なすべてのコンポーネントはすでにインストールされています。「取消し」をクリックしてインストーラを終了します。
[2019-04-18 01:09:23.852]: NameResolver - to parse 使用可能なすべてのコンポーネントはすでにインストールされています。「取消し」をクリックしてインストーラを終了します。
[2019-04-18 01:09:23.884]: NameResolver - to parse <仮の説明>
[2019-04-18 01:09:25.858]: NameResolver - to parse 使用可能なすべてのコンポーネントはすでにインストールされています。「取消し」をクリックしてインストーラを終了します。
[2019-04-18 01:09:27.863]: NameResolver - to parse 使用可能なすべてのコンポーネントはすでにインストールされています。「取消し」をクリックしてインストーラを終了します。
[2019-04-18 01:09:29.876]: NameResolver - to parse 使用可能なすべてのコンポーネントはすでにインストールされています。「取消し」をクリックしてインストーラを終了します。
[2019-04-18 01:09:31.896]: NameResolver - to parse 使用可能なすべてのコンポーネントはすでにインストールされています。「取消し」をクリックしてインストーラを終了します。
[2019-04-18 01:09:33.913]: NameResolver - to parse 使用可能なすべてのコンポーネントはすでにインストールされています。「取消し」をクリックしてインストーラを終了します。
[2019-04-18 01:09:35.925]: NameResolver - to parse 使用可能なすべてのコンポーネントはすでにインストールされています。「取消し」をクリックしてインストーラを終了します。
[2019-04-18 01:09:37.939]: NameResolver - to parse 使用可能なすべてのコンポーネントはすでにインストールされています。「取消し」をクリックしてインストーラを終了します。
[2019-04-18 01:09:39.947]: NameResolver - to parse 使用可能なすべてのコンポーネントはすでにインストールされています。「取消し」をクリックしてインストーラを終了します。
[2019-04-18 01:09:41.963]: NameResolver - to parse 使用可能なすべてのコンポーネントはすでにインストールされています。「取消し」をクリックしてインストーラを終了します。
[2019-04-18 01:09:43.983]: NameResolver - to parse 使用可能なすべてのコンポーネントはすでにインストールされています。「取消し」をクリックしてインストーラを終了します。
[2019-04-18 01:09:45.996]: NameResolver - to parse 使用可能なすべてのコンポーネントはすでにインストールされています。「取消し」をクリックしてインストーラを終了します。
[2019-04-18 01:09:46.275]: NameResolver - to parse 取消
[2019-04-18 01:09:46.275]: NameResolver - to parse 本当に取消しますか?
[2019-04-18 01:09:46.276]: ... showing Yes/No dialog
[2019-04-18 01:09:46.276]:     title: 取消
[2019-04-18 01:09:46.276]:     message: 本当に取消しますか?
[2019-04-18 01:09:48.466]: ... dialog closed, choice : yes
