[2019-04-20 11:51:22.918]: entering -- org.netbeans.installer.Installer.main():81
[2019-04-20 11:51:22.918]: initializing the installer engine
[2019-04-20 11:51:22.918]:     entering -- org.netbeans.installer.Installer.<init>():116
[2019-04-20 11:51:22.918]:     ... initializing ErrorHandler
[2019-04-20 11:51:22.918]:     ... end of ErrorHandler initialization
[2019-04-20 11:51:22.918]:     exiting -- org.netbeans.installer.Installer.<init>():116
[2019-04-20 11:51:22.918]:     entering -- org.netbeans.installer.Installer.<init>():117
[2019-04-20 11:51:22.918]:     dumping target system information
[2019-04-20 11:51:22.918]:         system properties:
[2019-04-20 11:51:22.918]:             awt.toolkit => sun.awt.windows.WToolkit
[2019-04-20 11:51:22.918]:             file.encoding => MS932
[2019-04-20 11:51:22.918]:             file.encoding.pkg => sun.io
[2019-04-20 11:51:22.918]:             file.separator => \
[2019-04-20 11:51:22.918]:             java.awt.graphicsenv => sun.awt.Win32GraphicsEnvironment
[2019-04-20 11:51:22.918]:             java.awt.printerjob => sun.awt.windows.WPrinterJob
[2019-04-20 11:51:22.918]:             java.class.path => C:\Users\Owner\AppData\Local\Temp\\NBI35464.tmp\bundle.jar
[2019-04-20 11:51:22.918]:             java.class.version => 52.0
[2019-04-20 11:51:22.918]:             java.endorsed.dirs => C:\Program Files (x86)\Java\jre1.8.0_171\lib\endorsed
[2019-04-20 11:51:22.918]:             java.ext.dirs => C:\Program Files (x86)\Java\jre1.8.0_171\lib\ext;C:\WINDOWS\Sun\Java\lib\ext
[2019-04-20 11:51:22.918]:             java.home => C:\Program Files (x86)\Java\jre1.8.0_171
[2019-04-20 11:51:22.918]:             java.io.tmpdir => C:\Users\Owner\AppData\Local\Temp\
[2019-04-20 11:51:22.918]:             java.library.path => C:\Program Files (x86)\Java\jre1.8.0_171\bin;C:\WINDOWS\Sun\Java\bin;C:\WINDOWS\system32;C:\WINDOWS;C:\Windows\system32;C:\Windows;C:\Windows\System32\Wbem;C:\Users\Owner\AppData\Local\Microsoft\WindowsApps;.
[2019-04-20 11:51:22.918]:             java.runtime.name => Java(TM) SE Runtime Environment
[2019-04-20 11:51:22.918]:             java.runtime.version => 1.8.0_171-b11
[2019-04-20 11:51:22.918]:             java.specification.name => Java Platform API Specification
[2019-04-20 11:51:22.918]:             java.specification.vendor => Oracle Corporation
[2019-04-20 11:51:22.918]:             java.specification.version => 1.8
[2019-04-20 11:51:22.918]:             java.vendor => Oracle Corporation
[2019-04-20 11:51:22.918]:             java.vendor.url => http://java.oracle.com/
[2019-04-20 11:51:22.918]:             java.vendor.url.bug => http://bugreport.sun.com/bugreport/
[2019-04-20 11:51:22.918]:             java.version => 1.8.0_171
[2019-04-20 11:51:22.918]:             java.vm.info => mixed mode, sharing
[2019-04-20 11:51:22.918]:             java.vm.name => Java HotSpot(TM) Client VM
[2019-04-20 11:51:22.918]:             java.vm.specification.name => Java Virtual Machine Specification
[2019-04-20 11:51:22.918]:             java.vm.specification.vendor => Oracle Corporation
[2019-04-20 11:51:22.918]:             java.vm.specification.version => 1.8
[2019-04-20 11:51:22.918]:             java.vm.vendor => Oracle Corporation
[2019-04-20 11:51:22.918]:             java.vm.version => 25.171-b11
[2019-04-20 11:51:22.918]:             line.separator => 
[2019-04-20 11:51:22.918]:             netbeans.default_cachedir_root => C:\Users\Owner\AppData\Local\NetBeans\Cache
[2019-04-20 11:51:22.918]:             netbeans.default_userdir_root => C:\Users\Owner\AppData\Roaming\NetBeans
[2019-04-20 11:51:22.918]:             os.arch => x86
[2019-04-20 11:51:22.918]:             os.name => Windows 10
[2019-04-20 11:51:22.918]:             os.version => 10.0
[2019-04-20 11:51:22.918]:             path.separator => ;
[2019-04-20 11:51:22.918]:             sun.arch.data.model => 32
[2019-04-20 11:51:22.918]:             sun.boot.class.path => C:\Program Files (x86)\Java\jre1.8.0_171\lib\resources.jar;C:\Program Files (x86)\Java\jre1.8.0_171\lib\rt.jar;C:\Program Files (x86)\Java\jre1.8.0_171\lib\sunrsasign.jar;C:\Program Files (x86)\Java\jre1.8.0_171\lib\jsse.jar;C:\Program Files (x86)\Java\jre1.8.0_171\lib\jce.jar;C:\Program Files (x86)\Java\jre1.8.0_171\lib\charsets.jar;C:\Program Files (x86)\Java\jre1.8.0_171\lib\jfr.jar;C:\Program Files (x86)\Java\jre1.8.0_171\classes
[2019-04-20 11:51:22.918]:             sun.boot.library.path => C:\Program Files (x86)\Java\jre1.8.0_171\bin
[2019-04-20 11:51:22.918]:             sun.cpu.endian => little
[2019-04-20 11:51:22.918]:             sun.cpu.isalist => pentium_pro+mmx pentium_pro pentium+mmx pentium i486 i386 i86
[2019-04-20 11:51:22.918]:             sun.desktop => windows
[2019-04-20 11:51:22.918]:             sun.io.unicode.encoding => UnicodeLittle
[2019-04-20 11:51:22.918]:             sun.java.command => org.netbeans.installer.Installer
[2019-04-20 11:51:22.918]:             sun.java.launcher => SUN_STANDARD
[2019-04-20 11:51:22.918]:             sun.jnu.encoding => MS932
[2019-04-20 11:51:22.918]:             sun.management.compiler => HotSpot Client Compiler
[2019-04-20 11:51:22.918]:             sun.os.patch.level => 
[2019-04-20 11:51:22.918]:             user.country => JP
[2019-04-20 11:51:22.918]:             user.dir => C:\Users\Owner\AppData\Local\Packages\Microsoft.MicrosoftEdge_8wekyb3d8bbwe\TempState\Downloads
[2019-04-20 11:51:22.918]:             user.home => C:\Users\Owner
[2019-04-20 11:51:22.918]:             user.language => ja
[2019-04-20 11:51:22.918]:             user.name => Owner
[2019-04-20 11:51:22.918]:             user.script => 
[2019-04-20 11:51:22.918]:             user.timezone => Asia/Tokyo
[2019-04-20 11:51:22.918]:             user.variant => 
[2019-04-20 11:51:22.918]:     ... end of target system information
[2019-04-20 11:51:22.918]:     exiting -- org.netbeans.installer.Installer.<init>():117
[2019-04-20 11:51:22.934]:     loading jni library
[2019-04-20 11:51:22.934]:         library resource path: native/jnilib/windows/windows-x86.dll
[2019-04-20 11:51:23.128]:         library file path: C:\Users\Owner\AppData\Local\Temp\nbi-6532529066184659603.tmp
[2019-04-20 11:51:23.138]:         ... successfully loaded the library
[2019-04-20 11:51:23.138]:     entering -- org.netbeans.installer.Installer.<init>():122
[2019-04-20 11:51:23.138]:     parsing command-line arguments
[2019-04-20 11:51:23.138]:         ... no command line arguments were specified
[2019-04-20 11:51:23.138]:     ... finished parsing command line arguments
[2019-04-20 11:51:23.138]:     exiting -- org.netbeans.installer.Installer.<init>():122
[2019-04-20 11:51:23.138]:     entering -- org.netbeans.installer.Installer.<init>():123
[2019-04-20 11:51:23.138]:     loading engine properties
[2019-04-20 11:51:23.138]:         loading engine properties
[2019-04-20 11:51:23.138]:             loading NWP.welcome.page.type => javaee
[2019-04-20 11:51:23.138]:             loading nbi.wizard.ui.swing.frame.title.prefix => NetBeans IDEのインストーラ
[2019-04-20 11:51:23.138]:             loading nbi.product.suggest.install => true
[2019-04-20 11:51:23.138]:             loading nbi.wizard.ui.swing.frame.width.gtk => 704
[2019-04-20 11:51:23.138]:             loading nbi.wizard.ui.swing.frame.minimum.width.nimbus => 624
[2019-04-20 11:51:23.138]:             loading nbi.wizard.ui.swing.frame.minimum.height.nimbus => 512
[2019-04-20 11:51:23.138]:             loading nbi.wizard.ui.swing.frame.width.win.xp => 600
[2019-04-20 11:51:23.138]:             loading nbi.overall.license.jdk5.resource => org/netbeans/installer/product/components/netbeans-license-jdk5.txt
[2019-04-20 11:51:23.138]:             loading nbi.wizard.ui.swing.frame.minimum.width.default => 600
[2019-04-20 11:51:23.138]:             loading nbi.wizard.ui.swing.frame.minimum.height.aqua => 480
[2019-04-20 11:51:23.138]:             loading nbi.wizard.ui.swing.frame.minimum.height.default => 500
[2019-04-20 11:51:23.138]:             loading nbi.overall.license.mysql.resource => org/netbeans/installer/product/components/netbeans-license-mysql.txt
[2019-04-20 11:51:23.138]:             loading nbi.wizard.ui.swing.frame.icon => resource:org/netbeans/installer/wizard/wizard-icon.png
[2019-04-20 11:51:23.138]:             loading nbi.wizard.ui.swing.frame.minimum.height.gtk => 528
[2019-04-20 11:51:23.138]:             loading nbi.wizard.ui.swing.frame.width.aqua => 640
[2019-04-20 11:51:23.138]:             loading nbi.wizard.ui.swing.frame.minimum.height.motif => 470
[2019-04-20 11:51:23.138]:             loading nbi.wizard.ui.swing.welcome.left.bottom.image => resource:org/netbeans/installer/wizard/components/panels/netbeans/resources/welcome-left-bottom.png
[2019-04-20 11:51:23.138]:             loading nbi.wizard.ui.swing.frame.height.gtk => 528
[2019-04-20 11:51:23.138]:             loading nbi.wizard.ui.swing.frame.minimum.width.motif => 624
[2019-04-20 11:51:23.138]:             loading nbi.wizard.ui.swing.frame.minimum.width.gtk => 704
[2019-04-20 11:51:23.138]:             loading nbi.junit.license.resource => org/netbeans/installer/product/components/junit-license.txt
[2019-04-20 11:51:23.138]:             loading nbi.wizard.ui.swing.frame.width.metal => 624
[2019-04-20 11:51:23.138]:             loading nbi.wizard.ui.swing.frame.height.win.xp => 450
[2019-04-20 11:51:23.138]:             loading nbi.wizard.ui.swing.frame.height.nimbus => 512
[2019-04-20 11:51:23.138]:             loading nbi.overall.license.javafx.resource => org/netbeans/installer/product/components/netbeans-license-javafx.txt
[2019-04-20 11:51:23.138]:             loading nbi.wizard.ui.swing.frame.minimum.width.aqua => 640
[2019-04-20 11:51:23.138]:             loading nbi.wizard.ui.swing.frame.width.default => 600
[2019-04-20 11:51:23.138]:             loading nbi.wizard.ui.swing.frame.head.right.image => resource:org/netbeans/installer/wizard/wizard-description-background.png
[2019-04-20 11:51:23.138]:             loading nbi.wizard.ui.swing.frame.minimum.height.win.xp => 450
[2019-04-20 11:51:23.138]:             loading nbi.wizard.ui.swing.frame.width.nimbus => 624
[2019-04-20 11:51:23.138]:             loading nbi.wizard.ui.swing.frame.minimum.height.win.classic => 442
[2019-04-20 11:51:23.138]:             loading nbi.overall.license.jtb.resource => org/netbeans/installer/product/components/netbeans-license-jtb.txt
[2019-04-20 11:51:23.138]:             loading nbi.wizard.ui.swing.frame.height.motif => 470
[2019-04-20 11:51:23.138]:             loading nbi.wizard.ui.swing.frame.height.aqua => 480
[2019-04-20 11:51:23.138]:             loading nbi.wizard.ui.swing.frame.minimum.width.win.xp => 600
[2019-04-20 11:51:23.138]:             loading nbi.overall.license.jdk6.resource => org/netbeans/installer/product/components/netbeans-license-jdk6.txt
[2019-04-20 11:51:23.138]:             loading nbi.wizard.ui.swing.frame.width.motif => 624
[2019-04-20 11:51:23.138]:             loading nbi.product.remove.corrupted.products.silently => true
[2019-04-20 11:51:23.138]:             loading nbi.wizard.ui.swing.frame.minimum.width.win.classic => 588
[2019-04-20 11:51:23.138]:             loading nbi.overall.license.resource => org/netbeans/installer/product/components/netbeans-license.txt
[2019-04-20 11:51:23.138]:             loading nbi.macosx.application.directory.name => NetBeans IDE Installer
[2019-04-20 11:51:23.138]:             loading nbi.wizard.ui.swing.frame.minimum.width.metal => 624
[2019-04-20 11:51:23.138]:             loading nbi.wizard.ui.swing.frame.height.metal => 470
[2019-04-20 11:51:23.138]:             loading nbi.wizard.ui.swing.frame.height.win.classic => 442
[2019-04-20 11:51:23.138]:             loading nbi.wizard.ui.swing.frame.height.default => 500
[2019-04-20 11:51:23.138]:             loading nbi.wizard.ui.swing.frame.title.pattern => {0}
[2019-04-20 11:51:23.138]:             loading nbi.wizard.ui.swing.frame.width.win.classic => 588
[2019-04-20 11:51:23.138]:             loading nbi.wizard.ui.swing.frame.minimum.height.metal => 470
[2019-04-20 11:51:23.138]:     ... finished loading engine properties
[2019-04-20 11:51:23.138]:     exiting -- org.netbeans.installer.Installer.<init>():123
[2019-04-20 11:51:23.138]:     initializing the local directory
[2019-04-20 11:51:23.138]:         ... custom local directory was not specified, using the default
[2019-04-20 11:51:23.138]:         ... local directory: C:\Users\Owner\.nbi
[2019-04-20 11:51:23.138]:     ... finished initializing local directory
[2019-04-20 11:51:23.186]:     entering -- org.netbeans.installer.Installer.<init>():129
[2019-04-20 11:51:23.186]:     ... initializing DownloadManager
[2019-04-20 11:51:23.186]:         file not exist, queue is empty!
[2019-04-20 11:51:23.186]:     ... end of initializing DownloadManager
[2019-04-20 11:51:23.201]:     exiting -- org.netbeans.installer.Installer.<init>():129
[2019-04-20 11:51:23.201]:     entering -- org.netbeans.installer.Installer.<init>():130
[2019-04-20 11:51:23.201]:     ... initializing Registry
[2019-04-20 11:51:23.217]:     ... end of initializing ErrorHandler
[2019-04-20 11:51:23.217]:     exiting -- org.netbeans.installer.Installer.<init>():130
[2019-04-20 11:51:23.217]:     entering -- org.netbeans.installer.Installer.<init>():131
[2019-04-20 11:51:23.217]:     ... initializing Wizard
[2019-04-20 11:51:23.286]:         ... loading registry from resource:data/registry.xml
[2019-04-20 11:51:23.401]:         entering -- org.netbeans.installer.product.Registry.loadProductRegistry():1001
[2019-04-20 11:51:23.401]:         validating previous installations
[2019-04-20 11:51:23.401]:         ... validating installations finished
[2019-04-20 11:51:23.401]:         exiting -- org.netbeans.installer.product.Registry.loadProductRegistry():1001
[2019-04-20 11:51:23.401]:         Can`t load message in bundle org.netbeans.installer.wizard.components.panels.netbeans.Bundle for key NPrISP.installation.folders using [sun.misc.Launcher$AppClassLoader@647e05] classloader
[2019-04-20 11:51:23.417]:     ... end of initializing Wizard
[2019-04-20 11:51:23.417]:     exiting -- org.netbeans.installer.Installer.<init>():131
[2019-04-20 11:51:23.417]:     creating lock file
[2019-04-20 11:51:23.417]:         ... created lock file: C:\Users\Owner\.nbi\.nbilock
[2019-04-20 11:51:23.417]:     finished creating lock file
[2019-04-20 11:51:23.417]: ... finished initializing the engine
[2019-04-20 11:51:23.417]: exiting -- org.netbeans.installer.Installer.main():81
[2019-04-20 11:51:23.417]: entering -- org.netbeans.installer.Installer.main():81
[2019-04-20 11:51:23.417]: starting the installer
[2019-04-20 11:51:23.417]:     ... initializing look and feel
[2019-04-20 11:51:23.417]:         ... custom look and feel class name was not specified, using system default
[2019-04-20 11:51:23.486]:         ... class name: com.sun.java.swing.plaf.windows.WindowsLookAndFeel
[2019-04-20 11:51:23.486]:         ... get installed L&Fs
[2019-04-20 11:51:23.486]:         ... set specified L&F
[2019-04-20 11:51:23.502]:         ... check headless
[2019-04-20 11:51:23.502]:         ... creating JFileChooser object to check possible issues with UI
[2019-04-20 11:51:23.956]:         ... getting default Toolkit to check possible issues with UI
[2019-04-20 11:51:23.956]:         ... creating JProgressBar object to check possible issues with UI
[2019-04-20 11:51:23.956]:         ... all UI checks done
[2019-04-20 11:51:23.956]:         ... L&F is set
[2019-04-20 11:51:23.956]:     ... initializing L&F finished
[2019-04-20 11:51:24.041]:     NameResolver - to parse ヘルプ(&H)
[2019-04-20 11:51:24.041]:     NameResolver - to parse < 戻る(&B)
[2019-04-20 11:51:24.057]:     NameResolver - to parse 次(&N) >
[2019-04-20 11:51:24.057]:     NameResolver - to parse 取消
[2019-04-20 11:51:24.057]:     NameResolver - to parse インストーラを構成しています...
[2019-04-20 11:51:24.057]:     NameResolver - to parse インストーラを構成しています...
[2019-04-20 11:51:24.057]:     NameResolver - to parse インストーラを構成しています...
[2019-04-20 11:51:24.057]:     NameResolver - to parse インストーラを構成しています...
[2019-04-20 11:51:24.057]:     NameResolver - to parse NetBeans IDEのインストーラを初期化しています。しばらくお待ちください。
[2019-04-20 11:51:24.072]:     NameResolver - to parse インストーラを構成しています...
[2019-04-20 11:51:24.072]:     NameResolver - to parse NetBeans IDEのインストーラを初期化しています。しばらくお待ちください。
[2019-04-20 11:51:24.072]: ... finished starting the installer
[2019-04-20 11:51:24.072]: exiting -- org.netbeans.installer.Installer.main():81
[2019-04-20 11:51:24.072]: NameResolver - to parse インストーラを構成しています...
[2019-04-20 11:51:24.072]: entering -- org.netbeans.installer.wizard.components.actions.InitializeRegistryAction.execute():73
[2019-04-20 11:51:24.072]: initializing product registry
[2019-04-20 11:51:24.072]:     entering -- org.netbeans.installer.product.Registry.initializeRegistry():190
[2019-04-20 11:51:24.072]:     initializing product registry properties
[2019-04-20 11:51:24.072]:         initializing local product cache directory
[2019-04-20 11:51:24.072]:         ... C:\Users\Owner\.nbi\product-cache
[2019-04-20 11:51:24.072]:         initializing local product registry file
[2019-04-20 11:51:24.072]:             ... C:\Users\Owner\.nbi\registry.xml
[2019-04-20 11:51:24.072]:             initializing local product registry stub uri
[2019-04-20 11:51:24.072]:             ... resource:org/netbeans/installer/product/default-registry.xml
[2019-04-20 11:51:24.072]:             initializing bundled product registry uri
[2019-04-20 11:51:24.072]:             ... resource:data/registry.xml
[2019-04-20 11:51:24.072]:             initializing product registry schema uri
[2019-04-20 11:51:24.072]:             ... resource:org/netbeans/installer/product/registry.xsd
[2019-04-20 11:51:24.072]:             initializing remote product registries uris
[2019-04-20 11:51:24.072]:             initializing state file schema uri
[2019-04-20 11:51:24.072]:             ... resource:org/netbeans/installer/product/state-file.xsd
[2019-04-20 11:51:24.072]:             initializing default state file uri
[2019-04-20 11:51:24.072]:             ... resource:org/netbeans/installer/product/default-state-file.xml
[2019-04-20 11:51:24.072]:             initializing target platform
[2019-04-20 11:51:24.072]:             ... windows-x86
[2019-04-20 11:51:24.072]:     initializing product registry properties
[2019-04-20 11:51:24.072]:     exiting -- org.netbeans.installer.product.Registry.initializeRegistry():190
[2019-04-20 11:51:24.072]:     ... loading registry from file:/C:/Users/Owner/.nbi/registry.xml
[2019-04-20 11:51:24.119]:     entering -- org.netbeans.installer.product.Registry.loadProductRegistry():1001
[2019-04-20 11:51:24.119]:     validating previous installations
[2019-04-20 11:51:24.157]:         NameResolver - to parse C:\Program Files (x86)\NetBeans 8.2
[2019-04-20 11:51:24.172]:         NameResolver - to parse C:\Program Files (x86)\NetBeans 8.2
[2019-04-20 11:51:24.172]:         NameResolver - to parse C:\Program Files (x86)\NetBeans 8.2
[2019-04-20 11:51:24.188]:         NameResolver - to parse C:\Program Files (x86)\NetBeans 8.2
[2019-04-20 11:51:24.204]:         NameResolver - to parse C:\Program Files (x86)\NetBeans 8.2
[2019-04-20 11:51:24.204]:         NameResolver - to parse C:\Program Files (x86)\NetBeans 8.2
[2019-04-20 11:51:24.219]:         NameResolver - to parse C:\Program Files (x86)\NetBeans 8.2
[2019-04-20 11:51:24.219]:         NameResolver - to parse C:\Program Files (x86)\NetBeans 8.2
[2019-04-20 11:51:24.235]:         NameResolver - to parse C:\Program Files (x86)\NetBeans 8.2
[2019-04-20 11:51:24.241]:         NameResolver - to parse C:\Program Files (x86)\NetBeans 8.2
[2019-04-20 11:51:24.241]:         NameResolver - to parse C:\Program Files (x86)\NetBeans 8.2
[2019-04-20 11:51:24.257]:         NameResolver - to parse C:\Program Files (x86)\glassfish-4.1.1
[2019-04-20 11:51:24.288]:         NameResolver - to parse C:\Program Files (x86)\Apache Software Foundation\Apache Tomcat 8.0.27
[2019-04-20 11:51:24.288]:     ... validating installations finished
[2019-04-20 11:51:24.288]:     exiting -- org.netbeans.installer.product.Registry.loadProductRegistry():1001
[2019-04-20 11:51:24.288]:     ... loading registry from resource:data/registry.xml
[2019-04-20 11:51:24.304]:     entering -- org.netbeans.installer.product.Registry.loadProductRegistry():1001
[2019-04-20 11:51:24.304]:     validating previous installations
[2019-04-20 11:51:24.304]:         NameResolver - to parse C:\Program Files (x86)\NetBeans 8.2
[2019-04-20 11:51:24.304]:         NameResolver - to parse C:\Program Files (x86)\NetBeans 8.2
[2019-04-20 11:51:24.304]:         NameResolver - to parse C:\Program Files (x86)\NetBeans 8.2
[2019-04-20 11:51:24.304]:         NameResolver - to parse C:\Program Files (x86)\NetBeans 8.2
[2019-04-20 11:51:24.304]:         NameResolver - to parse C:\Program Files (x86)\NetBeans 8.2
[2019-04-20 11:51:24.304]:         NameResolver - to parse C:\Program Files (x86)\NetBeans 8.2
[2019-04-20 11:51:24.304]:         NameResolver - to parse C:\Program Files (x86)\NetBeans 8.2
[2019-04-20 11:51:24.304]:         NameResolver - to parse C:\Program Files (x86)\NetBeans 8.2
[2019-04-20 11:51:24.304]:         NameResolver - to parse C:\Program Files (x86)\NetBeans 8.2
[2019-04-20 11:51:24.304]:         NameResolver - to parse C:\Program Files (x86)\NetBeans 8.2
[2019-04-20 11:51:24.304]:         NameResolver - to parse C:\Program Files (x86)\NetBeans 8.2
[2019-04-20 11:51:24.304]:         NameResolver - to parse C:\Program Files (x86)\glassfish-4.1.1
[2019-04-20 11:51:24.304]:         NameResolver - to parse C:\Program Files (x86)\Apache Software Foundation\Apache Tomcat 8.0.27
[2019-04-20 11:51:24.304]:     ... validating installations finished
[2019-04-20 11:51:24.304]:     exiting -- org.netbeans.installer.product.Registry.loadProductRegistry():1001
[2019-04-20 11:51:24.304]: ... product registry initialization complete
[2019-04-20 11:51:24.304]: exiting -- org.netbeans.installer.wizard.components.actions.InitializeRegistryAction.execute():73
[2019-04-20 11:51:24.304]: ... bundledProductSkip = null
[2019-04-20 11:51:24.304]: ... bundledProductToInstall = null
[2019-04-20 11:51:24.320]: NameResolver - to parse resource:org/netbeans/installer/wizard/components/panels/netbeans/resources/welcome-left-bottom.png
[2019-04-20 11:51:24.320]: NameResolver - to parse {0}<span style="color: gray">(インストール済み)</span><br>
[2019-04-20 11:51:24.342]: NameResolver - to parse {0}<span style="color: gray">(インストール済み)</span><br>
[2019-04-20 11:51:24.342]: NameResolver - to parse ヘルプ(&H)
[2019-04-20 11:51:24.342]: NameResolver - to parse < 戻る(&B)
[2019-04-20 11:51:24.342]: NameResolver - to parse 次(&N) >
[2019-04-20 11:51:24.357]: NameResolver - to parse 取消
[2019-04-20 11:51:24.357]: NameResolver - to parse <html><h2 style=''color: #FF8E00; bold''>NetBeans IDE 8.2インストーラへようこそ</h2>
[2019-04-20 11:51:24.357]: NameResolver - to parse </html>
[2019-04-20 11:51:24.357]: NameResolver - to parse text/html
[2019-04-20 11:51:24.357]: NameResolver - to parse <html>
[2019-04-20 11:51:24.357]: NameResolver - to parse このインストーラは、NetBeans IDE、Java EEパック、および選択したアプリケーション・サーバーをインストールします。<br><br>IDEとともにインストールするアプリケーション・サーバーを選択:<br><br>
[2019-04-20 11:51:24.357]: NameResolver - to parse text/html
[2019-04-20 11:51:24.357]: NameResolver - to parse <html>
[2019-04-20 11:51:24.357]: NameResolver - to parse </html>
[2019-04-20 11:51:24.357]: NameResolver - to parse text/html
[2019-04-20 11:51:24.357]: NameResolver - to parse カスタマイズ(&C)...
[2019-04-20 11:51:24.357]: NameResolver - to parse 使用可能なすべてのコンポーネントはすでにインストールされています。「取消し」をクリックしてインストーラを終了します。
[2019-04-20 11:51:24.357]: NameResolver - to parse 使用可能なすべてのコンポーネントはすでにインストールされています。「取消し」をクリックしてインストーラを終了します。
[2019-04-20 11:51:24.373]: NameResolver - to parse <仮の説明>
[2019-04-20 11:51:26.366]: NameResolver - to parse 使用可能なすべてのコンポーネントはすでにインストールされています。「取消し」をクリックしてインストーラを終了します。
[2019-04-20 11:51:28.374]: NameResolver - to parse 使用可能なすべてのコンポーネントはすでにインストールされています。「取消し」をクリックしてインストーラを終了します。
[2019-04-20 11:51:30.385]: NameResolver - to parse 使用可能なすべてのコンポーネントはすでにインストールされています。「取消し」をクリックしてインストーラを終了します。
[2019-04-20 11:51:32.398]: NameResolver - to parse 使用可能なすべてのコンポーネントはすでにインストールされています。「取消し」をクリックしてインストーラを終了します。
[2019-04-20 11:51:34.406]: NameResolver - to parse 使用可能なすべてのコンポーネントはすでにインストールされています。「取消し」をクリックしてインストーラを終了します。
[2019-04-20 11:51:36.434]: NameResolver - to parse 使用可能なすべてのコンポーネントはすでにインストールされています。「取消し」をクリックしてインストーラを終了します。
[2019-04-20 11:51:38.442]: NameResolver - to parse 使用可能なすべてのコンポーネントはすでにインストールされています。「取消し」をクリックしてインストーラを終了します。
[2019-04-20 11:51:40.448]: NameResolver - to parse 使用可能なすべてのコンポーネントはすでにインストールされています。「取消し」をクリックしてインストーラを終了します。
[2019-04-20 11:51:42.455]: NameResolver - to parse 使用可能なすべてのコンポーネントはすでにインストールされています。「取消し」をクリックしてインストーラを終了します。
[2019-04-20 11:51:44.462]: NameResolver - to parse 使用可能なすべてのコンポーネントはすでにインストールされています。「取消し」をクリックしてインストーラを終了します。
[2019-04-20 11:51:46.467]: NameResolver - to parse 使用可能なすべてのコンポーネントはすでにインストールされています。「取消し」をクリックしてインストーラを終了します。
[2019-04-20 11:51:48.475]: NameResolver - to parse 使用可能なすべてのコンポーネントはすでにインストールされています。「取消し」をクリックしてインストーラを終了します。
[2019-04-20 11:51:50.481]: NameResolver - to parse 使用可能なすべてのコンポーネントはすでにインストールされています。「取消し」をクリックしてインストーラを終了します。
[2019-04-20 11:51:52.486]: NameResolver - to parse 使用可能なすべてのコンポーネントはすでにインストールされています。「取消し」をクリックしてインストーラを終了します。
[2019-04-20 11:51:54.497]: NameResolver - to parse 使用可能なすべてのコンポーネントはすでにインストールされています。「取消し」をクリックしてインストーラを終了します。
[2019-04-20 11:51:56.505]: NameResolver - to parse 使用可能なすべてのコンポーネントはすでにインストールされています。「取消し」をクリックしてインストーラを終了します。
[2019-04-20 11:51:58.518]: NameResolver - to parse 使用可能なすべてのコンポーネントはすでにインストールされています。「取消し」をクリックしてインストーラを終了します。
[2019-04-20 11:52:00.530]: NameResolver - to parse 使用可能なすべてのコンポーネントはすでにインストールされています。「取消し」をクリックしてインストーラを終了します。
[2019-04-20 11:52:02.543]: NameResolver - to parse 使用可能なすべてのコンポーネントはすでにインストールされています。「取消し」をクリックしてインストーラを終了します。
[2019-04-20 11:52:04.554]: NameResolver - to parse 使用可能なすべてのコンポーネントはすでにインストールされています。「取消し」をクリックしてインストーラを終了します。
[2019-04-20 11:52:06.568]: NameResolver - to parse 使用可能なすべてのコンポーネントはすでにインストールされています。「取消し」をクリックしてインストーラを終了します。
[2019-04-20 11:52:08.581]: NameResolver - to parse 使用可能なすべてのコンポーネントはすでにインストールされています。「取消し」をクリックしてインストーラを終了します。
[2019-04-20 11:52:10.594]: NameResolver - to parse 使用可能なすべてのコンポーネントはすでにインストールされています。「取消し」をクリックしてインストーラを終了します。
[2019-04-20 11:52:12.601]: NameResolver - to parse 使用可能なすべてのコンポーネントはすでにインストールされています。「取消し」をクリックしてインストーラを終了します。
[2019-04-20 11:52:14.607]: NameResolver - to parse 使用可能なすべてのコンポーネントはすでにインストールされています。「取消し」をクリックしてインストーラを終了します。
[2019-04-20 11:52:16.614]: NameResolver - to parse 使用可能なすべてのコンポーネントはすでにインストールされています。「取消し」をクリックしてインストーラを終了します。
[2019-04-20 11:52:18.627]: NameResolver - to parse 使用可能なすべてのコンポーネントはすでにインストールされています。「取消し」をクリックしてインストーラを終了します。
[2019-04-20 11:52:20.627]: NameResolver - to parse 使用可能なすべてのコンポーネントはすでにインストールされています。「取消し」をクリックしてインストーラを終了します。
[2019-04-20 11:52:22.631]: NameResolver - to parse 使用可能なすべてのコンポーネントはすでにインストールされています。「取消し」をクリックしてインストーラを終了します。
[2019-04-20 11:52:24.645]: NameResolver - to parse 使用可能なすべてのコンポーネントはすでにインストールされています。「取消し」をクリックしてインストーラを終了します。
[2019-04-20 11:52:26.658]: NameResolver - to parse 使用可能なすべてのコンポーネントはすでにインストールされています。「取消し」をクリックしてインストーラを終了します。
[2019-04-20 11:52:28.664]: NameResolver - to parse 使用可能なすべてのコンポーネントはすでにインストールされています。「取消し」をクリックしてインストーラを終了します。
[2019-04-20 11:52:30.676]: NameResolver - to parse 使用可能なすべてのコンポーネントはすでにインストールされています。「取消し」をクリックしてインストーラを終了します。
[2019-04-20 11:52:32.676]: NameResolver - to parse 使用可能なすべてのコンポーネントはすでにインストールされています。「取消し」をクリックしてインストーラを終了します。
[2019-04-20 11:52:34.707]: NameResolver - to parse 使用可能なすべてのコンポーネントはすでにインストールされています。「取消し」をクリックしてインストーラを終了します。
[2019-04-20 11:52:36.719]: NameResolver - to parse 使用可能なすべてのコンポーネントはすでにインストールされています。「取消し」をクリックしてインストーラを終了します。
[2019-04-20 11:52:38.725]: NameResolver - to parse 使用可能なすべてのコンポーネントはすでにインストールされています。「取消し」をクリックしてインストーラを終了します。
[2019-04-20 11:52:40.736]: NameResolver - to parse 使用可能なすべてのコンポーネントはすでにインストールされています。「取消し」をクリックしてインストーラを終了します。
[2019-04-20 11:52:42.746]: NameResolver - to parse 使用可能なすべてのコンポーネントはすでにインストールされています。「取消し」をクリックしてインストーラを終了します。
[2019-04-20 11:52:44.754]: NameResolver - to parse 使用可能なすべてのコンポーネントはすでにインストールされています。「取消し」をクリックしてインストーラを終了します。
[2019-04-20 11:52:46.766]: NameResolver - to parse 使用可能なすべてのコンポーネントはすでにインストールされています。「取消し」をクリックしてインストーラを終了します。
[2019-04-20 11:52:48.775]: NameResolver - to parse 使用可能なすべてのコンポーネントはすでにインストールされています。「取消し」をクリックしてインストーラを終了します。
[2019-04-20 11:52:50.784]: NameResolver - to parse 使用可能なすべてのコンポーネントはすでにインストールされています。「取消し」をクリックしてインストーラを終了します。
[2019-04-20 11:52:52.792]: NameResolver - to parse 使用可能なすべてのコンポーネントはすでにインストールされています。「取消し」をクリックしてインストーラを終了します。
[2019-04-20 11:52:54.801]: NameResolver - to parse 使用可能なすべてのコンポーネントはすでにインストールされています。「取消し」をクリックしてインストーラを終了します。
[2019-04-20 11:52:56.807]: NameResolver - to parse 使用可能なすべてのコンポーネントはすでにインストールされています。「取消し」をクリックしてインストーラを終了します。
[2019-04-20 11:52:58.815]: NameResolver - to parse 使用可能なすべてのコンポーネントはすでにインストールされています。「取消し」をクリックしてインストーラを終了します。
[2019-04-20 11:53:00.821]: NameResolver - to parse 使用可能なすべてのコンポーネントはすでにインストールされています。「取消し」をクリックしてインストーラを終了します。
[2019-04-20 11:53:02.831]: NameResolver - to parse 使用可能なすべてのコンポーネントはすでにインストールされています。「取消し」をクリックしてインストーラを終了します。
[2019-04-20 11:53:04.839]: NameResolver - to parse 使用可能なすべてのコンポーネントはすでにインストールされています。「取消し」をクリックしてインストーラを終了します。
[2019-04-20 11:53:06.851]: NameResolver - to parse 使用可能なすべてのコンポーネントはすでにインストールされています。「取消し」をクリックしてインストーラを終了します。
[2019-04-20 11:53:08.859]: NameResolver - to parse 使用可能なすべてのコンポーネントはすでにインストールされています。「取消し」をクリックしてインストーラを終了します。
[2019-04-20 11:53:10.870]: NameResolver - to parse 使用可能なすべてのコンポーネントはすでにインストールされています。「取消し」をクリックしてインストーラを終了します。
[2019-04-20 11:53:12.882]: NameResolver - to parse 使用可能なすべてのコンポーネントはすでにインストールされています。「取消し」をクリックしてインストーラを終了します。
[2019-04-20 11:53:14.890]: NameResolver - to parse 使用可能なすべてのコンポーネントはすでにインストールされています。「取消し」をクリックしてインストーラを終了します。
[2019-04-20 11:53:16.891]: NameResolver - to parse 使用可能なすべてのコンポーネントはすでにインストールされています。「取消し」をクリックしてインストーラを終了します。
[2019-04-20 11:53:18.909]: NameResolver - to parse 使用可能なすべてのコンポーネントはすでにインストールされています。「取消し」をクリックしてインストーラを終了します。
[2019-04-20 11:53:20.919]: NameResolver - to parse 使用可能なすべてのコンポーネントはすでにインストールされています。「取消し」をクリックしてインストーラを終了します。
[2019-04-20 11:53:22.925]: NameResolver - to parse 使用可能なすべてのコンポーネントはすでにインストールされています。「取消し」をクリックしてインストーラを終了します。
[2019-04-20 11:53:24.932]: NameResolver - to parse 使用可能なすべてのコンポーネントはすでにインストールされています。「取消し」をクリックしてインストーラを終了します。
[2019-04-20 11:53:26.946]: NameResolver - to parse 使用可能なすべてのコンポーネントはすでにインストールされています。「取消し」をクリックしてインストーラを終了します。
[2019-04-20 11:53:28.958]: NameResolver - to parse 使用可能なすべてのコンポーネントはすでにインストールされています。「取消し」をクリックしてインストーラを終了します。
[2019-04-20 11:53:30.963]: NameResolver - to parse 使用可能なすべてのコンポーネントはすでにインストールされています。「取消し」をクリックしてインストーラを終了します。
[2019-04-20 11:53:32.967]: NameResolver - to parse 使用可能なすべてのコンポーネントはすでにインストールされています。「取消し」をクリックしてインストーラを終了します。
[2019-04-20 11:53:34.972]: NameResolver - to parse 使用可能なすべてのコンポーネントはすでにインストールされています。「取消し」をクリックしてインストーラを終了します。
[2019-04-20 11:53:36.979]: NameResolver - to parse 使用可能なすべてのコンポーネントはすでにインストールされています。「取消し」をクリックしてインストーラを終了します。
[2019-04-20 11:53:38.986]: NameResolver - to parse 使用可能なすべてのコンポーネントはすでにインストールされています。「取消し」をクリックしてインストーラを終了します。
[2019-04-20 11:53:40.992]: NameResolver - to parse 使用可能なすべてのコンポーネントはすでにインストールされています。「取消し」をクリックしてインストーラを終了します。
[2019-04-20 11:53:43.000]: NameResolver - to parse 使用可能なすべてのコンポーネントはすでにインストールされています。「取消し」をクリックしてインストーラを終了します。
[2019-04-20 11:53:45.004]: NameResolver - to parse 使用可能なすべてのコンポーネントはすでにインストールされています。「取消し」をクリックしてインストーラを終了します。
[2019-04-20 11:53:47.011]: NameResolver - to parse 使用可能なすべてのコンポーネントはすでにインストールされています。「取消し」をクリックしてインストーラを終了します。
[2019-04-20 11:53:49.016]: NameResolver - to parse 使用可能なすべてのコンポーネントはすでにインストールされています。「取消し」をクリックしてインストーラを終了します。
[2019-04-20 11:53:51.021]: NameResolver - to parse 使用可能なすべてのコンポーネントはすでにインストールされています。「取消し」をクリックしてインストーラを終了します。
[2019-04-20 11:53:53.031]: NameResolver - to parse 使用可能なすべてのコンポーネントはすでにインストールされています。「取消し」をクリックしてインストーラを終了します。
[2019-04-20 11:53:55.039]: NameResolver - to parse 使用可能なすべてのコンポーネントはすでにインストールされています。「取消し」をクリックしてインストーラを終了します。
[2019-04-20 11:53:57.052]: NameResolver - to parse 使用可能なすべてのコンポーネントはすでにインストールされています。「取消し」をクリックしてインストーラを終了します。
[2019-04-20 11:53:59.062]: NameResolver - to parse 使用可能なすべてのコンポーネントはすでにインストールされています。「取消し」をクリックしてインストーラを終了します。
[2019-04-20 11:54:01.072]: NameResolver - to parse 使用可能なすべてのコンポーネントはすでにインストールされています。「取消し」をクリックしてインストーラを終了します。
[2019-04-20 11:54:03.081]: NameResolver - to parse 使用可能なすべてのコンポーネントはすでにインストールされています。「取消し」をクリックしてインストーラを終了します。
[2019-04-20 11:54:05.090]: NameResolver - to parse 使用可能なすべてのコンポーネントはすでにインストールされています。「取消し」をクリックしてインストーラを終了します。
[2019-04-20 11:54:07.099]: NameResolver - to parse 使用可能なすべてのコンポーネントはすでにインストールされています。「取消し」をクリックしてインストーラを終了します。
[2019-04-20 11:54:09.112]: NameResolver - to parse 使用可能なすべてのコンポーネントはすでにインストールされています。「取消し」をクリックしてインストーラを終了します。
[2019-04-20 11:54:11.119]: NameResolver - to parse 使用可能なすべてのコンポーネントはすでにインストールされています。「取消し」をクリックしてインストーラを終了します。
[2019-04-20 11:54:13.125]: NameResolver - to parse 使用可能なすべてのコンポーネントはすでにインストールされています。「取消し」をクリックしてインストーラを終了します。
[2019-04-20 11:54:15.130]: NameResolver - to parse 使用可能なすべてのコンポーネントはすでにインストールされています。「取消し」をクリックしてインストーラを終了します。
[2019-04-20 11:54:17.137]: NameResolver - to parse 使用可能なすべてのコンポーネントはすでにインストールされています。「取消し」をクリックしてインストーラを終了します。
[2019-04-20 11:54:19.147]: NameResolver - to parse 使用可能なすべてのコンポーネントはすでにインストールされています。「取消し」をクリックしてインストーラを終了します。
[2019-04-20 11:54:21.157]: NameResolver - to parse 使用可能なすべてのコンポーネントはすでにインストールされています。「取消し」をクリックしてインストーラを終了します。
[2019-04-20 11:54:23.163]: NameResolver - to parse 使用可能なすべてのコンポーネントはすでにインストールされています。「取消し」をクリックしてインストーラを終了します。
[2019-04-20 11:54:25.167]: NameResolver - to parse 使用可能なすべてのコンポーネントはすでにインストールされています。「取消し」をクリックしてインストーラを終了します。
[2019-04-20 11:54:27.180]: NameResolver - to parse 使用可能なすべてのコンポーネントはすでにインストールされています。「取消し」をクリックしてインストーラを終了します。
[2019-04-20 11:54:29.195]: NameResolver - to parse 使用可能なすべてのコンポーネントはすでにインストールされています。「取消し」をクリックしてインストーラを終了します。
[2019-04-20 11:54:31.209]: NameResolver - to parse 使用可能なすべてのコンポーネントはすでにインストールされています。「取消し」をクリックしてインストーラを終了します。
[2019-04-20 11:54:33.223]: NameResolver - to parse 使用可能なすべてのコンポーネントはすでにインストールされています。「取消し」をクリックしてインストーラを終了します。
[2019-04-20 11:54:35.236]: NameResolver - to parse 使用可能なすべてのコンポーネントはすでにインストールされています。「取消し」をクリックしてインストーラを終了します。
[2019-04-20 11:54:37.248]: NameResolver - to parse 使用可能なすべてのコンポーネントはすでにインストールされています。「取消し」をクリックしてインストーラを終了します。
[2019-04-20 11:54:39.261]: NameResolver - to parse 使用可能なすべてのコンポーネントはすでにインストールされています。「取消し」をクリックしてインストーラを終了します。
[2019-04-20 11:54:41.274]: NameResolver - to parse 使用可能なすべてのコンポーネントはすでにインストールされています。「取消し」をクリックしてインストーラを終了します。
[2019-04-20 11:54:43.285]: NameResolver - to parse 使用可能なすべてのコンポーネントはすでにインストールされています。「取消し」をクリックしてインストーラを終了します。
[2019-04-20 11:54:45.287]: NameResolver - to parse 使用可能なすべてのコンポーネントはすでにインストールされています。「取消し」をクリックしてインストーラを終了します。
[2019-04-20 11:54:47.302]: NameResolver - to parse 使用可能なすべてのコンポーネントはすでにインストールされています。「取消し」をクリックしてインストーラを終了します。
[2019-04-20 11:54:49.317]: NameResolver - to parse 使用可能なすべてのコンポーネントはすでにインストールされています。「取消し」をクリックしてインストーラを終了します。
[2019-04-20 11:54:51.330]: NameResolver - to parse 使用可能なすべてのコンポーネントはすでにインストールされています。「取消し」をクリックしてインストーラを終了します。
[2019-04-20 11:54:53.344]: NameResolver - to parse 使用可能なすべてのコンポーネントはすでにインストールされています。「取消し」をクリックしてインストーラを終了します。
[2019-04-20 11:54:55.358]: NameResolver - to parse 使用可能なすべてのコンポーネントはすでにインストールされています。「取消し」をクリックしてインストーラを終了します。
[2019-04-20 11:54:57.371]: NameResolver - to parse 使用可能なすべてのコンポーネントはすでにインストールされています。「取消し」をクリックしてインストーラを終了します。
[2019-04-20 11:54:59.386]: NameResolver - to parse 使用可能なすべてのコンポーネントはすでにインストールされています。「取消し」をクリックしてインストーラを終了します。
[2019-04-20 11:55:01.393]: NameResolver - to parse 使用可能なすべてのコンポーネントはすでにインストールされています。「取消し」をクリックしてインストーラを終了します。
[2019-04-20 11:55:03.407]: NameResolver - to parse 使用可能なすべてのコンポーネントはすでにインストールされています。「取消し」をクリックしてインストーラを終了します。
[2019-04-20 11:55:05.420]: NameResolver - to parse 使用可能なすべてのコンポーネントはすでにインストールされています。「取消し」をクリックしてインストーラを終了します。
[2019-04-20 11:55:07.434]: NameResolver - to parse 使用可能なすべてのコンポーネントはすでにインストールされています。「取消し」をクリックしてインストーラを終了します。
[2019-04-20 11:55:09.446]: NameResolver - to parse 使用可能なすべてのコンポーネントはすでにインストールされています。「取消し」をクリックしてインストーラを終了します。
[2019-04-20 11:55:11.458]: NameResolver - to parse 使用可能なすべてのコンポーネントはすでにインストールされています。「取消し」をクリックしてインストーラを終了します。
[2019-04-20 11:55:13.469]: NameResolver - to parse 使用可能なすべてのコンポーネントはすでにインストールされています。「取消し」をクリックしてインストーラを終了します。
[2019-04-20 11:55:15.481]: NameResolver - to parse 使用可能なすべてのコンポーネントはすでにインストールされています。「取消し」をクリックしてインストーラを終了します。
[2019-04-20 11:55:17.493]: NameResolver - to parse 使用可能なすべてのコンポーネントはすでにインストールされています。「取消し」をクリックしてインストーラを終了します。
[2019-04-20 11:55:19.508]: NameResolver - to parse 使用可能なすべてのコンポーネントはすでにインストールされています。「取消し」をクリックしてインストーラを終了します。
[2019-04-20 11:55:21.522]: NameResolver - to parse 使用可能なすべてのコンポーネントはすでにインストールされています。「取消し」をクリックしてインストーラを終了します。
[2019-04-20 11:55:23.536]: NameResolver - to parse 使用可能なすべてのコンポーネントはすでにインストールされています。「取消し」をクリックしてインストーラを終了します。
[2019-04-20 11:55:25.550]: NameResolver - to parse 使用可能なすべてのコンポーネントはすでにインストールされています。「取消し」をクリックしてインストーラを終了します。
[2019-04-20 11:55:27.564]: NameResolver - to parse 使用可能なすべてのコンポーネントはすでにインストールされています。「取消し」をクリックしてインストーラを終了します。
[2019-04-20 11:55:29.578]: NameResolver - to parse 使用可能なすべてのコンポーネントはすでにインストールされています。「取消し」をクリックしてインストーラを終了します。
[2019-04-20 11:55:31.591]: NameResolver - to parse 使用可能なすべてのコンポーネントはすでにインストールされています。「取消し」をクリックしてインストーラを終了します。
[2019-04-20 11:55:33.605]: NameResolver - to parse 使用可能なすべてのコンポーネントはすでにインストールされています。「取消し」をクリックしてインストーラを終了します。
[2019-04-20 11:55:35.620]: NameResolver - to parse 使用可能なすべてのコンポーネントはすでにインストールされています。「取消し」をクリックしてインストーラを終了します。
[2019-04-20 11:55:37.634]: NameResolver - to parse 使用可能なすべてのコンポーネントはすでにインストールされています。「取消し」をクリックしてインストーラを終了します。
[2019-04-20 11:55:39.648]: NameResolver - to parse 使用可能なすべてのコンポーネントはすでにインストールされています。「取消し」をクリックしてインストーラを終了します。
[2019-04-20 11:55:41.660]: NameResolver - to parse 使用可能なすべてのコンポーネントはすでにインストールされています。「取消し」をクリックしてインストーラを終了します。
[2019-04-20 11:55:43.673]: NameResolver - to parse 使用可能なすべてのコンポーネントはすでにインストールされています。「取消し」をクリックしてインストーラを終了します。
[2019-04-20 11:55:45.684]: NameResolver - to parse 使用可能なすべてのコンポーネントはすでにインストールされています。「取消し」をクリックしてインストーラを終了します。
[2019-04-20 11:55:47.698]: NameResolver - to parse 使用可能なすべてのコンポーネントはすでにインストールされています。「取消し」をクリックしてインストーラを終了します。
[2019-04-20 11:55:49.712]: NameResolver - to parse 使用可能なすべてのコンポーネントはすでにインストールされています。「取消し」をクリックしてインストーラを終了します。
[2019-04-20 11:55:51.727]: NameResolver - to parse 使用可能なすべてのコンポーネントはすでにインストールされています。「取消し」をクリックしてインストーラを終了します。
[2019-04-20 11:55:53.741]: NameResolver - to parse 使用可能なすべてのコンポーネントはすでにインストールされています。「取消し」をクリックしてインストーラを終了します。
[2019-04-20 11:55:55.753]: NameResolver - to parse 使用可能なすべてのコンポーネントはすでにインストールされています。「取消し」をクリックしてインストーラを終了します。
[2019-04-20 11:55:57.766]: NameResolver - to parse 使用可能なすべてのコンポーネントはすでにインストールされています。「取消し」をクリックしてインストーラを終了します。
[2019-04-20 11:55:59.781]: NameResolver - to parse 使用可能なすべてのコンポーネントはすでにインストールされています。「取消し」をクリックしてインストーラを終了します。
[2019-04-20 11:56:01.793]: NameResolver - to parse 使用可能なすべてのコンポーネントはすでにインストールされています。「取消し」をクリックしてインストーラを終了します。
[2019-04-20 11:56:03.808]: NameResolver - to parse 使用可能なすべてのコンポーネントはすでにインストールされています。「取消し」をクリックしてインストーラを終了します。
[2019-04-20 11:56:05.821]: NameResolver - to parse 使用可能なすべてのコンポーネントはすでにインストールされています。「取消し」をクリックしてインストーラを終了します。
[2019-04-20 11:56:07.835]: NameResolver - to parse 使用可能なすべてのコンポーネントはすでにインストールされています。「取消し」をクリックしてインストーラを終了します。
[2019-04-20 11:56:09.847]: NameResolver - to parse 使用可能なすべてのコンポーネントはすでにインストールされています。「取消し」をクリックしてインストーラを終了します。
[2019-04-20 11:56:11.861]: NameResolver - to parse 使用可能なすべてのコンポーネントはすでにインストールされています。「取消し」をクリックしてインストーラを終了します。
[2019-04-20 11:56:13.873]: NameResolver - to parse 使用可能なすべてのコンポーネントはすでにインストールされています。「取消し」をクリックしてインストーラを終了します。
[2019-04-20 11:56:15.887]: NameResolver - to parse 使用可能なすべてのコンポーネントはすでにインストールされています。「取消し」をクリックしてインストーラを終了します。
[2019-04-20 11:56:17.901]: NameResolver - to parse 使用可能なすべてのコンポーネントはすでにインストールされています。「取消し」をクリックしてインストーラを終了します。
[2019-04-20 11:56:19.916]: NameResolver - to parse 使用可能なすべてのコンポーネントはすでにインストールされています。「取消し」をクリックしてインストーラを終了します。
[2019-04-20 11:56:21.929]: NameResolver - to parse 使用可能なすべてのコンポーネントはすでにインストールされています。「取消し」をクリックしてインストーラを終了します。
[2019-04-20 11:56:23.942]: NameResolver - to parse 使用可能なすべてのコンポーネントはすでにインストールされています。「取消し」をクリックしてインストーラを終了します。
[2019-04-20 11:56:25.956]: NameResolver - to parse 使用可能なすべてのコンポーネントはすでにインストールされています。「取消し」をクリックしてインストーラを終了します。
[2019-04-20 11:56:27.968]: NameResolver - to parse 使用可能なすべてのコンポーネントはすでにインストールされています。「取消し」をクリックしてインストーラを終了します。
[2019-04-20 11:56:29.982]: NameResolver - to parse 使用可能なすべてのコンポーネントはすでにインストールされています。「取消し」をクリックしてインストーラを終了します。
[2019-04-20 11:56:31.995]: NameResolver - to parse 使用可能なすべてのコンポーネントはすでにインストールされています。「取消し」をクリックしてインストーラを終了します。
[2019-04-20 11:56:34.009]: NameResolver - to parse 使用可能なすべてのコンポーネントはすでにインストールされています。「取消し」をクリックしてインストーラを終了します。
[2019-04-20 11:56:36.023]: NameResolver - to parse 使用可能なすべてのコンポーネントはすでにインストールされています。「取消し」をクリックしてインストーラを終了します。
[2019-04-20 11:56:38.037]: NameResolver - to parse 使用可能なすべてのコンポーネントはすでにインストールされています。「取消し」をクリックしてインストーラを終了します。
[2019-04-20 11:56:40.047]: NameResolver - to parse 使用可能なすべてのコンポーネントはすでにインストールされています。「取消し」をクリックしてインストーラを終了します。
[2019-04-20 11:56:42.059]: NameResolver - to parse 使用可能なすべてのコンポーネントはすでにインストールされています。「取消し」をクリックしてインストーラを終了します。
[2019-04-20 11:56:44.073]: NameResolver - to parse 使用可能なすべてのコンポーネントはすでにインストールされています。「取消し」をクリックしてインストーラを終了します。
[2019-04-20 11:56:46.085]: NameResolver - to parse 使用可能なすべてのコンポーネントはすでにインストールされています。「取消し」をクリックしてインストーラを終了します。
[2019-04-20 11:56:48.098]: NameResolver - to parse 使用可能なすべてのコンポーネントはすでにインストールされています。「取消し」をクリックしてインストーラを終了します。
[2019-04-20 11:56:50.111]: NameResolver - to parse 使用可能なすべてのコンポーネントはすでにインストールされています。「取消し」をクリックしてインストーラを終了します。
[2019-04-20 11:56:52.126]: NameResolver - to parse 使用可能なすべてのコンポーネントはすでにインストールされています。「取消し」をクリックしてインストーラを終了します。
[2019-04-20 11:56:54.140]: NameResolver - to parse 使用可能なすべてのコンポーネントはすでにインストールされています。「取消し」をクリックしてインストーラを終了します。
[2019-04-20 11:56:56.152]: NameResolver - to parse 使用可能なすべてのコンポーネントはすでにインストールされています。「取消し」をクリックしてインストーラを終了します。
[2019-04-20 11:56:58.166]: NameResolver - to parse 使用可能なすべてのコンポーネントはすでにインストールされています。「取消し」をクリックしてインストーラを終了します。
[2019-04-20 11:57:00.181]: NameResolver - to parse 使用可能なすべてのコンポーネントはすでにインストールされています。「取消し」をクリックしてインストーラを終了します。
[2019-04-20 11:57:02.193]: NameResolver - to parse 使用可能なすべてのコンポーネントはすでにインストールされています。「取消し」をクリックしてインストーラを終了します。
[2019-04-20 11:57:04.207]: NameResolver - to parse 使用可能なすべてのコンポーネントはすでにインストールされています。「取消し」をクリックしてインストーラを終了します。
[2019-04-20 11:57:06.220]: NameResolver - to parse 使用可能なすべてのコンポーネントはすでにインストールされています。「取消し」をクリックしてインストーラを終了します。
[2019-04-20 11:57:08.235]: NameResolver - to parse 使用可能なすべてのコンポーネントはすでにインストールされています。「取消し」をクリックしてインストーラを終了します。
[2019-04-20 11:57:10.247]: NameResolver - to parse 使用可能なすべてのコンポーネントはすでにインストールされています。「取消し」をクリックしてインストーラを終了します。
[2019-04-20 11:57:12.260]: NameResolver - to parse 使用可能なすべてのコンポーネントはすでにインストールされています。「取消し」をクリックしてインストーラを終了します。
[2019-04-20 11:57:14.274]: NameResolver - to parse 使用可能なすべてのコンポーネントはすでにインストールされています。「取消し」をクリックしてインストーラを終了します。
[2019-04-20 11:57:16.286]: NameResolver - to parse 使用可能なすべてのコンポーネントはすでにインストールされています。「取消し」をクリックしてインストーラを終了します。
[2019-04-20 11:57:18.299]: NameResolver - to parse 使用可能なすべてのコンポーネントはすでにインストールされています。「取消し」をクリックしてインストーラを終了します。
[2019-04-20 11:57:20.312]: NameResolver - to parse 使用可能なすべてのコンポーネントはすでにインストールされています。「取消し」をクリックしてインストーラを終了します。
[2019-04-20 11:57:22.325]: NameResolver - to parse 使用可能なすべてのコンポーネントはすでにインストールされています。「取消し」をクリックしてインストーラを終了します。
[2019-04-20 11:57:24.340]: NameResolver - to parse 使用可能なすべてのコンポーネントはすでにインストールされています。「取消し」をクリックしてインストーラを終了します。
[2019-04-20 11:57:26.353]: NameResolver - to parse 使用可能なすべてのコンポーネントはすでにインストールされています。「取消し」をクリックしてインストーラを終了します。
[2019-04-20 11:57:28.366]: NameResolver - to parse 使用可能なすべてのコンポーネントはすでにインストールされています。「取消し」をクリックしてインストーラを終了します。
[2019-04-20 11:57:30.378]: NameResolver - to parse 使用可能なすべてのコンポーネントはすでにインストールされています。「取消し」をクリックしてインストーラを終了します。
[2019-04-20 11:57:32.392]: NameResolver - to parse 使用可能なすべてのコンポーネントはすでにインストールされています。「取消し」をクリックしてインストーラを終了します。
[2019-04-20 11:57:34.405]: NameResolver - to parse 使用可能なすべてのコンポーネントはすでにインストールされています。「取消し」をクリックしてインストーラを終了します。
[2019-04-20 11:57:36.419]: NameResolver - to parse 使用可能なすべてのコンポーネントはすでにインストールされています。「取消し」をクリックしてインストーラを終了します。
[2019-04-20 11:57:38.432]: NameResolver - to parse 使用可能なすべてのコンポーネントはすでにインストールされています。「取消し」をクリックしてインストーラを終了します。
[2019-04-20 11:57:40.441]: NameResolver - to parse 使用可能なすべてのコンポーネントはすでにインストールされています。「取消し」をクリックしてインストーラを終了します。
[2019-04-20 11:57:42.453]: NameResolver - to parse 使用可能なすべてのコンポーネントはすでにインストールされています。「取消し」をクリックしてインストーラを終了します。
[2019-04-20 11:57:44.466]: NameResolver - to parse 使用可能なすべてのコンポーネントはすでにインストールされています。「取消し」をクリックしてインストーラを終了します。
[2019-04-20 11:57:46.480]: NameResolver - to parse 使用可能なすべてのコンポーネントはすでにインストールされています。「取消し」をクリックしてインストーラを終了します。
[2019-04-20 11:57:48.494]: NameResolver - to parse 使用可能なすべてのコンポーネントはすでにインストールされています。「取消し」をクリックしてインストーラを終了します。
[2019-04-20 11:57:50.508]: NameResolver - to parse 使用可能なすべてのコンポーネントはすでにインストールされています。「取消し」をクリックしてインストーラを終了します。
[2019-04-20 11:57:52.523]: NameResolver - to parse 使用可能なすべてのコンポーネントはすでにインストールされています。「取消し」をクリックしてインストーラを終了します。
[2019-04-20 11:57:54.536]: NameResolver - to parse 使用可能なすべてのコンポーネントはすでにインストールされています。「取消し」をクリックしてインストーラを終了します。
[2019-04-20 11:57:56.548]: NameResolver - to parse 使用可能なすべてのコンポーネントはすでにインストールされています。「取消し」をクリックしてインストーラを終了します。
[2019-04-20 11:57:58.561]: NameResolver - to parse 使用可能なすべてのコンポーネントはすでにインストールされています。「取消し」をクリックしてインストーラを終了します。
[2019-04-20 11:58:00.572]: NameResolver - to parse 使用可能なすべてのコンポーネントはすでにインストールされています。「取消し」をクリックしてインストーラを終了します。
[2019-04-20 11:58:02.586]: NameResolver - to parse 使用可能なすべてのコンポーネントはすでにインストールされています。「取消し」をクリックしてインストーラを終了します。
[2019-04-20 11:58:04.600]: NameResolver - to parse 使用可能なすべてのコンポーネントはすでにインストールされています。「取消し」をクリックしてインストーラを終了します。
[2019-04-20 11:58:06.612]: NameResolver - to parse 使用可能なすべてのコンポーネントはすでにインストールされています。「取消し」をクリックしてインストーラを終了します。
[2019-04-20 11:58:08.626]: NameResolver - to parse 使用可能なすべてのコンポーネントはすでにインストールされています。「取消し」をクリックしてインストーラを終了します。
[2019-04-20 11:58:10.641]: NameResolver - to parse 使用可能なすべてのコンポーネントはすでにインストールされています。「取消し」をクリックしてインストーラを終了します。
[2019-04-20 11:58:12.654]: NameResolver - to parse 使用可能なすべてのコンポーネントはすでにインストールされています。「取消し」をクリックしてインストーラを終了します。
[2019-04-20 11:58:14.655]: NameResolver - to parse 使用可能なすべてのコンポーネントはすでにインストールされています。「取消し」をクリックしてインストーラを終了します。
[2019-04-20 11:58:16.668]: NameResolver - to parse 使用可能なすべてのコンポーネントはすでにインストールされています。「取消し」をクリックしてインストーラを終了します。
[2019-04-20 11:58:18.682]: NameResolver - to parse 使用可能なすべてのコンポーネントはすでにインストールされています。「取消し」をクリックしてインストーラを終了します。
[2019-04-20 11:58:20.695]: NameResolver - to parse 使用可能なすべてのコンポーネントはすでにインストールされています。「取消し」をクリックしてインストーラを終了します。
[2019-04-20 11:58:22.701]: NameResolver - to parse 使用可能なすべてのコンポーネントはすでにインストールされています。「取消し」をクリックしてインストーラを終了します。
[2019-04-20 11:58:24.706]: NameResolver - to parse 使用可能なすべてのコンポーネントはすでにインストールされています。「取消し」をクリックしてインストーラを終了します。
[2019-04-20 11:58:26.711]: NameResolver - to parse 使用可能なすべてのコンポーネントはすでにインストールされています。「取消し」をクリックしてインストーラを終了します。
[2019-04-20 11:58:28.717]: NameResolver - to parse 使用可能なすべてのコンポーネントはすでにインストールされています。「取消し」をクリックしてインストーラを終了します。
[2019-04-20 11:58:30.723]: NameResolver - to parse 使用可能なすべてのコンポーネントはすでにインストールされています。「取消し」をクリックしてインストーラを終了します。
[2019-04-20 11:58:32.728]: NameResolver - to parse 使用可能なすべてのコンポーネントはすでにインストールされています。「取消し」をクリックしてインストーラを終了します。
[2019-04-20 11:58:34.734]: NameResolver - to parse 使用可能なすべてのコンポーネントはすでにインストールされています。「取消し」をクリックしてインストーラを終了します。
[2019-04-20 11:58:36.739]: NameResolver - to parse 使用可能なすべてのコンポーネントはすでにインストールされています。「取消し」をクリックしてインストーラを終了します。
[2019-04-20 11:58:38.745]: NameResolver - to parse 使用可能なすべてのコンポーネントはすでにインストールされています。「取消し」をクリックしてインストーラを終了します。
[2019-04-20 11:58:40.751]: NameResolver - to parse 使用可能なすべてのコンポーネントはすでにインストールされています。「取消し」をクリックしてインストーラを終了します。
[2019-04-20 11:58:42.756]: NameResolver - to parse 使用可能なすべてのコンポーネントはすでにインストールされています。「取消し」をクリックしてインストーラを終了します。
[2019-04-20 11:58:44.762]: NameResolver - to parse 使用可能なすべてのコンポーネントはすでにインストールされています。「取消し」をクリックしてインストーラを終了します。
[2019-04-20 11:58:46.768]: NameResolver - to parse 使用可能なすべてのコンポーネントはすでにインストールされています。「取消し」をクリックしてインストーラを終了します。
[2019-04-20 11:58:48.774]: NameResolver - to parse 使用可能なすべてのコンポーネントはすでにインストールされています。「取消し」をクリックしてインストーラを終了します。
[2019-04-20 11:58:50.780]: NameResolver - to parse 使用可能なすべてのコンポーネントはすでにインストールされています。「取消し」をクリックしてインストーラを終了します。
[2019-04-20 11:58:52.786]: NameResolver - to parse 使用可能なすべてのコンポーネントはすでにインストールされています。「取消し」をクリックしてインストーラを終了します。
[2019-04-20 11:58:54.792]: NameResolver - to parse 使用可能なすべてのコンポーネントはすでにインストールされています。「取消し」をクリックしてインストーラを終了します。
[2019-04-20 11:58:56.801]: NameResolver - to parse 使用可能なすべてのコンポーネントはすでにインストールされています。「取消し」をクリックしてインストーラを終了します。
[2019-04-20 11:58:58.809]: NameResolver - to parse 使用可能なすべてのコンポーネントはすでにインストールされています。「取消し」をクリックしてインストーラを終了します。
[2019-04-20 11:59:00.815]: NameResolver - to parse 使用可能なすべてのコンポーネントはすでにインストールされています。「取消し」をクリックしてインストーラを終了します。
[2019-04-20 11:59:02.820]: NameResolver - to parse 使用可能なすべてのコンポーネントはすでにインストールされています。「取消し」をクリックしてインストーラを終了します。
[2019-04-20 11:59:04.826]: NameResolver - to parse 使用可能なすべてのコンポーネントはすでにインストールされています。「取消し」をクリックしてインストーラを終了します。
[2019-04-20 11:59:06.832]: NameResolver - to parse 使用可能なすべてのコンポーネントはすでにインストールされています。「取消し」をクリックしてインストーラを終了します。
[2019-04-20 11:59:08.837]: NameResolver - to parse 使用可能なすべてのコンポーネントはすでにインストールされています。「取消し」をクリックしてインストーラを終了します。
[2019-04-20 11:59:10.843]: NameResolver - to parse 使用可能なすべてのコンポーネントはすでにインストールされています。「取消し」をクリックしてインストーラを終了します。
[2019-04-20 11:59:12.849]: NameResolver - to parse 使用可能なすべてのコンポーネントはすでにインストールされています。「取消し」をクリックしてインストーラを終了します。
[2019-04-20 11:59:14.855]: NameResolver - to parse 使用可能なすべてのコンポーネントはすでにインストールされています。「取消し」をクリックしてインストーラを終了します。
[2019-04-20 11:59:16.861]: NameResolver - to parse 使用可能なすべてのコンポーネントはすでにインストールされています。「取消し」をクリックしてインストーラを終了します。
[2019-04-20 11:59:18.867]: NameResolver - to parse 使用可能なすべてのコンポーネントはすでにインストールされています。「取消し」をクリックしてインストーラを終了します。
[2019-04-20 11:59:20.872]: NameResolver - to parse 使用可能なすべてのコンポーネントはすでにインストールされています。「取消し」をクリックしてインストーラを終了します。
[2019-04-20 11:59:22.882]: NameResolver - to parse 使用可能なすべてのコンポーネントはすでにインストールされています。「取消し」をクリックしてインストーラを終了します。
[2019-04-20 11:59:24.888]: NameResolver - to parse 使用可能なすべてのコンポーネントはすでにインストールされています。「取消し」をクリックしてインストーラを終了します。
[2019-04-20 11:59:26.893]: NameResolver - to parse 使用可能なすべてのコンポーネントはすでにインストールされています。「取消し」をクリックしてインストーラを終了します。
[2019-04-20 11:59:28.899]: NameResolver - to parse 使用可能なすべてのコンポーネントはすでにインストールされています。「取消し」をクリックしてインストーラを終了します。
[2019-04-20 11:59:30.909]: NameResolver - to parse 使用可能なすべてのコンポーネントはすでにインストールされています。「取消し」をクリックしてインストーラを終了します。
[2019-04-20 11:59:32.915]: NameResolver - to parse 使用可能なすべてのコンポーネントはすでにインストールされています。「取消し」をクリックしてインストーラを終了します。
[2019-04-20 11:59:34.928]: NameResolver - to parse 使用可能なすべてのコンポーネントはすでにインストールされています。「取消し」をクリックしてインストーラを終了します。
[2019-04-20 11:59:36.941]: NameResolver - to parse 使用可能なすべてのコンポーネントはすでにインストールされています。「取消し」をクリックしてインストーラを終了します。
[2019-04-20 11:59:38.953]: NameResolver - to parse 使用可能なすべてのコンポーネントはすでにインストールされています。「取消し」をクリックしてインストーラを終了します。
[2019-04-20 11:59:40.967]: NameResolver - to parse 使用可能なすべてのコンポーネントはすでにインストールされています。「取消し」をクリックしてインストーラを終了します。
[2019-04-20 11:59:42.979]: NameResolver - to parse 使用可能なすべてのコンポーネントはすでにインストールされています。「取消し」をクリックしてインストーラを終了します。
[2019-04-20 11:59:44.989]: NameResolver - to parse 使用可能なすべてのコンポーネントはすでにインストールされています。「取消し」をクリックしてインストーラを終了します。
[2019-04-20 11:59:47.002]: NameResolver - to parse 使用可能なすべてのコンポーネントはすでにインストールされています。「取消し」をクリックしてインストーラを終了します。
[2019-04-20 11:59:49.017]: NameResolver - to parse 使用可能なすべてのコンポーネントはすでにインストールされています。「取消し」をクリックしてインストーラを終了します。
[2019-04-20 11:59:51.031]: NameResolver - to parse 使用可能なすべてのコンポーネントはすでにインストールされています。「取消し」をクリックしてインストーラを終了します。
[2019-04-20 11:59:53.045]: NameResolver - to parse 使用可能なすべてのコンポーネントはすでにインストールされています。「取消し」をクリックしてインストーラを終了します。
[2019-04-20 11:59:55.058]: NameResolver - to parse 使用可能なすべてのコンポーネントはすでにインストールされています。「取消し」をクリックしてインストーラを終了します。
[2019-04-20 11:59:57.073]: NameResolver - to parse 使用可能なすべてのコンポーネントはすでにインストールされています。「取消し」をクリックしてインストーラを終了します。
[2019-04-20 11:59:59.088]: NameResolver - to parse 使用可能なすべてのコンポーネントはすでにインストールされています。「取消し」をクリックしてインストーラを終了します。
[2019-04-20 12:00:01.096]: NameResolver - to parse 使用可能なすべてのコンポーネントはすでにインストールされています。「取消し」をクリックしてインストーラを終了します。
[2019-04-20 12:00:03.109]: NameResolver - to parse 使用可能なすべてのコンポーネントはすでにインストールされています。「取消し」をクリックしてインストーラを終了します。
[2019-04-20 12:00:05.123]: NameResolver - to parse 使用可能なすべてのコンポーネントはすでにインストールされています。「取消し」をクリックしてインストーラを終了します。
[2019-04-20 12:00:07.133]: NameResolver - to parse 使用可能なすべてのコンポーネントはすでにインストールされています。「取消し」をクリックしてインストーラを終了します。
[2019-04-20 12:00:09.146]: NameResolver - to parse 使用可能なすべてのコンポーネントはすでにインストールされています。「取消し」をクリックしてインストーラを終了します。
[2019-04-20 12:00:11.161]: NameResolver - to parse 使用可能なすべてのコンポーネントはすでにインストールされています。「取消し」をクリックしてインストーラを終了します。
[2019-04-20 12:00:13.174]: NameResolver - to parse 使用可能なすべてのコンポーネントはすでにインストールされています。「取消し」をクリックしてインストーラを終了します。
[2019-04-20 12:00:15.189]: NameResolver - to parse 使用可能なすべてのコンポーネントはすでにインストールされています。「取消し」をクリックしてインストーラを終了します。
[2019-04-20 12:00:17.217]: NameResolver - to parse 使用可能なすべてのコンポーネントはすでにインストールされています。「取消し」をクリックしてインストーラを終了します。
[2019-04-20 12:00:19.232]: NameResolver - to parse 使用可能なすべてのコンポーネントはすでにインストールされています。「取消し」をクリックしてインストーラを終了します。
[2019-04-20 12:00:21.245]: NameResolver - to parse 使用可能なすべてのコンポーネントはすでにインストールされています。「取消し」をクリックしてインストーラを終了します。
[2019-04-20 12:00:23.259]: NameResolver - to parse 使用可能なすべてのコンポーネントはすでにインストールされています。「取消し」をクリックしてインストーラを終了します。
[2019-04-20 12:00:25.273]: NameResolver - to parse 使用可能なすべてのコンポーネントはすでにインストールされています。「取消し」をクリックしてインストーラを終了します。
[2019-04-20 12:00:27.287]: NameResolver - to parse 使用可能なすべてのコンポーネントはすでにインストールされています。「取消し」をクリックしてインストーラを終了します。
[2019-04-20 12:00:29.301]: NameResolver - to parse 使用可能なすべてのコンポーネントはすでにインストールされています。「取消し」をクリックしてインストーラを終了します。
[2019-04-20 12:00:31.316]: NameResolver - to parse 使用可能なすべてのコンポーネントはすでにインストールされています。「取消し」をクリックしてインストーラを終了します。
[2019-04-20 12:00:33.330]: NameResolver - to parse 使用可能なすべてのコンポーネントはすでにインストールされています。「取消し」をクリックしてインストーラを終了します。
[2019-04-20 12:00:35.336]: NameResolver - to parse 使用可能なすべてのコンポーネントはすでにインストールされています。「取消し」をクリックしてインストーラを終了します。
[2019-04-20 12:00:37.342]: NameResolver - to parse 使用可能なすべてのコンポーネントはすでにインストールされています。「取消し」をクリックしてインストーラを終了します。
[2019-04-20 12:00:39.348]: NameResolver - to parse 使用可能なすべてのコンポーネントはすでにインストールされています。「取消し」をクリックしてインストーラを終了します。
[2019-04-20 12:00:41.353]: NameResolver - to parse 使用可能なすべてのコンポーネントはすでにインストールされています。「取消し」をクリックしてインストーラを終了します。
[2019-04-20 12:00:43.358]: NameResolver - to parse 使用可能なすべてのコンポーネントはすでにインストールされています。「取消し」をクリックしてインストーラを終了します。
[2019-04-20 12:00:45.365]: NameResolver - to parse 使用可能なすべてのコンポーネントはすでにインストールされています。「取消し」をクリックしてインストーラを終了します。
[2019-04-20 12:00:47.369]: NameResolver - to parse 使用可能なすべてのコンポーネントはすでにインストールされています。「取消し」をクリックしてインストーラを終了します。
[2019-04-20 12:00:49.377]: NameResolver - to parse 使用可能なすべてのコンポーネントはすでにインストールされています。「取消し」をクリックしてインストーラを終了します。
[2019-04-20 12:00:51.385]: NameResolver - to parse 使用可能なすべてのコンポーネントはすでにインストールされています。「取消し」をクリックしてインストーラを終了します。
[2019-04-20 12:00:53.398]: NameResolver - to parse 使用可能なすべてのコンポーネントはすでにインストールされています。「取消し」をクリックしてインストーラを終了します。
[2019-04-20 12:00:55.405]: NameResolver - to parse 使用可能なすべてのコンポーネントはすでにインストールされています。「取消し」をクリックしてインストーラを終了します。
[2019-04-20 12:00:57.411]: NameResolver - to parse 使用可能なすべてのコンポーネントはすでにインストールされています。「取消し」をクリックしてインストーラを終了します。
[2019-04-20 12:00:59.418]: NameResolver - to parse 使用可能なすべてのコンポーネントはすでにインストールされています。「取消し」をクリックしてインストーラを終了します。
[2019-04-20 12:01:01.424]: NameResolver - to parse 使用可能なすべてのコンポーネントはすでにインストールされています。「取消し」をクリックしてインストーラを終了します。
[2019-04-20 12:01:03.435]: NameResolver - to parse 使用可能なすべてのコンポーネントはすでにインストールされています。「取消し」をクリックしてインストーラを終了します。
[2019-04-20 12:01:05.446]: NameResolver - to parse 使用可能なすべてのコンポーネントはすでにインストールされています。「取消し」をクリックしてインストーラを終了します。
[2019-04-20 12:01:07.452]: NameResolver - to parse 使用可能なすべてのコンポーネントはすでにインストールされています。「取消し」をクリックしてインストーラを終了します。
[2019-04-20 12:01:09.461]: NameResolver - to parse 使用可能なすべてのコンポーネントはすでにインストールされています。「取消し」をクリックしてインストーラを終了します。
[2019-04-20 12:01:10.282]: NameResolver - to parse 取消
[2019-04-20 12:01:10.282]: NameResolver - to parse 本当に取消しますか?
[2019-04-20 12:01:10.282]: ... showing Yes/No dialog
[2019-04-20 12:01:10.282]:     title: 取消
[2019-04-20 12:01:10.282]:     message: 本当に取消しますか?
[2019-04-20 12:01:11.816]: ... dialog closed, choice : yes
