[2019-04-18 01:50:42.832]: entering -- org.netbeans.installer.Installer.main():81
[2019-04-18 01:50:42.852]: initializing the installer engine
[2019-04-18 01:50:42.852]:     entering -- org.netbeans.installer.Installer.<init>():116
[2019-04-18 01:50:42.852]:     ... initializing ErrorHandler
[2019-04-18 01:50:42.865]:     ... end of ErrorHandler initialization
[2019-04-18 01:50:42.865]:     exiting -- org.netbeans.installer.Installer.<init>():116
[2019-04-18 01:50:42.865]:     entering -- org.netbeans.installer.Installer.<init>():117
[2019-04-18 01:50:42.865]:     dumping target system information
[2019-04-18 01:50:42.865]:         system properties:
[2019-04-18 01:50:42.886]:             awt.toolkit => sun.awt.windows.WToolkit
[2019-04-18 01:50:42.886]:             file.encoding => MS932
[2019-04-18 01:50:42.886]:             file.encoding.pkg => sun.io
[2019-04-18 01:50:42.886]:             file.separator => \
[2019-04-18 01:50:42.886]:             java.awt.graphicsenv => sun.awt.Win32GraphicsEnvironment
[2019-04-18 01:50:42.886]:             java.awt.printerjob => sun.awt.windows.WPrinterJob
[2019-04-18 01:50:42.886]:             java.class.path => C:\Users\Owner\AppData\Local\Temp\\NBI79019.tmp\bundle.jar
[2019-04-18 01:50:42.886]:             java.class.version => 52.0
[2019-04-18 01:50:42.886]:             java.endorsed.dirs => C:\Program Files (x86)\Java\jre1.8.0_171\lib\endorsed
[2019-04-18 01:50:42.886]:             java.ext.dirs => C:\Program Files (x86)\Java\jre1.8.0_171\lib\ext;C:\WINDOWS\Sun\Java\lib\ext
[2019-04-18 01:50:42.886]:             java.home => C:\Program Files (x86)\Java\jre1.8.0_171
[2019-04-18 01:50:42.886]:             java.io.tmpdir => C:\Users\Owner\AppData\Local\Temp\
[2019-04-18 01:50:42.886]:             java.library.path => C:\Program Files (x86)\Java\jre1.8.0_171\bin;C:\WINDOWS\Sun\Java\bin;C:\WINDOWS\system32;C:\WINDOWS;C:\Windows\system32;C:\Windows;C:\Windows\System32\Wbem;C:\Users\Owner\AppData\Local\Microsoft\WindowsApps;.
[2019-04-18 01:50:42.886]:             java.runtime.name => Java(TM) SE Runtime Environment
[2019-04-18 01:50:42.886]:             java.runtime.version => 1.8.0_171-b11
[2019-04-18 01:50:42.886]:             java.specification.name => Java Platform API Specification
[2019-04-18 01:50:42.886]:             java.specification.vendor => Oracle Corporation
[2019-04-18 01:50:42.886]:             java.specification.version => 1.8
[2019-04-18 01:50:42.886]:             java.vendor => Oracle Corporation
[2019-04-18 01:50:42.886]:             java.vendor.url => http://java.oracle.com/
[2019-04-18 01:50:42.886]:             java.vendor.url.bug => http://bugreport.sun.com/bugreport/
[2019-04-18 01:50:42.886]:             java.version => 1.8.0_171
[2019-04-18 01:50:42.886]:             java.vm.info => mixed mode, sharing
[2019-04-18 01:50:42.886]:             java.vm.name => Java HotSpot(TM) Client VM
[2019-04-18 01:50:42.886]:             java.vm.specification.name => Java Virtual Machine Specification
[2019-04-18 01:50:42.886]:             java.vm.specification.vendor => Oracle Corporation
[2019-04-18 01:50:42.886]:             java.vm.specification.version => 1.8
[2019-04-18 01:50:42.886]:             java.vm.vendor => Oracle Corporation
[2019-04-18 01:50:42.886]:             java.vm.version => 25.171-b11
[2019-04-18 01:50:42.886]:             line.separator => 
[2019-04-18 01:50:42.886]:             netbeans.default_cachedir_root => C:\Users\Owner\AppData\Local\NetBeans\Cache
[2019-04-18 01:50:42.886]:             netbeans.default_userdir_root => C:\Users\Owner\AppData\Roaming\NetBeans
[2019-04-18 01:50:42.886]:             os.arch => x86
[2019-04-18 01:50:42.886]:             os.name => Windows 10
[2019-04-18 01:50:42.886]:             os.version => 10.0
[2019-04-18 01:50:42.886]:             path.separator => ;
[2019-04-18 01:50:42.886]:             sun.arch.data.model => 32
[2019-04-18 01:50:42.886]:             sun.boot.class.path => C:\Program Files (x86)\Java\jre1.8.0_171\lib\resources.jar;C:\Program Files (x86)\Java\jre1.8.0_171\lib\rt.jar;C:\Program Files (x86)\Java\jre1.8.0_171\lib\sunrsasign.jar;C:\Program Files (x86)\Java\jre1.8.0_171\lib\jsse.jar;C:\Program Files (x86)\Java\jre1.8.0_171\lib\jce.jar;C:\Program Files (x86)\Java\jre1.8.0_171\lib\charsets.jar;C:\Program Files (x86)\Java\jre1.8.0_171\lib\jfr.jar;C:\Program Files (x86)\Java\jre1.8.0_171\classes
[2019-04-18 01:50:42.886]:             sun.boot.library.path => C:\Program Files (x86)\Java\jre1.8.0_171\bin
[2019-04-18 01:50:42.886]:             sun.cpu.endian => little
[2019-04-18 01:50:42.886]:             sun.cpu.isalist => pentium_pro+mmx pentium_pro pentium+mmx pentium i486 i386 i86
[2019-04-18 01:50:42.886]:             sun.desktop => windows
[2019-04-18 01:50:42.886]:             sun.io.unicode.encoding => UnicodeLittle
[2019-04-18 01:50:42.886]:             sun.java.command => org.netbeans.installer.Installer
[2019-04-18 01:50:42.886]:             sun.java.launcher => SUN_STANDARD
[2019-04-18 01:50:42.886]:             sun.jnu.encoding => MS932
[2019-04-18 01:50:42.886]:             sun.management.compiler => HotSpot Client Compiler
[2019-04-18 01:50:42.886]:             sun.os.patch.level => 
[2019-04-18 01:50:42.886]:             user.country => JP
[2019-04-18 01:50:42.886]:             user.dir => C:\Users\Owner\Desktop
[2019-04-18 01:50:42.902]:             user.home => C:\Users\Owner
[2019-04-18 01:50:42.902]:             user.language => ja
[2019-04-18 01:50:42.902]:             user.name => Owner
[2019-04-18 01:50:42.903]:             user.script => 
[2019-04-18 01:50:42.903]:             user.timezone => Asia/Tokyo
[2019-04-18 01:50:42.903]:             user.variant => 
[2019-04-18 01:50:42.903]:     ... end of target system information
[2019-04-18 01:50:42.904]:     exiting -- org.netbeans.installer.Installer.<init>():117
[2019-04-18 01:50:43.022]:     loading jni library
[2019-04-18 01:50:43.022]:         library resource path: native/jnilib/windows/windows-x86.dll
[2019-04-18 01:50:43.597]:         library file path: C:\Users\Owner\AppData\Local\Temp\nbi-2221257623997875527.tmp
[2019-04-18 01:50:43.652]:         ... successfully loaded the library
[2019-04-18 01:50:43.667]:     entering -- org.netbeans.installer.Installer.<init>():122
[2019-04-18 01:50:43.667]:     parsing command-line arguments
[2019-04-18 01:50:43.682]:         ... no command line arguments were specified
[2019-04-18 01:50:43.682]:     ... finished parsing command line arguments
[2019-04-18 01:50:43.682]:     exiting -- org.netbeans.installer.Installer.<init>():122
[2019-04-18 01:50:43.682]:     entering -- org.netbeans.installer.Installer.<init>():123
[2019-04-18 01:50:43.682]:     loading engine properties
[2019-04-18 01:50:43.682]:         loading engine properties
[2019-04-18 01:50:43.682]:             loading NWP.welcome.page.type => javaee
[2019-04-18 01:50:43.682]:             loading nbi.wizard.ui.swing.frame.title.prefix => NetBeans IDEのインストーラ
[2019-04-18 01:50:43.682]:             loading nbi.product.suggest.install => true
[2019-04-18 01:50:43.682]:             loading nbi.wizard.ui.swing.frame.width.gtk => 704
[2019-04-18 01:50:43.682]:             loading nbi.wizard.ui.swing.frame.minimum.width.nimbus => 624
[2019-04-18 01:50:43.682]:             loading nbi.wizard.ui.swing.frame.minimum.height.nimbus => 512
[2019-04-18 01:50:43.682]:             loading nbi.wizard.ui.swing.frame.width.win.xp => 600
[2019-04-18 01:50:43.682]:             loading nbi.overall.license.jdk5.resource => org/netbeans/installer/product/components/netbeans-license-jdk5.txt
[2019-04-18 01:50:43.682]:             loading nbi.wizard.ui.swing.frame.minimum.width.default => 600
[2019-04-18 01:50:43.682]:             loading nbi.wizard.ui.swing.frame.minimum.height.aqua => 480
[2019-04-18 01:50:43.682]:             loading nbi.wizard.ui.swing.frame.minimum.height.default => 500
[2019-04-18 01:50:43.682]:             loading nbi.overall.license.mysql.resource => org/netbeans/installer/product/components/netbeans-license-mysql.txt
[2019-04-18 01:50:43.682]:             loading nbi.wizard.ui.swing.frame.icon => resource:org/netbeans/installer/wizard/wizard-icon.png
[2019-04-18 01:50:43.682]:             loading nbi.wizard.ui.swing.frame.minimum.height.gtk => 528
[2019-04-18 01:50:43.682]:             loading nbi.wizard.ui.swing.frame.width.aqua => 640
[2019-04-18 01:50:43.682]:             loading nbi.wizard.ui.swing.frame.minimum.height.motif => 470
[2019-04-18 01:50:43.682]:             loading nbi.wizard.ui.swing.welcome.left.bottom.image => resource:org/netbeans/installer/wizard/components/panels/netbeans/resources/welcome-left-bottom.png
[2019-04-18 01:50:43.682]:             loading nbi.wizard.ui.swing.frame.height.gtk => 528
[2019-04-18 01:50:43.682]:             loading nbi.wizard.ui.swing.frame.minimum.width.motif => 624
[2019-04-18 01:50:43.682]:             loading nbi.wizard.ui.swing.frame.minimum.width.gtk => 704
[2019-04-18 01:50:43.682]:             loading nbi.junit.license.resource => org/netbeans/installer/product/components/junit-license.txt
[2019-04-18 01:50:43.682]:             loading nbi.wizard.ui.swing.frame.width.metal => 624
[2019-04-18 01:50:43.682]:             loading nbi.wizard.ui.swing.frame.height.win.xp => 450
[2019-04-18 01:50:43.682]:             loading nbi.wizard.ui.swing.frame.height.nimbus => 512
[2019-04-18 01:50:43.682]:             loading nbi.overall.license.javafx.resource => org/netbeans/installer/product/components/netbeans-license-javafx.txt
[2019-04-18 01:50:43.699]:             loading nbi.wizard.ui.swing.frame.minimum.width.aqua => 640
[2019-04-18 01:50:43.699]:             loading nbi.wizard.ui.swing.frame.width.default => 600
[2019-04-18 01:50:43.699]:             loading nbi.wizard.ui.swing.frame.head.right.image => resource:org/netbeans/installer/wizard/wizard-description-background.png
[2019-04-18 01:50:43.700]:             loading nbi.wizard.ui.swing.frame.minimum.height.win.xp => 450
[2019-04-18 01:50:43.700]:             loading nbi.wizard.ui.swing.frame.width.nimbus => 624
[2019-04-18 01:50:43.700]:             loading nbi.wizard.ui.swing.frame.minimum.height.win.classic => 442
[2019-04-18 01:50:43.700]:             loading nbi.overall.license.jtb.resource => org/netbeans/installer/product/components/netbeans-license-jtb.txt
[2019-04-18 01:50:43.700]:             loading nbi.wizard.ui.swing.frame.height.motif => 470
[2019-04-18 01:50:43.700]:             loading nbi.wizard.ui.swing.frame.height.aqua => 480
[2019-04-18 01:50:43.700]:             loading nbi.wizard.ui.swing.frame.minimum.width.win.xp => 600
[2019-04-18 01:50:43.700]:             loading nbi.overall.license.jdk6.resource => org/netbeans/installer/product/components/netbeans-license-jdk6.txt
[2019-04-18 01:50:43.700]:             loading nbi.wizard.ui.swing.frame.width.motif => 624
[2019-04-18 01:50:43.700]:             loading nbi.product.remove.corrupted.products.silently => true
[2019-04-18 01:50:43.700]:             loading nbi.wizard.ui.swing.frame.minimum.width.win.classic => 588
[2019-04-18 01:50:43.700]:             loading nbi.overall.license.resource => org/netbeans/installer/product/components/netbeans-license.txt
[2019-04-18 01:50:43.700]:             loading nbi.macosx.application.directory.name => NetBeans IDE Installer
[2019-04-18 01:50:43.700]:             loading nbi.wizard.ui.swing.frame.minimum.width.metal => 624
[2019-04-18 01:50:43.700]:             loading nbi.wizard.ui.swing.frame.height.metal => 470
[2019-04-18 01:50:43.700]:             loading nbi.wizard.ui.swing.frame.height.win.classic => 442
[2019-04-18 01:50:43.700]:             loading nbi.wizard.ui.swing.frame.height.default => 500
[2019-04-18 01:50:43.700]:             loading nbi.wizard.ui.swing.frame.title.pattern => {0}
[2019-04-18 01:50:43.700]:             loading nbi.wizard.ui.swing.frame.width.win.classic => 588
[2019-04-18 01:50:43.700]:             loading nbi.wizard.ui.swing.frame.minimum.height.metal => 470
[2019-04-18 01:50:43.700]:     ... finished loading engine properties
[2019-04-18 01:50:43.700]:     exiting -- org.netbeans.installer.Installer.<init>():123
[2019-04-18 01:50:43.700]:     initializing the local directory
[2019-04-18 01:50:43.700]:         ... custom local directory was not specified, using the default
[2019-04-18 01:50:43.700]:         ... local directory: C:\Users\Owner\.nbi
[2019-04-18 01:50:43.707]:     ... finished initializing local directory
[2019-04-18 01:50:43.774]:     entering -- org.netbeans.installer.Installer.<init>():129
[2019-04-18 01:50:43.790]:     ... initializing DownloadManager
[2019-04-18 01:50:43.815]:         file not exist, queue is empty!
[2019-04-18 01:50:43.845]:     ... end of initializing DownloadManager
[2019-04-18 01:50:43.845]:     exiting -- org.netbeans.installer.Installer.<init>():129
[2019-04-18 01:50:43.845]:     entering -- org.netbeans.installer.Installer.<init>():130
[2019-04-18 01:50:43.845]:     ... initializing Registry
[2019-04-18 01:50:43.886]:     ... end of initializing ErrorHandler
[2019-04-18 01:50:43.889]:     exiting -- org.netbeans.installer.Installer.<init>():130
[2019-04-18 01:50:43.889]:     entering -- org.netbeans.installer.Installer.<init>():131
[2019-04-18 01:50:43.889]:     ... initializing Wizard
[2019-04-18 01:50:44.447]:         ... loading registry from resource:data/registry.xml
[2019-04-18 01:50:44.778]:         entering -- org.netbeans.installer.product.Registry.loadProductRegistry():1001
[2019-04-18 01:50:44.778]:         validating previous installations
[2019-04-18 01:50:44.780]:         ... validating installations finished
[2019-04-18 01:50:44.780]:         exiting -- org.netbeans.installer.product.Registry.loadProductRegistry():1001
[2019-04-18 01:50:44.801]:         Can`t load message in bundle org.netbeans.installer.wizard.components.panels.netbeans.Bundle for key NPrISP.installation.folders using [sun.misc.Launcher$AppClassLoader@647e05] classloader
[2019-04-18 01:50:44.822]:     ... end of initializing Wizard
[2019-04-18 01:50:44.822]:     exiting -- org.netbeans.installer.Installer.<init>():131
[2019-04-18 01:50:44.822]:     creating lock file
[2019-04-18 01:50:44.824]:         ... created lock file: C:\Users\Owner\.nbi\.nbilock
[2019-04-18 01:50:44.824]:     finished creating lock file
[2019-04-18 01:50:44.825]: ... finished initializing the engine
[2019-04-18 01:50:44.825]: exiting -- org.netbeans.installer.Installer.main():81
[2019-04-18 01:50:44.825]: entering -- org.netbeans.installer.Installer.main():81
[2019-04-18 01:50:44.825]: starting the installer
[2019-04-18 01:50:44.833]:     ... initializing look and feel
[2019-04-18 01:50:44.834]:         ... custom look and feel class name was not specified, using system default
[2019-04-18 01:50:44.970]:         ... class name: com.sun.java.swing.plaf.windows.WindowsLookAndFeel
[2019-04-18 01:50:44.970]:         ... get installed L&Fs
[2019-04-18 01:50:44.978]:         ... set specified L&F
[2019-04-18 01:50:45.043]:         ... check headless
[2019-04-18 01:50:45.044]:         ... creating JFileChooser object to check possible issues with UI
[2019-04-18 01:50:49.053]:         ... getting default Toolkit to check possible issues with UI
[2019-04-18 01:50:49.054]:         ... creating JProgressBar object to check possible issues with UI
[2019-04-18 01:50:49.090]:         ... all UI checks done
[2019-04-18 01:50:49.091]:         ... L&F is set
[2019-04-18 01:50:49.091]:     ... initializing L&F finished
[2019-04-18 01:50:49.772]:     NameResolver - to parse ヘルプ(&H)
[2019-04-18 01:50:49.781]:     NameResolver - to parse < 戻る(&B)
[2019-04-18 01:50:49.785]:     NameResolver - to parse 次(&N) >
[2019-04-18 01:50:49.785]:     NameResolver - to parse 取消
[2019-04-18 01:50:49.798]:     NameResolver - to parse インストーラを構成しています...
[2019-04-18 01:50:49.799]:     NameResolver - to parse インストーラを構成しています...
[2019-04-18 01:50:49.814]:     NameResolver - to parse インストーラを構成しています...
[2019-04-18 01:50:49.819]:     NameResolver - to parse インストーラを構成しています...
[2019-04-18 01:50:49.820]:     NameResolver - to parse NetBeans IDEのインストーラを初期化しています。しばらくお待ちください。
[2019-04-18 01:50:49.868]:     NameResolver - to parse インストーラを構成しています...
[2019-04-18 01:50:49.868]:     NameResolver - to parse NetBeans IDEのインストーラを初期化しています。しばらくお待ちください。
[2019-04-18 01:50:49.871]: ... finished starting the installer
[2019-04-18 01:50:49.871]: exiting -- org.netbeans.installer.Installer.main():81
[2019-04-18 01:50:49.872]: NameResolver - to parse インストーラを構成しています...
[2019-04-18 01:50:49.883]: entering -- org.netbeans.installer.wizard.components.actions.InitializeRegistryAction.execute():73
[2019-04-18 01:50:49.885]: initializing product registry
[2019-04-18 01:50:49.885]:     entering -- org.netbeans.installer.product.Registry.initializeRegistry():190
[2019-04-18 01:50:49.886]:     initializing product registry properties
[2019-04-18 01:50:49.886]:         initializing local product cache directory
[2019-04-18 01:50:49.887]:         ... C:\Users\Owner\.nbi\product-cache
[2019-04-18 01:50:49.887]:         initializing local product registry file
[2019-04-18 01:50:49.888]:             ... C:\Users\Owner\.nbi\registry.xml
[2019-04-18 01:50:49.888]:             initializing local product registry stub uri
[2019-04-18 01:50:49.888]:             ... resource:org/netbeans/installer/product/default-registry.xml
[2019-04-18 01:50:49.888]:             initializing bundled product registry uri
[2019-04-18 01:50:49.889]:             ... resource:data/registry.xml
[2019-04-18 01:50:49.889]:             initializing product registry schema uri
[2019-04-18 01:50:49.889]:             ... resource:org/netbeans/installer/product/registry.xsd
[2019-04-18 01:50:49.889]:             initializing remote product registries uris
[2019-04-18 01:50:49.889]:             initializing state file schema uri
[2019-04-18 01:50:49.889]:             ... resource:org/netbeans/installer/product/state-file.xsd
[2019-04-18 01:50:49.889]:             initializing default state file uri
[2019-04-18 01:50:49.889]:             ... resource:org/netbeans/installer/product/default-state-file.xml
[2019-04-18 01:50:49.889]:             initializing target platform
[2019-04-18 01:50:49.889]:             ... windows-x86
[2019-04-18 01:50:49.890]:     initializing product registry properties
[2019-04-18 01:50:49.890]:     exiting -- org.netbeans.installer.product.Registry.initializeRegistry():190
[2019-04-18 01:50:49.892]:     ... loading registry from file:/C:/Users/Owner/.nbi/registry.xml
[2019-04-18 01:50:49.951]:     entering -- org.netbeans.installer.product.Registry.loadProductRegistry():1001
[2019-04-18 01:50:49.951]:     validating previous installations
[2019-04-18 01:50:50.369]:         NameResolver - to parse C:\Program Files (x86)\NetBeans 8.2
[2019-04-18 01:50:50.448]:         NameResolver - to parse C:\Program Files (x86)\NetBeans 8.2
[2019-04-18 01:50:50.514]:         NameResolver - to parse C:\Program Files (x86)\NetBeans 8.2
[2019-04-18 01:50:50.597]:         NameResolver - to parse C:\Program Files (x86)\NetBeans 8.2
[2019-04-18 01:50:50.699]:         NameResolver - to parse C:\Program Files (x86)\NetBeans 8.2
[2019-04-18 01:50:50.810]:         NameResolver - to parse C:\Program Files (x86)\glassfish-4.1.1
[2019-04-18 01:50:50.865]:         NameResolver - to parse C:\Program Files (x86)\Apache Software Foundation\Apache Tomcat 8.0.27
[2019-04-18 01:50:50.870]:     ... validating installations finished
[2019-04-18 01:50:50.870]:     exiting -- org.netbeans.installer.product.Registry.loadProductRegistry():1001
[2019-04-18 01:50:50.870]:     ... loading registry from resource:data/registry.xml
[2019-04-18 01:50:50.889]:     entering -- org.netbeans.installer.product.Registry.loadProductRegistry():1001
[2019-04-18 01:50:50.889]:     validating previous installations
[2019-04-18 01:50:50.889]:         NameResolver - to parse C:\Program Files (x86)\NetBeans 8.2
[2019-04-18 01:50:50.889]:         NameResolver - to parse C:\Program Files (x86)\NetBeans 8.2
[2019-04-18 01:50:50.891]:         NameResolver - to parse C:\Program Files (x86)\NetBeans 8.2
[2019-04-18 01:50:50.891]:         NameResolver - to parse C:\Program Files (x86)\NetBeans 8.2
[2019-04-18 01:50:50.892]:         NameResolver - to parse C:\Program Files (x86)\NetBeans 8.2
[2019-04-18 01:50:50.892]:         NameResolver - to parse C:\Program Files (x86)\glassfish-4.1.1
[2019-04-18 01:50:50.892]:         NameResolver - to parse C:\Program Files (x86)\Apache Software Foundation\Apache Tomcat 8.0.27
[2019-04-18 01:50:50.892]:     ... validating installations finished
[2019-04-18 01:50:50.892]:     exiting -- org.netbeans.installer.product.Registry.loadProductRegistry():1001
[2019-04-18 01:50:50.892]: ... product registry initialization complete
[2019-04-18 01:50:50.892]: exiting -- org.netbeans.installer.wizard.components.actions.InitializeRegistryAction.execute():73
[2019-04-18 01:50:50.892]: ... bundledProductSkip = null
[2019-04-18 01:50:50.892]: ... bundledProductToInstall = null
[2019-04-18 01:50:50.909]: NameResolver - to parse resource:org/netbeans/installer/wizard/components/panels/netbeans/resources/welcome-left-bottom.png
[2019-04-18 01:50:50.916]: NameResolver - to parse {0}<span style="color: gray">(インストール済み)</span><br>
[2019-04-18 01:50:50.991]: NameResolver - to parse {0}<span style="color: gray">(インストール済み)</span><br>
[2019-04-18 01:50:51.002]: NameResolver - to parse ヘルプ(&H)
[2019-04-18 01:50:51.002]: NameResolver - to parse < 戻る(&B)
[2019-04-18 01:50:51.010]: NameResolver - to parse 次(&N) >
[2019-04-18 01:50:51.011]: NameResolver - to parse 取消
[2019-04-18 01:50:51.013]: NameResolver - to parse <html><h2 style=''color: #FF8E00; bold''>NetBeans IDE 8.2インストーラへようこそ</h2>
[2019-04-18 01:50:51.014]: NameResolver - to parse </html>
[2019-04-18 01:50:51.015]: NameResolver - to parse text/html
[2019-04-18 01:50:51.024]: NameResolver - to parse <html>
[2019-04-18 01:50:51.025]: NameResolver - to parse このインストーラは、NetBeans IDE、Java EEパック、および選択したアプリケーション・サーバーをインストールします。<br><br>IDEとともにインストールするアプリケーション・サーバーを選択:<br><br>
[2019-04-18 01:50:51.025]: NameResolver - to parse text/html
[2019-04-18 01:50:51.032]: NameResolver - to parse <html>
[2019-04-18 01:50:51.032]: NameResolver - to parse </html>
[2019-04-18 01:50:51.032]: NameResolver - to parse text/html
[2019-04-18 01:50:51.032]: NameResolver - to parse カスタマイズ(&C)...
[2019-04-18 01:50:51.061]: NameResolver - to parse 使用可能なすべてのコンポーネントはすでにインストールされています。「取消し」をクリックしてインストーラを終了します。
[2019-04-18 01:50:51.066]: NameResolver - to parse 使用可能なすべてのコンポーネントはすでにインストールされています。「取消し」をクリックしてインストーラを終了します。
[2019-04-18 01:50:51.109]: NameResolver - to parse <仮の説明>
[2019-04-18 01:50:53.073]: NameResolver - to parse 使用可能なすべてのコンポーネントはすでにインストールされています。「取消し」をクリックしてインストーラを終了します。
[2019-04-18 01:50:55.088]: NameResolver - to parse 使用可能なすべてのコンポーネントはすでにインストールされています。「取消し」をクリックしてインストーラを終了します。
[2019-04-18 01:50:57.101]: NameResolver - to parse 使用可能なすべてのコンポーネントはすでにインストールされています。「取消し」をクリックしてインストーラを終了します。
[2019-04-18 01:50:59.122]: NameResolver - to parse 使用可能なすべてのコンポーネントはすでにインストールされています。「取消し」をクリックしてインストーラを終了します。
[2019-04-18 01:51:01.134]: NameResolver - to parse 使用可能なすべてのコンポーネントはすでにインストールされています。「取消し」をクリックしてインストーラを終了します。
[2019-04-18 01:51:03.140]: NameResolver - to parse 使用可能なすべてのコンポーネントはすでにインストールされています。「取消し」をクリックしてインストーラを終了します。
[2019-04-18 01:51:05.157]: NameResolver - to parse 使用可能なすべてのコンポーネントはすでにインストールされています。「取消し」をクリックしてインストーラを終了します。
[2019-04-18 01:51:07.168]: NameResolver - to parse 使用可能なすべてのコンポーネントはすでにインストールされています。「取消し」をクリックしてインストーラを終了します。
[2019-04-18 01:51:09.175]: NameResolver - to parse 使用可能なすべてのコンポーネントはすでにインストールされています。「取消し」をクリックしてインストーラを終了します。
[2019-04-18 01:51:11.181]: NameResolver - to parse 使用可能なすべてのコンポーネントはすでにインストールされています。「取消し」をクリックしてインストーラを終了します。
[2019-04-18 01:51:13.193]: NameResolver - to parse 使用可能なすべてのコンポーネントはすでにインストールされています。「取消し」をクリックしてインストーラを終了します。
[2019-04-18 01:51:15.194]: NameResolver - to parse 使用可能なすべてのコンポーネントはすでにインストールされています。「取消し」をクリックしてインストーラを終了します。
[2019-04-18 01:51:17.201]: NameResolver - to parse 使用可能なすべてのコンポーネントはすでにインストールされています。「取消し」をクリックしてインストーラを終了します。
[2019-04-18 01:51:19.217]: NameResolver - to parse 使用可能なすべてのコンポーネントはすでにインストールされています。「取消し」をクリックしてインストーラを終了します。
[2019-04-18 01:51:21.228]: NameResolver - to parse 使用可能なすべてのコンポーネントはすでにインストールされています。「取消し」をクリックしてインストーラを終了します。
[2019-04-18 01:51:23.243]: NameResolver - to parse 使用可能なすべてのコンポーネントはすでにインストールされています。「取消し」をクリックしてインストーラを終了します。
[2019-04-18 01:51:25.250]: NameResolver - to parse 使用可能なすべてのコンポーネントはすでにインストールされています。「取消し」をクリックしてインストーラを終了します。
[2019-04-18 01:51:27.260]: NameResolver - to parse 使用可能なすべてのコンポーネントはすでにインストールされています。「取消し」をクリックしてインストーラを終了します。
[2019-04-18 01:51:29.266]: NameResolver - to parse 使用可能なすべてのコンポーネントはすでにインストールされています。「取消し」をクリックしてインストーラを終了します。
[2019-04-18 01:51:31.269]: NameResolver - to parse 使用可能なすべてのコンポーネントはすでにインストールされています。「取消し」をクリックしてインストーラを終了します。
[2019-04-18 01:51:33.280]: NameResolver - to parse 使用可能なすべてのコンポーネントはすでにインストールされています。「取消し」をクリックしてインストーラを終了します。
[2019-04-18 01:51:35.298]: NameResolver - to parse 使用可能なすべてのコンポーネントはすでにインストールされています。「取消し」をクリックしてインストーラを終了します。
[2019-04-18 01:51:37.323]: NameResolver - to parse 使用可能なすべてのコンポーネントはすでにインストールされています。「取消し」をクリックしてインストーラを終了します。
[2019-04-18 01:51:39.329]: NameResolver - to parse 使用可能なすべてのコンポーネントはすでにインストールされています。「取消し」をクリックしてインストーラを終了します。
[2019-04-18 01:51:41.334]: NameResolver - to parse 使用可能なすべてのコンポーネントはすでにインストールされています。「取消し」をクリックしてインストーラを終了します。
[2019-04-18 01:51:43.349]: NameResolver - to parse 使用可能なすべてのコンポーネントはすでにインストールされています。「取消し」をクリックしてインストーラを終了します。
[2019-04-18 01:51:45.359]: NameResolver - to parse 使用可能なすべてのコンポーネントはすでにインストールされています。「取消し」をクリックしてインストーラを終了します。
[2019-04-18 01:51:47.374]: NameResolver - to parse 使用可能なすべてのコンポーネントはすでにインストールされています。「取消し」をクリックしてインストーラを終了します。
[2019-04-18 01:51:49.380]: NameResolver - to parse 使用可能なすべてのコンポーネントはすでにインストールされています。「取消し」をクリックしてインストーラを終了します。
[2019-04-18 01:51:51.393]: NameResolver - to parse 使用可能なすべてのコンポーネントはすでにインストールされています。「取消し」をクリックしてインストーラを終了します。
[2019-04-18 01:51:53.396]: NameResolver - to parse 使用可能なすべてのコンポーネントはすでにインストールされています。「取消し」をクリックしてインストーラを終了します。
[2019-04-18 01:51:55.413]: NameResolver - to parse 使用可能なすべてのコンポーネントはすでにインストールされています。「取消し」をクリックしてインストーラを終了します。
[2019-04-18 01:51:57.429]: NameResolver - to parse 使用可能なすべてのコンポーネントはすでにインストールされています。「取消し」をクリックしてインストーラを終了します。
[2019-04-18 01:51:59.440]: NameResolver - to parse 使用可能なすべてのコンポーネントはすでにインストールされています。「取消し」をクリックしてインストーラを終了します。
[2019-04-18 01:52:01.453]: NameResolver - to parse 使用可能なすべてのコンポーネントはすでにインストールされています。「取消し」をクリックしてインストーラを終了します。
[2019-04-18 01:52:03.457]: NameResolver - to parse 使用可能なすべてのコンポーネントはすでにインストールされています。「取消し」をクリックしてインストーラを終了します。
[2019-04-18 01:52:05.460]: NameResolver - to parse 使用可能なすべてのコンポーネントはすでにインストールされています。「取消し」をクリックしてインストーラを終了します。
[2019-04-18 01:52:07.474]: NameResolver - to parse 使用可能なすべてのコンポーネントはすでにインストールされています。「取消し」をクリックしてインストーラを終了します。
[2019-04-18 01:52:09.486]: NameResolver - to parse 使用可能なすべてのコンポーネントはすでにインストールされています。「取消し」をクリックしてインストーラを終了します。
[2019-04-18 01:52:11.493]: NameResolver - to parse 使用可能なすべてのコンポーネントはすでにインストールされています。「取消し」をクリックしてインストーラを終了します。
[2019-04-18 01:52:13.510]: NameResolver - to parse 使用可能なすべてのコンポーネントはすでにインストールされています。「取消し」をクリックしてインストーラを終了します。
[2019-04-18 01:52:13.625]: NameResolver - to parse 取消
[2019-04-18 01:52:13.625]: NameResolver - to parse 本当に取消しますか?
[2019-04-18 01:52:13.625]: ... showing Yes/No dialog
[2019-04-18 01:52:13.626]:     title: 取消
[2019-04-18 01:52:13.626]:     message: 本当に取消しますか?
[2019-04-18 01:52:15.345]: ... dialog closed, choice : yes
