[2019-04-18 01:16:28.329]: entering -- org.netbeans.installer.Installer.main():81
[2019-04-18 01:16:28.341]: initializing the installer engine
[2019-04-18 01:16:28.341]:     entering -- org.netbeans.installer.Installer.<init>():116
[2019-04-18 01:16:28.341]:     ... initializing ErrorHandler
[2019-04-18 01:16:28.358]:     ... end of ErrorHandler initialization
[2019-04-18 01:16:28.358]:     exiting -- org.netbeans.installer.Installer.<init>():116
[2019-04-18 01:16:28.361]:     entering -- org.netbeans.installer.Installer.<init>():117
[2019-04-18 01:16:28.361]:     dumping target system information
[2019-04-18 01:16:28.362]:         system properties:
[2019-04-18 01:16:28.369]:             awt.toolkit => sun.awt.windows.WToolkit
[2019-04-18 01:16:28.371]:             file.encoding => MS932
[2019-04-18 01:16:28.371]:             file.encoding.pkg => sun.io
[2019-04-18 01:16:28.373]:             file.separator => \
[2019-04-18 01:16:28.373]:             java.awt.graphicsenv => sun.awt.Win32GraphicsEnvironment
[2019-04-18 01:16:28.373]:             java.awt.printerjob => sun.awt.windows.WPrinterJob
[2019-04-18 01:16:28.376]:             java.class.path => C:\Users\Owner\AppData\Local\Temp\\NBI95472.tmp\bundle.jar
[2019-04-18 01:16:28.377]:             java.class.version => 52.0
[2019-04-18 01:16:28.377]:             java.endorsed.dirs => C:\Program Files (x86)\Java\jre1.8.0_171\lib\endorsed
[2019-04-18 01:16:28.378]:             java.ext.dirs => C:\Program Files (x86)\Java\jre1.8.0_171\lib\ext;C:\WINDOWS\Sun\Java\lib\ext
[2019-04-18 01:16:28.379]:             java.home => C:\Program Files (x86)\Java\jre1.8.0_171
[2019-04-18 01:16:28.379]:             java.io.tmpdir => C:\Users\Owner\AppData\Local\Temp\
[2019-04-18 01:16:28.380]:             java.library.path => C:\Program Files (x86)\Java\jre1.8.0_171\bin;C:\WINDOWS\Sun\Java\bin;C:\WINDOWS\system32;C:\WINDOWS;C:\Program Files\Java\jdk1.8.0_131\bin;C:\Users\Owner\AppData\Local\Microsoft\WindowsApps;.
[2019-04-18 01:16:28.380]:             java.runtime.name => Java(TM) SE Runtime Environment
[2019-04-18 01:16:28.380]:             java.runtime.version => 1.8.0_171-b11
[2019-04-18 01:16:28.380]:             java.specification.name => Java Platform API Specification
[2019-04-18 01:16:28.382]:             java.specification.vendor => Oracle Corporation
[2019-04-18 01:16:28.382]:             java.specification.version => 1.8
[2019-04-18 01:16:28.383]:             java.vendor => Oracle Corporation
[2019-04-18 01:16:28.383]:             java.vendor.url => http://java.oracle.com/
[2019-04-18 01:16:28.383]:             java.vendor.url.bug => http://bugreport.sun.com/bugreport/
[2019-04-18 01:16:28.383]:             java.version => 1.8.0_171
[2019-04-18 01:16:28.383]:             java.vm.info => mixed mode
[2019-04-18 01:16:28.383]:             java.vm.name => Java HotSpot(TM) Client VM
[2019-04-18 01:16:28.383]:             java.vm.specification.name => Java Virtual Machine Specification
[2019-04-18 01:16:28.383]:             java.vm.specification.vendor => Oracle Corporation
[2019-04-18 01:16:28.386]:             java.vm.specification.version => 1.8
[2019-04-18 01:16:28.387]:             java.vm.vendor => Oracle Corporation
[2019-04-18 01:16:28.388]:             java.vm.version => 25.171-b11
[2019-04-18 01:16:28.389]:             line.separator => 
[2019-04-18 01:16:28.389]:             netbeans.default_cachedir_root => C:\Users\Owner\AppData\Local\NetBeans\Cache
[2019-04-18 01:16:28.390]:             netbeans.default_userdir_root => C:\Users\Owner\AppData\Roaming\NetBeans
[2019-04-18 01:16:28.390]:             os.arch => x86
[2019-04-18 01:16:28.390]:             os.name => Windows 10
[2019-04-18 01:16:28.390]:             os.version => 10.0
[2019-04-18 01:16:28.390]:             path.separator => ;
[2019-04-18 01:16:28.390]:             sun.arch.data.model => 32
[2019-04-18 01:16:28.392]:             sun.boot.class.path => C:\Program Files (x86)\Java\jre1.8.0_171\lib\resources.jar;C:\Program Files (x86)\Java\jre1.8.0_171\lib\rt.jar;C:\Program Files (x86)\Java\jre1.8.0_171\lib\sunrsasign.jar;C:\Program Files (x86)\Java\jre1.8.0_171\lib\jsse.jar;C:\Program Files (x86)\Java\jre1.8.0_171\lib\jce.jar;C:\Program Files (x86)\Java\jre1.8.0_171\lib\charsets.jar;C:\Program Files (x86)\Java\jre1.8.0_171\lib\jfr.jar;C:\Program Files (x86)\Java\jre1.8.0_171\classes
[2019-04-18 01:16:28.392]:             sun.boot.library.path => C:\Program Files (x86)\Java\jre1.8.0_171\bin
[2019-04-18 01:16:28.392]:             sun.cpu.endian => little
[2019-04-18 01:16:28.393]:             sun.cpu.isalist => pentium_pro+mmx pentium_pro pentium+mmx pentium i486 i386 i86
[2019-04-18 01:16:28.394]:             sun.desktop => windows
[2019-04-18 01:16:28.394]:             sun.io.unicode.encoding => UnicodeLittle
[2019-04-18 01:16:28.394]:             sun.java.command => org.netbeans.installer.Installer
[2019-04-18 01:16:28.395]:             sun.java.launcher => SUN_STANDARD
[2019-04-18 01:16:28.395]:             sun.jnu.encoding => MS932
[2019-04-18 01:16:28.395]:             sun.management.compiler => HotSpot Client Compiler
[2019-04-18 01:16:28.395]:             sun.os.patch.level => 
[2019-04-18 01:16:28.395]:             user.country => JP
[2019-04-18 01:16:28.395]:             user.dir => C:\Users\Owner\Desktop
[2019-04-18 01:16:28.397]:             user.home => C:\Users\Owner
[2019-04-18 01:16:28.397]:             user.language => ja
[2019-04-18 01:16:28.397]:             user.name => Owner
[2019-04-18 01:16:28.398]:             user.script => 
[2019-04-18 01:16:28.398]:             user.timezone => Asia/Tokyo
[2019-04-18 01:16:28.398]:             user.variant => 
[2019-04-18 01:16:28.398]:     ... end of target system information
[2019-04-18 01:16:28.398]:     exiting -- org.netbeans.installer.Installer.<init>():117
[2019-04-18 01:16:28.507]:     loading jni library
[2019-04-18 01:16:28.507]:         library resource path: native/jnilib/windows/windows-x86.dll
[2019-04-18 01:16:29.056]:         library file path: C:\Users\Owner\AppData\Local\Temp\nbi-5857166930844476161.tmp
[2019-04-18 01:16:29.079]:         ... successfully loaded the library
[2019-04-18 01:16:29.091]:     entering -- org.netbeans.installer.Installer.<init>():122
[2019-04-18 01:16:29.091]:     parsing command-line arguments
[2019-04-18 01:16:29.102]:         ... no command line arguments were specified
[2019-04-18 01:16:29.102]:     ... finished parsing command line arguments
[2019-04-18 01:16:29.102]:     exiting -- org.netbeans.installer.Installer.<init>():122
[2019-04-18 01:16:29.102]:     entering -- org.netbeans.installer.Installer.<init>():123
[2019-04-18 01:16:29.102]:     loading engine properties
[2019-04-18 01:16:29.102]:         loading engine properties
[2019-04-18 01:16:29.109]:             loading NWP.welcome.page.type => javaee
[2019-04-18 01:16:29.110]:             loading nbi.wizard.ui.swing.frame.title.prefix => NetBeans IDEのインストーラ
[2019-04-18 01:16:29.110]:             loading nbi.product.suggest.install => true
[2019-04-18 01:16:29.110]:             loading nbi.wizard.ui.swing.frame.width.gtk => 704
[2019-04-18 01:16:29.110]:             loading nbi.wizard.ui.swing.frame.minimum.width.nimbus => 624
[2019-04-18 01:16:29.110]:             loading nbi.wizard.ui.swing.frame.minimum.height.nimbus => 512
[2019-04-18 01:16:29.110]:             loading nbi.wizard.ui.swing.frame.width.win.xp => 600
[2019-04-18 01:16:29.110]:             loading nbi.overall.license.jdk5.resource => org/netbeans/installer/product/components/netbeans-license-jdk5.txt
[2019-04-18 01:16:29.110]:             loading nbi.wizard.ui.swing.frame.minimum.width.default => 600
[2019-04-18 01:16:29.110]:             loading nbi.wizard.ui.swing.frame.minimum.height.aqua => 480
[2019-04-18 01:16:29.110]:             loading nbi.wizard.ui.swing.frame.minimum.height.default => 500
[2019-04-18 01:16:29.110]:             loading nbi.overall.license.mysql.resource => org/netbeans/installer/product/components/netbeans-license-mysql.txt
[2019-04-18 01:16:29.110]:             loading nbi.wizard.ui.swing.frame.icon => resource:org/netbeans/installer/wizard/wizard-icon.png
[2019-04-18 01:16:29.110]:             loading nbi.wizard.ui.swing.frame.minimum.height.gtk => 528
[2019-04-18 01:16:29.110]:             loading nbi.wizard.ui.swing.frame.width.aqua => 640
[2019-04-18 01:16:29.110]:             loading nbi.wizard.ui.swing.frame.minimum.height.motif => 470
[2019-04-18 01:16:29.110]:             loading nbi.wizard.ui.swing.welcome.left.bottom.image => resource:org/netbeans/installer/wizard/components/panels/netbeans/resources/welcome-left-bottom.png
[2019-04-18 01:16:29.110]:             loading nbi.wizard.ui.swing.frame.height.gtk => 528
[2019-04-18 01:16:29.110]:             loading nbi.wizard.ui.swing.frame.minimum.width.motif => 624
[2019-04-18 01:16:29.110]:             loading nbi.wizard.ui.swing.frame.minimum.width.gtk => 704
[2019-04-18 01:16:29.110]:             loading nbi.junit.license.resource => org/netbeans/installer/product/components/junit-license.txt
[2019-04-18 01:16:29.110]:             loading nbi.wizard.ui.swing.frame.width.metal => 624
[2019-04-18 01:16:29.110]:             loading nbi.wizard.ui.swing.frame.height.win.xp => 450
[2019-04-18 01:16:29.110]:             loading nbi.wizard.ui.swing.frame.height.nimbus => 512
[2019-04-18 01:16:29.110]:             loading nbi.overall.license.javafx.resource => org/netbeans/installer/product/components/netbeans-license-javafx.txt
[2019-04-18 01:16:29.110]:             loading nbi.wizard.ui.swing.frame.minimum.width.aqua => 640
[2019-04-18 01:16:29.110]:             loading nbi.wizard.ui.swing.frame.width.default => 600
[2019-04-18 01:16:29.110]:             loading nbi.wizard.ui.swing.frame.head.right.image => resource:org/netbeans/installer/wizard/wizard-description-background.png
[2019-04-18 01:16:29.110]:             loading nbi.wizard.ui.swing.frame.minimum.height.win.xp => 450
[2019-04-18 01:16:29.110]:             loading nbi.wizard.ui.swing.frame.width.nimbus => 624
[2019-04-18 01:16:29.110]:             loading nbi.wizard.ui.swing.frame.minimum.height.win.classic => 442
[2019-04-18 01:16:29.110]:             loading nbi.overall.license.jtb.resource => org/netbeans/installer/product/components/netbeans-license-jtb.txt
[2019-04-18 01:16:29.110]:             loading nbi.wizard.ui.swing.frame.height.motif => 470
[2019-04-18 01:16:29.110]:             loading nbi.wizard.ui.swing.frame.height.aqua => 480
[2019-04-18 01:16:29.110]:             loading nbi.wizard.ui.swing.frame.minimum.width.win.xp => 600
[2019-04-18 01:16:29.110]:             loading nbi.overall.license.jdk6.resource => org/netbeans/installer/product/components/netbeans-license-jdk6.txt
[2019-04-18 01:16:29.110]:             loading nbi.wizard.ui.swing.frame.width.motif => 624
[2019-04-18 01:16:29.110]:             loading nbi.product.remove.corrupted.products.silently => true
[2019-04-18 01:16:29.110]:             loading nbi.wizard.ui.swing.frame.minimum.width.win.classic => 588
[2019-04-18 01:16:29.110]:             loading nbi.overall.license.resource => org/netbeans/installer/product/components/netbeans-license.txt
[2019-04-18 01:16:29.110]:             loading nbi.macosx.application.directory.name => NetBeans IDE Installer
[2019-04-18 01:16:29.110]:             loading nbi.wizard.ui.swing.frame.minimum.width.metal => 624
[2019-04-18 01:16:29.110]:             loading nbi.wizard.ui.swing.frame.height.metal => 470
[2019-04-18 01:16:29.110]:             loading nbi.wizard.ui.swing.frame.height.win.classic => 442
[2019-04-18 01:16:29.110]:             loading nbi.wizard.ui.swing.frame.height.default => 500
[2019-04-18 01:16:29.110]:             loading nbi.wizard.ui.swing.frame.title.pattern => {0}
[2019-04-18 01:16:29.110]:             loading nbi.wizard.ui.swing.frame.width.win.classic => 588
[2019-04-18 01:16:29.110]:             loading nbi.wizard.ui.swing.frame.minimum.height.metal => 470
[2019-04-18 01:16:29.110]:     ... finished loading engine properties
[2019-04-18 01:16:29.110]:     exiting -- org.netbeans.installer.Installer.<init>():123
[2019-04-18 01:16:29.110]:     initializing the local directory
[2019-04-18 01:16:29.110]:         ... custom local directory was not specified, using the default
[2019-04-18 01:16:29.110]:         ... local directory: C:\Users\Owner\.nbi
[2019-04-18 01:16:29.110]:     ... finished initializing local directory
[2019-04-18 01:16:29.163]:     entering -- org.netbeans.installer.Installer.<init>():129
[2019-04-18 01:16:29.174]:     ... initializing DownloadManager
[2019-04-18 01:16:29.192]:         file not exist, queue is empty!
[2019-04-18 01:16:29.230]:     ... end of initializing DownloadManager
[2019-04-18 01:16:29.230]:     exiting -- org.netbeans.installer.Installer.<init>():129
[2019-04-18 01:16:29.230]:     entering -- org.netbeans.installer.Installer.<init>():130
[2019-04-18 01:16:29.236]:     ... initializing Registry
[2019-04-18 01:16:29.291]:     ... end of initializing ErrorHandler
[2019-04-18 01:16:29.291]:     exiting -- org.netbeans.installer.Installer.<init>():130
[2019-04-18 01:16:29.291]:     entering -- org.netbeans.installer.Installer.<init>():131
[2019-04-18 01:16:29.291]:     ... initializing Wizard
[2019-04-18 01:16:29.656]:         ... loading registry from resource:data/registry.xml
[2019-04-18 01:16:29.908]:         entering -- org.netbeans.installer.product.Registry.loadProductRegistry():1001
[2019-04-18 01:16:29.908]:         validating previous installations
[2019-04-18 01:16:29.909]:         ... validating installations finished
[2019-04-18 01:16:29.909]:         exiting -- org.netbeans.installer.product.Registry.loadProductRegistry():1001
[2019-04-18 01:16:29.921]:         Can`t load message in bundle org.netbeans.installer.wizard.components.panels.netbeans.Bundle for key NPrISP.installation.folders using [sun.misc.Launcher$AppClassLoader@647e05] classloader
[2019-04-18 01:16:29.923]:     ... end of initializing Wizard
[2019-04-18 01:16:29.923]:     exiting -- org.netbeans.installer.Installer.<init>():131
[2019-04-18 01:16:29.923]:     creating lock file
[2019-04-18 01:16:29.923]:         ... created lock file: C:\Users\Owner\.nbi\.nbilock
[2019-04-18 01:16:29.923]:     finished creating lock file
[2019-04-18 01:16:29.923]: ... finished initializing the engine
[2019-04-18 01:16:29.923]: exiting -- org.netbeans.installer.Installer.main():81
[2019-04-18 01:16:29.923]: entering -- org.netbeans.installer.Installer.main():81
[2019-04-18 01:16:29.937]: starting the installer
[2019-04-18 01:16:29.942]:     ... initializing look and feel
[2019-04-18 01:16:29.943]:         ... custom look and feel class name was not specified, using system default
[2019-04-18 01:16:30.406]:         ... class name: com.sun.java.swing.plaf.windows.WindowsLookAndFeel
[2019-04-18 01:16:30.406]:         ... get installed L&Fs
[2019-04-18 01:16:30.541]:         ... set specified L&F
[2019-04-18 01:16:30.636]:         ... check headless
[2019-04-18 01:16:30.636]:         ... creating JFileChooser object to check possible issues with UI
[2019-04-18 01:16:33.174]:         ... getting default Toolkit to check possible issues with UI
[2019-04-18 01:16:33.174]:         ... creating JProgressBar object to check possible issues with UI
[2019-04-18 01:16:33.192]:         ... all UI checks done
[2019-04-18 01:16:33.192]:         ... L&F is set
[2019-04-18 01:16:33.192]:     ... initializing L&F finished
[2019-04-18 01:16:33.849]:     NameResolver - to parse ヘルプ(&H)
[2019-04-18 01:16:33.863]:     NameResolver - to parse < 戻る(&B)
[2019-04-18 01:16:33.865]:     NameResolver - to parse 次(&N) >
[2019-04-18 01:16:33.865]:     NameResolver - to parse 取消
[2019-04-18 01:16:33.877]:     NameResolver - to parse インストーラを構成しています...
[2019-04-18 01:16:33.879]:     NameResolver - to parse インストーラを構成しています...
[2019-04-18 01:16:33.898]:     NameResolver - to parse インストーラを構成しています...
[2019-04-18 01:16:33.900]:     NameResolver - to parse インストーラを構成しています...
[2019-04-18 01:16:33.900]:     NameResolver - to parse NetBeans IDEのインストーラを初期化しています。しばらくお待ちください。
[2019-04-18 01:16:33.956]:     NameResolver - to parse インストーラを構成しています...
[2019-04-18 01:16:33.956]:     NameResolver - to parse NetBeans IDEのインストーラを初期化しています。しばらくお待ちください。
[2019-04-18 01:16:33.956]: ... finished starting the installer
[2019-04-18 01:16:33.956]: exiting -- org.netbeans.installer.Installer.main():81
[2019-04-18 01:16:33.961]: NameResolver - to parse インストーラを構成しています...
[2019-04-18 01:16:33.964]: entering -- org.netbeans.installer.wizard.components.actions.InitializeRegistryAction.execute():73
[2019-04-18 01:16:33.964]: initializing product registry
[2019-04-18 01:16:33.964]:     entering -- org.netbeans.installer.product.Registry.initializeRegistry():190
[2019-04-18 01:16:33.964]:     initializing product registry properties
[2019-04-18 01:16:33.965]:         initializing local product cache directory
[2019-04-18 01:16:33.965]:         ... C:\Users\Owner\.nbi\product-cache
[2019-04-18 01:16:33.965]:         initializing local product registry file
[2019-04-18 01:16:33.965]:             ... C:\Users\Owner\.nbi\registry.xml
[2019-04-18 01:16:33.966]:             initializing local product registry stub uri
[2019-04-18 01:16:33.966]:             ... resource:org/netbeans/installer/product/default-registry.xml
[2019-04-18 01:16:33.966]:             initializing bundled product registry uri
[2019-04-18 01:16:33.967]:             ... resource:data/registry.xml
[2019-04-18 01:16:33.967]:             initializing product registry schema uri
[2019-04-18 01:16:33.967]:             ... resource:org/netbeans/installer/product/registry.xsd
[2019-04-18 01:16:33.967]:             initializing remote product registries uris
[2019-04-18 01:16:33.967]:             initializing state file schema uri
[2019-04-18 01:16:33.967]:             ... resource:org/netbeans/installer/product/state-file.xsd
[2019-04-18 01:16:33.968]:             initializing default state file uri
[2019-04-18 01:16:33.968]:             ... resource:org/netbeans/installer/product/default-state-file.xml
[2019-04-18 01:16:33.968]:             initializing target platform
[2019-04-18 01:16:33.968]:             ... windows-x86
[2019-04-18 01:16:33.978]:     initializing product registry properties
[2019-04-18 01:16:33.979]:     exiting -- org.netbeans.installer.product.Registry.initializeRegistry():190
[2019-04-18 01:16:33.980]:     ... loading registry from file:/C:/Users/Owner/.nbi/registry.xml
[2019-04-18 01:16:34.040]:     entering -- org.netbeans.installer.product.Registry.loadProductRegistry():1001
[2019-04-18 01:16:34.040]:     validating previous installations
[2019-04-18 01:16:34.121]:         NameResolver - to parse C:\Program Files (x86)\NetBeans 8.2
[2019-04-18 01:16:34.124]:         NameResolver - to parse C:\Program Files (x86)\NetBeans 8.2
[2019-04-18 01:16:34.138]:         NameResolver - to parse C:\Program Files (x86)\NetBeans 8.2
[2019-04-18 01:16:34.143]:         NameResolver - to parse C:\Program Files (x86)\NetBeans 8.2
[2019-04-18 01:16:34.153]:         NameResolver - to parse C:\Program Files (x86)\NetBeans 8.2
[2019-04-18 01:16:34.175]:         NameResolver - to parse C:\Program Files (x86)\glassfish-4.1.1
[2019-04-18 01:16:34.197]:         NameResolver - to parse C:\Program Files (x86)\Apache Software Foundation\Apache Tomcat 8.0.27
[2019-04-18 01:16:34.197]:     ... validating installations finished
[2019-04-18 01:16:34.197]:     exiting -- org.netbeans.installer.product.Registry.loadProductRegistry():1001
[2019-04-18 01:16:34.197]:     ... loading registry from resource:data/registry.xml
[2019-04-18 01:16:34.216]:     entering -- org.netbeans.installer.product.Registry.loadProductRegistry():1001
[2019-04-18 01:16:34.216]:     validating previous installations
[2019-04-18 01:16:34.216]:         NameResolver - to parse C:\Program Files (x86)\NetBeans 8.2
[2019-04-18 01:16:34.216]:         NameResolver - to parse C:\Program Files (x86)\NetBeans 8.2
[2019-04-18 01:16:34.216]:         NameResolver - to parse C:\Program Files (x86)\NetBeans 8.2
[2019-04-18 01:16:34.216]:         NameResolver - to parse C:\Program Files (x86)\NetBeans 8.2
[2019-04-18 01:16:34.216]:         NameResolver - to parse C:\Program Files (x86)\NetBeans 8.2
[2019-04-18 01:16:34.219]:         NameResolver - to parse C:\Program Files (x86)\glassfish-4.1.1
[2019-04-18 01:16:34.220]:         NameResolver - to parse C:\Program Files (x86)\Apache Software Foundation\Apache Tomcat 8.0.27
[2019-04-18 01:16:34.220]:     ... validating installations finished
[2019-04-18 01:16:34.220]:     exiting -- org.netbeans.installer.product.Registry.loadProductRegistry():1001
[2019-04-18 01:16:34.221]: ... product registry initialization complete
[2019-04-18 01:16:34.221]: exiting -- org.netbeans.installer.wizard.components.actions.InitializeRegistryAction.execute():73
[2019-04-18 01:16:34.222]: ... bundledProductSkip = null
[2019-04-18 01:16:34.222]: ... bundledProductToInstall = null
[2019-04-18 01:16:34.235]: NameResolver - to parse resource:org/netbeans/installer/wizard/components/panels/netbeans/resources/welcome-left-bottom.png
[2019-04-18 01:16:34.240]: NameResolver - to parse {0}<span style="color: gray">(インストール済み)</span><br>
[2019-04-18 01:16:34.330]: NameResolver - to parse {0}<span style="color: gray">(インストール済み)</span><br>
[2019-04-18 01:16:34.337]: NameResolver - to parse ヘルプ(&H)
[2019-04-18 01:16:34.338]: NameResolver - to parse < 戻る(&B)
[2019-04-18 01:16:34.339]: NameResolver - to parse 次(&N) >
[2019-04-18 01:16:34.339]: NameResolver - to parse 取消
[2019-04-18 01:16:34.340]: NameResolver - to parse <html><h2 style=''color: #FF8E00; bold''>NetBeans IDE 8.2インストーラへようこそ</h2>
[2019-04-18 01:16:34.340]: NameResolver - to parse </html>
[2019-04-18 01:16:34.340]: NameResolver - to parse text/html
[2019-04-18 01:16:34.344]: NameResolver - to parse <html>
[2019-04-18 01:16:34.345]: NameResolver - to parse このインストーラは、NetBeans IDE、Java EEパック、および選択したアプリケーション・サーバーをインストールします。<br><br>IDEとともにインストールするアプリケーション・サーバーを選択:<br><br>
[2019-04-18 01:16:34.345]: NameResolver - to parse text/html
[2019-04-18 01:16:34.349]: NameResolver - to parse <html>
[2019-04-18 01:16:34.350]: NameResolver - to parse </html>
[2019-04-18 01:16:34.350]: NameResolver - to parse text/html
[2019-04-18 01:16:34.354]: NameResolver - to parse カスタマイズ(&C)...
[2019-04-18 01:16:34.361]: NameResolver - to parse 使用可能なすべてのコンポーネントはすでにインストールされています。「取消し」をクリックしてインストーラを終了します。
[2019-04-18 01:16:34.363]: NameResolver - to parse 使用可能なすべてのコンポーネントはすでにインストールされています。「取消し」をクリックしてインストーラを終了します。
[2019-04-18 01:16:34.386]: NameResolver - to parse <仮の説明>
[2019-04-18 01:16:36.379]: NameResolver - to parse 使用可能なすべてのコンポーネントはすでにインストールされています。「取消し」をクリックしてインストーラを終了します。
[2019-04-18 01:16:37.451]: NameResolver - to parse 取消
[2019-04-18 01:16:37.452]: NameResolver - to parse 本当に取消しますか?
[2019-04-18 01:16:37.452]: ... showing Yes/No dialog
[2019-04-18 01:16:37.452]:     title: 取消
[2019-04-18 01:16:37.452]:     message: 本当に取消しますか?
[2019-04-18 01:16:39.673]: ... dialog closed, choice : yes
