[2019-04-20 12:01:40.444]: entering -- org.netbeans.installer.Installer.main():81
[2019-04-20 12:01:40.444]: initializing the installer engine
[2019-04-20 12:01:40.444]:     entering -- org.netbeans.installer.Installer.<init>():116
[2019-04-20 12:01:40.444]:     ... initializing ErrorHandler
[2019-04-20 12:01:40.444]:     ... end of ErrorHandler initialization
[2019-04-20 12:01:40.444]:     exiting -- org.netbeans.installer.Installer.<init>():116
[2019-04-20 12:01:40.444]:     entering -- org.netbeans.installer.Installer.<init>():117
[2019-04-20 12:01:40.444]:     dumping target system information
[2019-04-20 12:01:40.444]:         system properties:
[2019-04-20 12:01:40.460]:             awt.toolkit => sun.awt.windows.WToolkit
[2019-04-20 12:01:40.460]:             file.encoding => MS932
[2019-04-20 12:01:40.460]:             file.encoding.pkg => sun.io
[2019-04-20 12:01:40.460]:             file.separator => \
[2019-04-20 12:01:40.460]:             java.awt.graphicsenv => sun.awt.Win32GraphicsEnvironment
[2019-04-20 12:01:40.460]:             java.awt.printerjob => sun.awt.windows.WPrinterJob
[2019-04-20 12:01:40.460]:             java.class.path => C:\Users\Owner\AppData\Local\Temp\\NBI93176.tmp\bundle.jar
[2019-04-20 12:01:40.460]:             java.class.version => 52.0
[2019-04-20 12:01:40.460]:             java.endorsed.dirs => C:\Program Files (x86)\Java\jre1.8.0_171\lib\endorsed
[2019-04-20 12:01:40.460]:             java.ext.dirs => C:\Program Files (x86)\Java\jre1.8.0_171\lib\ext;C:\WINDOWS\Sun\Java\lib\ext
[2019-04-20 12:01:40.460]:             java.home => C:\Program Files (x86)\Java\jre1.8.0_171
[2019-04-20 12:01:40.460]:             java.io.tmpdir => C:\Users\Owner\AppData\Local\Temp\
[2019-04-20 12:01:40.460]:             java.library.path => C:\Program Files (x86)\Java\jre1.8.0_171\bin;C:\WINDOWS\Sun\Java\bin;C:\WINDOWS\system32;C:\WINDOWS;C:\Windows\system32;C:\Windows;C:\Windows\System32\Wbem;C:\Users\Owner\AppData\Local\Microsoft\WindowsApps;.
[2019-04-20 12:01:40.460]:             java.runtime.name => Java(TM) SE Runtime Environment
[2019-04-20 12:01:40.460]:             java.runtime.version => 1.8.0_171-b11
[2019-04-20 12:01:40.460]:             java.specification.name => Java Platform API Specification
[2019-04-20 12:01:40.460]:             java.specification.vendor => Oracle Corporation
[2019-04-20 12:01:40.460]:             java.specification.version => 1.8
[2019-04-20 12:01:40.460]:             java.vendor => Oracle Corporation
[2019-04-20 12:01:40.460]:             java.vendor.url => http://java.oracle.com/
[2019-04-20 12:01:40.460]:             java.vendor.url.bug => http://bugreport.sun.com/bugreport/
[2019-04-20 12:01:40.460]:             java.version => 1.8.0_171
[2019-04-20 12:01:40.460]:             java.vm.info => mixed mode
[2019-04-20 12:01:40.460]:             java.vm.name => Java HotSpot(TM) Client VM
[2019-04-20 12:01:40.460]:             java.vm.specification.name => Java Virtual Machine Specification
[2019-04-20 12:01:40.460]:             java.vm.specification.vendor => Oracle Corporation
[2019-04-20 12:01:40.460]:             java.vm.specification.version => 1.8
[2019-04-20 12:01:40.460]:             java.vm.vendor => Oracle Corporation
[2019-04-20 12:01:40.460]:             java.vm.version => 25.171-b11
[2019-04-20 12:01:40.460]:             line.separator => 
[2019-04-20 12:01:40.460]:             netbeans.default_cachedir_root => C:\Users\Owner\AppData\Local\NetBeans\Cache
[2019-04-20 12:01:40.460]:             netbeans.default_userdir_root => C:\Users\Owner\AppData\Roaming\NetBeans
[2019-04-20 12:01:40.460]:             os.arch => x86
[2019-04-20 12:01:40.460]:             os.name => Windows 10
[2019-04-20 12:01:40.460]:             os.version => 10.0
[2019-04-20 12:01:40.460]:             path.separator => ;
[2019-04-20 12:01:40.460]:             sun.arch.data.model => 32
[2019-04-20 12:01:40.460]:             sun.boot.class.path => C:\Program Files (x86)\Java\jre1.8.0_171\lib\resources.jar;C:\Program Files (x86)\Java\jre1.8.0_171\lib\rt.jar;C:\Program Files (x86)\Java\jre1.8.0_171\lib\sunrsasign.jar;C:\Program Files (x86)\Java\jre1.8.0_171\lib\jsse.jar;C:\Program Files (x86)\Java\jre1.8.0_171\lib\jce.jar;C:\Program Files (x86)\Java\jre1.8.0_171\lib\charsets.jar;C:\Program Files (x86)\Java\jre1.8.0_171\lib\jfr.jar;C:\Program Files (x86)\Java\jre1.8.0_171\classes
[2019-04-20 12:01:40.460]:             sun.boot.library.path => C:\Program Files (x86)\Java\jre1.8.0_171\bin
[2019-04-20 12:01:40.460]:             sun.cpu.endian => little
[2019-04-20 12:01:40.460]:             sun.cpu.isalist => pentium_pro+mmx pentium_pro pentium+mmx pentium i486 i386 i86
[2019-04-20 12:01:40.460]:             sun.desktop => windows
[2019-04-20 12:01:40.460]:             sun.io.unicode.encoding => UnicodeLittle
[2019-04-20 12:01:40.460]:             sun.java.command => org.netbeans.installer.Installer
[2019-04-20 12:01:40.460]:             sun.java.launcher => SUN_STANDARD
[2019-04-20 12:01:40.460]:             sun.jnu.encoding => MS932
[2019-04-20 12:01:40.460]:             sun.management.compiler => HotSpot Client Compiler
[2019-04-20 12:01:40.460]:             sun.os.patch.level => 
[2019-04-20 12:01:40.460]:             user.country => JP
[2019-04-20 12:01:40.460]:             user.dir => C:\Users\Owner\AppData\Local\Packages\Microsoft.MicrosoftEdge_8wekyb3d8bbwe\TempState\Downloads
[2019-04-20 12:01:40.460]:             user.home => C:\Users\Owner
[2019-04-20 12:01:40.460]:             user.language => ja
[2019-04-20 12:01:40.460]:             user.name => Owner
[2019-04-20 12:01:40.460]:             user.script => 
[2019-04-20 12:01:40.460]:             user.timezone => Asia/Tokyo
[2019-04-20 12:01:40.460]:             user.variant => 
[2019-04-20 12:01:40.460]:     ... end of target system information
[2019-04-20 12:01:40.460]:     exiting -- org.netbeans.installer.Installer.<init>():117
[2019-04-20 12:01:40.475]:     loading jni library
[2019-04-20 12:01:40.475]:         library resource path: native/jnilib/windows/windows-x86.dll
[2019-04-20 12:01:40.723]:         library file path: C:\Users\Owner\AppData\Local\Temp\nbi-1620194035961783052.tmp
[2019-04-20 12:01:40.744]:         ... successfully loaded the library
[2019-04-20 12:01:40.754]:     entering -- org.netbeans.installer.Installer.<init>():122
[2019-04-20 12:01:40.754]:     parsing command-line arguments
[2019-04-20 12:01:40.754]:         ... no command line arguments were specified
[2019-04-20 12:01:40.754]:     ... finished parsing command line arguments
[2019-04-20 12:01:40.754]:     exiting -- org.netbeans.installer.Installer.<init>():122
[2019-04-20 12:01:40.754]:     entering -- org.netbeans.installer.Installer.<init>():123
[2019-04-20 12:01:40.754]:     loading engine properties
[2019-04-20 12:01:40.754]:         loading engine properties
[2019-04-20 12:01:40.754]:             loading NWP.welcome.page.type => javaee
[2019-04-20 12:01:40.754]:             loading nbi.wizard.ui.swing.frame.title.prefix => NetBeans IDEのインストーラ
[2019-04-20 12:01:40.754]:             loading nbi.product.suggest.install => true
[2019-04-20 12:01:40.754]:             loading nbi.wizard.ui.swing.frame.width.gtk => 704
[2019-04-20 12:01:40.754]:             loading nbi.wizard.ui.swing.frame.minimum.width.nimbus => 624
[2019-04-20 12:01:40.754]:             loading nbi.wizard.ui.swing.frame.minimum.height.nimbus => 512
[2019-04-20 12:01:40.754]:             loading nbi.wizard.ui.swing.frame.width.win.xp => 600
[2019-04-20 12:01:40.754]:             loading nbi.overall.license.jdk5.resource => org/netbeans/installer/product/components/netbeans-license-jdk5.txt
[2019-04-20 12:01:40.754]:             loading nbi.wizard.ui.swing.frame.minimum.width.default => 600
[2019-04-20 12:01:40.754]:             loading nbi.wizard.ui.swing.frame.minimum.height.aqua => 480
[2019-04-20 12:01:40.754]:             loading nbi.wizard.ui.swing.frame.minimum.height.default => 500
[2019-04-20 12:01:40.754]:             loading nbi.overall.license.mysql.resource => org/netbeans/installer/product/components/netbeans-license-mysql.txt
[2019-04-20 12:01:40.754]:             loading nbi.wizard.ui.swing.frame.icon => resource:org/netbeans/installer/wizard/wizard-icon.png
[2019-04-20 12:01:40.754]:             loading nbi.wizard.ui.swing.frame.minimum.height.gtk => 528
[2019-04-20 12:01:40.754]:             loading nbi.wizard.ui.swing.frame.width.aqua => 640
[2019-04-20 12:01:40.754]:             loading nbi.wizard.ui.swing.frame.minimum.height.motif => 470
[2019-04-20 12:01:40.754]:             loading nbi.wizard.ui.swing.welcome.left.bottom.image => resource:org/netbeans/installer/wizard/components/panels/netbeans/resources/welcome-left-bottom.png
[2019-04-20 12:01:40.754]:             loading nbi.wizard.ui.swing.frame.height.gtk => 528
[2019-04-20 12:01:40.754]:             loading nbi.wizard.ui.swing.frame.minimum.width.motif => 624
[2019-04-20 12:01:40.754]:             loading nbi.wizard.ui.swing.frame.minimum.width.gtk => 704
[2019-04-20 12:01:40.754]:             loading nbi.junit.license.resource => org/netbeans/installer/product/components/junit-license.txt
[2019-04-20 12:01:40.754]:             loading nbi.wizard.ui.swing.frame.width.metal => 624
[2019-04-20 12:01:40.754]:             loading nbi.wizard.ui.swing.frame.height.win.xp => 450
[2019-04-20 12:01:40.754]:             loading nbi.wizard.ui.swing.frame.height.nimbus => 512
[2019-04-20 12:01:40.754]:             loading nbi.overall.license.javafx.resource => org/netbeans/installer/product/components/netbeans-license-javafx.txt
[2019-04-20 12:01:40.754]:             loading nbi.wizard.ui.swing.frame.minimum.width.aqua => 640
[2019-04-20 12:01:40.754]:             loading nbi.wizard.ui.swing.frame.width.default => 600
[2019-04-20 12:01:40.754]:             loading nbi.wizard.ui.swing.frame.head.right.image => resource:org/netbeans/installer/wizard/wizard-description-background.png
[2019-04-20 12:01:40.754]:             loading nbi.wizard.ui.swing.frame.minimum.height.win.xp => 450
[2019-04-20 12:01:40.754]:             loading nbi.wizard.ui.swing.frame.width.nimbus => 624
[2019-04-20 12:01:40.754]:             loading nbi.wizard.ui.swing.frame.minimum.height.win.classic => 442
[2019-04-20 12:01:40.754]:             loading nbi.overall.license.jtb.resource => org/netbeans/installer/product/components/netbeans-license-jtb.txt
[2019-04-20 12:01:40.754]:             loading nbi.wizard.ui.swing.frame.height.motif => 470
[2019-04-20 12:01:40.754]:             loading nbi.wizard.ui.swing.frame.height.aqua => 480
[2019-04-20 12:01:40.754]:             loading nbi.wizard.ui.swing.frame.minimum.width.win.xp => 600
[2019-04-20 12:01:40.754]:             loading nbi.overall.license.jdk6.resource => org/netbeans/installer/product/components/netbeans-license-jdk6.txt
[2019-04-20 12:01:40.754]:             loading nbi.wizard.ui.swing.frame.width.motif => 624
[2019-04-20 12:01:40.754]:             loading nbi.product.remove.corrupted.products.silently => true
[2019-04-20 12:01:40.754]:             loading nbi.wizard.ui.swing.frame.minimum.width.win.classic => 588
[2019-04-20 12:01:40.754]:             loading nbi.overall.license.resource => org/netbeans/installer/product/components/netbeans-license.txt
[2019-04-20 12:01:40.754]:             loading nbi.macosx.application.directory.name => NetBeans IDE Installer
[2019-04-20 12:01:40.754]:             loading nbi.wizard.ui.swing.frame.minimum.width.metal => 624
[2019-04-20 12:01:40.754]:             loading nbi.wizard.ui.swing.frame.height.metal => 470
[2019-04-20 12:01:40.754]:             loading nbi.wizard.ui.swing.frame.height.win.classic => 442
[2019-04-20 12:01:40.754]:             loading nbi.wizard.ui.swing.frame.height.default => 500
[2019-04-20 12:01:40.754]:             loading nbi.wizard.ui.swing.frame.title.pattern => {0}
[2019-04-20 12:01:40.754]:             loading nbi.wizard.ui.swing.frame.width.win.classic => 588
[2019-04-20 12:01:40.754]:             loading nbi.wizard.ui.swing.frame.minimum.height.metal => 470
[2019-04-20 12:01:40.754]:     ... finished loading engine properties
[2019-04-20 12:01:40.754]:     exiting -- org.netbeans.installer.Installer.<init>():123
[2019-04-20 12:01:40.754]:     initializing the local directory
[2019-04-20 12:01:40.754]:         ... custom local directory was not specified, using the default
[2019-04-20 12:01:40.754]:         ... local directory: C:\Users\Owner\.nbi
[2019-04-20 12:01:40.754]:     ... finished initializing local directory
[2019-04-20 12:01:40.801]:     entering -- org.netbeans.installer.Installer.<init>():129
[2019-04-20 12:01:40.801]:     ... initializing DownloadManager
[2019-04-20 12:01:40.816]:         file not exist, queue is empty!
[2019-04-20 12:01:40.854]:     ... end of initializing DownloadManager
[2019-04-20 12:01:40.854]:     exiting -- org.netbeans.installer.Installer.<init>():129
[2019-04-20 12:01:40.854]:     entering -- org.netbeans.installer.Installer.<init>():130
[2019-04-20 12:01:40.854]:     ... initializing Registry
[2019-04-20 12:01:40.870]:     ... end of initializing ErrorHandler
[2019-04-20 12:01:40.870]:     exiting -- org.netbeans.installer.Installer.<init>():130
[2019-04-20 12:01:40.870]:     entering -- org.netbeans.installer.Installer.<init>():131
[2019-04-20 12:01:40.870]:     ... initializing Wizard
[2019-04-20 12:01:40.955]:         ... loading registry from resource:data/registry.xml
[2019-04-20 12:01:41.033]:         entering -- org.netbeans.installer.product.Registry.loadProductRegistry():1001
[2019-04-20 12:01:41.033]:         validating previous installations
[2019-04-20 12:01:41.033]:         ... validating installations finished
[2019-04-20 12:01:41.033]:         exiting -- org.netbeans.installer.product.Registry.loadProductRegistry():1001
[2019-04-20 12:01:41.048]:         Can`t load message in bundle org.netbeans.installer.wizard.components.panels.netbeans.Bundle for key NPrISP.installation.folders using [sun.misc.Launcher$AppClassLoader@647e05] classloader
[2019-04-20 12:01:41.055]:     ... end of initializing Wizard
[2019-04-20 12:01:41.055]:     exiting -- org.netbeans.installer.Installer.<init>():131
[2019-04-20 12:01:41.055]:     creating lock file
[2019-04-20 12:01:41.055]:         ... created lock file: C:\Users\Owner\.nbi\.nbilock
[2019-04-20 12:01:41.055]:     finished creating lock file
[2019-04-20 12:01:41.055]: ... finished initializing the engine
[2019-04-20 12:01:41.055]: exiting -- org.netbeans.installer.Installer.main():81
[2019-04-20 12:01:41.055]: entering -- org.netbeans.installer.Installer.main():81
[2019-04-20 12:01:41.055]: starting the installer
[2019-04-20 12:01:41.055]:     ... initializing look and feel
[2019-04-20 12:01:41.055]:         ... custom look and feel class name was not specified, using system default
[2019-04-20 12:01:41.186]:         ... class name: com.sun.java.swing.plaf.windows.WindowsLookAndFeel
[2019-04-20 12:01:41.186]:         ... get installed L&Fs
[2019-04-20 12:01:41.217]:         ... set specified L&F
[2019-04-20 12:01:41.255]:         ... check headless
[2019-04-20 12:01:41.255]:         ... creating JFileChooser object to check possible issues with UI
[2019-04-20 12:01:42.137]:         ... getting default Toolkit to check possible issues with UI
[2019-04-20 12:01:42.137]:         ... creating JProgressBar object to check possible issues with UI
[2019-04-20 12:01:42.137]:         ... all UI checks done
[2019-04-20 12:01:42.137]:         ... L&F is set
[2019-04-20 12:01:42.137]:     ... initializing L&F finished
[2019-04-20 12:01:42.275]:     NameResolver - to parse ヘルプ(&H)
[2019-04-20 12:01:42.275]:     NameResolver - to parse < 戻る(&B)
[2019-04-20 12:01:42.275]:     NameResolver - to parse 次(&N) >
[2019-04-20 12:01:42.291]:     NameResolver - to parse 取消
[2019-04-20 12:01:42.291]:     NameResolver - to parse インストーラを構成しています...
[2019-04-20 12:01:42.291]:     NameResolver - to parse インストーラを構成しています...
[2019-04-20 12:01:42.291]:     NameResolver - to parse インストーラを構成しています...
[2019-04-20 12:01:42.291]:     NameResolver - to parse インストーラを構成しています...
[2019-04-20 12:01:42.307]:     NameResolver - to parse NetBeans IDEのインストーラを初期化しています。しばらくお待ちください。
[2019-04-20 12:01:42.322]:     NameResolver - to parse インストーラを構成しています...
[2019-04-20 12:01:42.322]:     NameResolver - to parse NetBeans IDEのインストーラを初期化しています。しばらくお待ちください。
[2019-04-20 12:01:42.322]: ... finished starting the installer
[2019-04-20 12:01:42.322]: exiting -- org.netbeans.installer.Installer.main():81
[2019-04-20 12:01:42.322]: NameResolver - to parse インストーラを構成しています...
[2019-04-20 12:01:42.322]: entering -- org.netbeans.installer.wizard.components.actions.InitializeRegistryAction.execute():73
[2019-04-20 12:01:42.322]: initializing product registry
[2019-04-20 12:01:42.322]:     entering -- org.netbeans.installer.product.Registry.initializeRegistry():190
[2019-04-20 12:01:42.322]:     initializing product registry properties
[2019-04-20 12:01:42.322]:         initializing local product cache directory
[2019-04-20 12:01:42.322]:         ... C:\Users\Owner\.nbi\product-cache
[2019-04-20 12:01:42.322]:         initializing local product registry file
[2019-04-20 12:01:42.322]:             ... C:\Users\Owner\.nbi\registry.xml
[2019-04-20 12:01:42.322]:             initializing local product registry stub uri
[2019-04-20 12:01:42.322]:             ... resource:org/netbeans/installer/product/default-registry.xml
[2019-04-20 12:01:42.322]:             initializing bundled product registry uri
[2019-04-20 12:01:42.322]:             ... resource:data/registry.xml
[2019-04-20 12:01:42.322]:             initializing product registry schema uri
[2019-04-20 12:01:42.322]:             ... resource:org/netbeans/installer/product/registry.xsd
[2019-04-20 12:01:42.322]:             initializing remote product registries uris
[2019-04-20 12:01:42.322]:             initializing state file schema uri
[2019-04-20 12:01:42.322]:             ... resource:org/netbeans/installer/product/state-file.xsd
[2019-04-20 12:01:42.322]:             initializing default state file uri
[2019-04-20 12:01:42.322]:             ... resource:org/netbeans/installer/product/default-state-file.xml
[2019-04-20 12:01:42.322]:             initializing target platform
[2019-04-20 12:01:42.322]:             ... windows-x86
[2019-04-20 12:01:42.322]:     initializing product registry properties
[2019-04-20 12:01:42.322]:     exiting -- org.netbeans.installer.product.Registry.initializeRegistry():190
[2019-04-20 12:01:42.322]:     ... loading registry from file:/C:/Users/Owner/.nbi/registry.xml
[2019-04-20 12:01:42.360]:     entering -- org.netbeans.installer.product.Registry.loadProductRegistry():1001
[2019-04-20 12:01:42.360]:     validating previous installations
[2019-04-20 12:01:42.438]:         NameResolver - to parse C:\Program Files (x86)\NetBeans 8.2
[2019-04-20 12:01:42.438]:         NameResolver - to parse C:\Program Files (x86)\NetBeans 8.2
[2019-04-20 12:01:42.454]:         NameResolver - to parse C:\Program Files (x86)\NetBeans 8.2
[2019-04-20 12:01:42.460]:         NameResolver - to parse C:\Program Files (x86)\NetBeans 8.2
[2019-04-20 12:01:42.476]:         NameResolver - to parse C:\Program Files (x86)\NetBeans 8.2
[2019-04-20 12:01:42.476]:         NameResolver - to parse C:\Program Files (x86)\NetBeans 8.2
[2019-04-20 12:01:42.492]:         NameResolver - to parse C:\Program Files (x86)\NetBeans 8.2
[2019-04-20 12:01:42.492]:         NameResolver - to parse C:\Program Files (x86)\NetBeans 8.2
[2019-04-20 12:01:42.507]:         NameResolver - to parse C:\Program Files (x86)\NetBeans 8.2
[2019-04-20 12:01:42.507]:         NameResolver - to parse C:\Program Files (x86)\NetBeans 8.2
[2019-04-20 12:01:42.523]:         NameResolver - to parse C:\Program Files (x86)\NetBeans 8.2
[2019-04-20 12:01:42.539]:         NameResolver - to parse C:\Program Files (x86)\glassfish-4.1.1
[2019-04-20 12:01:42.561]:         NameResolver - to parse C:\Program Files (x86)\Apache Software Foundation\Apache Tomcat 8.0.27
[2019-04-20 12:01:42.561]:     ... validating installations finished
[2019-04-20 12:01:42.561]:     exiting -- org.netbeans.installer.product.Registry.loadProductRegistry():1001
[2019-04-20 12:01:42.561]:     ... loading registry from resource:data/registry.xml
[2019-04-20 12:01:42.576]:     entering -- org.netbeans.installer.product.Registry.loadProductRegistry():1001
[2019-04-20 12:01:42.576]:     validating previous installations
[2019-04-20 12:01:42.576]:         NameResolver - to parse C:\Program Files (x86)\NetBeans 8.2
[2019-04-20 12:01:42.576]:         NameResolver - to parse C:\Program Files (x86)\NetBeans 8.2
[2019-04-20 12:01:42.576]:         NameResolver - to parse C:\Program Files (x86)\NetBeans 8.2
[2019-04-20 12:01:42.576]:         NameResolver - to parse C:\Program Files (x86)\NetBeans 8.2
[2019-04-20 12:01:42.576]:         NameResolver - to parse C:\Program Files (x86)\NetBeans 8.2
[2019-04-20 12:01:42.576]:         NameResolver - to parse C:\Program Files (x86)\NetBeans 8.2
[2019-04-20 12:01:42.576]:         NameResolver - to parse C:\Program Files (x86)\NetBeans 8.2
[2019-04-20 12:01:42.576]:         NameResolver - to parse C:\Program Files (x86)\NetBeans 8.2
[2019-04-20 12:01:42.576]:         NameResolver - to parse C:\Program Files (x86)\NetBeans 8.2
[2019-04-20 12:01:42.576]:         NameResolver - to parse C:\Program Files (x86)\NetBeans 8.2
[2019-04-20 12:01:42.592]:         NameResolver - to parse C:\Program Files (x86)\NetBeans 8.2
[2019-04-20 12:01:42.592]:         NameResolver - to parse C:\Program Files (x86)\glassfish-4.1.1
[2019-04-20 12:01:42.592]:         NameResolver - to parse C:\Program Files (x86)\Apache Software Foundation\Apache Tomcat 8.0.27
[2019-04-20 12:01:42.592]:     ... validating installations finished
[2019-04-20 12:01:42.592]:     exiting -- org.netbeans.installer.product.Registry.loadProductRegistry():1001
[2019-04-20 12:01:42.592]: ... product registry initialization complete
[2019-04-20 12:01:42.592]: exiting -- org.netbeans.installer.wizard.components.actions.InitializeRegistryAction.execute():73
[2019-04-20 12:01:42.592]: ... bundledProductSkip = null
[2019-04-20 12:01:42.592]: ... bundledProductToInstall = null
[2019-04-20 12:01:42.592]: NameResolver - to parse resource:org/netbeans/installer/wizard/components/panels/netbeans/resources/welcome-left-bottom.png
[2019-04-20 12:01:42.607]: NameResolver - to parse {0}<span style="color: gray">(インストール済み)</span><br>
[2019-04-20 12:01:42.639]: NameResolver - to parse {0}<span style="color: gray">(インストール済み)</span><br>
[2019-04-20 12:01:42.639]: NameResolver - to parse ヘルプ(&H)
[2019-04-20 12:01:42.639]: NameResolver - to parse < 戻る(&B)
[2019-04-20 12:01:42.639]: NameResolver - to parse 次(&N) >
[2019-04-20 12:01:42.639]: NameResolver - to parse 取消
[2019-04-20 12:01:42.639]: NameResolver - to parse <html><h2 style=''color: #FF8E00; bold''>NetBeans IDE 8.2インストーラへようこそ</h2>
[2019-04-20 12:01:42.654]: NameResolver - to parse </html>
[2019-04-20 12:01:42.654]: NameResolver - to parse text/html
[2019-04-20 12:01:42.654]: NameResolver - to parse <html>
[2019-04-20 12:01:42.654]: NameResolver - to parse このインストーラは、NetBeans IDE、Java EEパック、および選択したアプリケーション・サーバーをインストールします。<br><br>IDEとともにインストールするアプリケーション・サーバーを選択:<br><br>
[2019-04-20 12:01:42.654]: NameResolver - to parse text/html
[2019-04-20 12:01:42.654]: NameResolver - to parse <html>
[2019-04-20 12:01:42.654]: NameResolver - to parse </html>
[2019-04-20 12:01:42.654]: NameResolver - to parse text/html
[2019-04-20 12:01:42.661]: NameResolver - to parse カスタマイズ(&C)...
[2019-04-20 12:01:42.661]: NameResolver - to parse 使用可能なすべてのコンポーネントはすでにインストールされています。「取消し」をクリックしてインストーラを終了します。
[2019-04-20 12:01:42.661]: NameResolver - to parse 使用可能なすべてのコンポーネントはすでにインストールされています。「取消し」をクリックしてインストーラを終了します。
[2019-04-20 12:01:42.677]: NameResolver - to parse <仮の説明>
[2019-04-20 12:01:44.684]: NameResolver - to parse 使用可能なすべてのコンポーネントはすでにインストールされています。「取消し」をクリックしてインストーラを終了します。
[2019-04-20 12:01:46.690]: NameResolver - to parse 使用可能なすべてのコンポーネントはすでにインストールされています。「取消し」をクリックしてインストーラを終了します。
[2019-04-20 12:01:47.555]: NameResolver - to parse 取消
[2019-04-20 12:01:47.555]: NameResolver - to parse 本当に取消しますか?
[2019-04-20 12:01:47.555]: ... showing Yes/No dialog
[2019-04-20 12:01:47.555]:     title: 取消
[2019-04-20 12:01:47.555]:     message: 本当に取消しますか?
[2019-04-20 12:01:49.714]: ... dialog closed, choice : yes
