[2019-04-20 10:53:58.516]: entering -- org.netbeans.installer.Installer.main():81
[2019-04-20 10:53:58.522]: initializing the installer engine
[2019-04-20 10:53:58.522]:     entering -- org.netbeans.installer.Installer.<init>():116
[2019-04-20 10:53:58.522]:     ... initializing ErrorHandler
[2019-04-20 10:53:58.525]:     ... end of ErrorHandler initialization
[2019-04-20 10:53:58.525]:     exiting -- org.netbeans.installer.Installer.<init>():116
[2019-04-20 10:53:58.525]:     entering -- org.netbeans.installer.Installer.<init>():117
[2019-04-20 10:53:58.525]:     dumping target system information
[2019-04-20 10:53:58.525]:         system properties:
[2019-04-20 10:53:58.530]:             awt.toolkit => sun.awt.windows.WToolkit
[2019-04-20 10:53:58.531]:             file.encoding => MS932
[2019-04-20 10:53:58.531]:             file.encoding.pkg => sun.io
[2019-04-20 10:53:58.531]:             file.separator => \
[2019-04-20 10:53:58.531]:             java.awt.graphicsenv => sun.awt.Win32GraphicsEnvironment
[2019-04-20 10:53:58.531]:             java.awt.printerjob => sun.awt.windows.WPrinterJob
[2019-04-20 10:53:58.531]:             java.class.path => C:\Users\Owner\AppData\Local\Temp\\NBI47026.tmp\bundle.jar
[2019-04-20 10:53:58.531]:             java.class.version => 52.0
[2019-04-20 10:53:58.531]:             java.endorsed.dirs => C:\Program Files (x86)\Java\jre1.8.0_171\lib\endorsed
[2019-04-20 10:53:58.531]:             java.ext.dirs => C:\Program Files (x86)\Java\jre1.8.0_171\lib\ext;C:\WINDOWS\Sun\Java\lib\ext
[2019-04-20 10:53:58.531]:             java.home => C:\Program Files (x86)\Java\jre1.8.0_171
[2019-04-20 10:53:58.531]:             java.io.tmpdir => C:\Users\Owner\AppData\Local\Temp\
[2019-04-20 10:53:58.531]:             java.library.path => C:\Program Files (x86)\Java\jre1.8.0_171\bin;C:\WINDOWS\Sun\Java\bin;C:\WINDOWS\system32;C:\WINDOWS;C:\Windows\system32;C:\Windows;C:\Windows\System32\Wbem;C:\Users\Owner\AppData\Local\Microsoft\WindowsApps;.
[2019-04-20 10:53:58.531]:             java.runtime.name => Java(TM) SE Runtime Environment
[2019-04-20 10:53:58.531]:             java.runtime.version => 1.8.0_171-b11
[2019-04-20 10:53:58.531]:             java.specification.name => Java Platform API Specification
[2019-04-20 10:53:58.531]:             java.specification.vendor => Oracle Corporation
[2019-04-20 10:53:58.531]:             java.specification.version => 1.8
[2019-04-20 10:53:58.531]:             java.vendor => Oracle Corporation
[2019-04-20 10:53:58.531]:             java.vendor.url => http://java.oracle.com/
[2019-04-20 10:53:58.532]:             java.vendor.url.bug => http://bugreport.sun.com/bugreport/
[2019-04-20 10:53:58.532]:             java.version => 1.8.0_171
[2019-04-20 10:53:58.532]:             java.vm.info => mixed mode, sharing
[2019-04-20 10:53:58.532]:             java.vm.name => Java HotSpot(TM) Client VM
[2019-04-20 10:53:58.532]:             java.vm.specification.name => Java Virtual Machine Specification
[2019-04-20 10:53:58.532]:             java.vm.specification.vendor => Oracle Corporation
[2019-04-20 10:53:58.532]:             java.vm.specification.version => 1.8
[2019-04-20 10:53:58.532]:             java.vm.vendor => Oracle Corporation
[2019-04-20 10:53:58.532]:             java.vm.version => 25.171-b11
[2019-04-20 10:53:58.532]:             line.separator => 
[2019-04-20 10:53:58.532]:             netbeans.default_cachedir_root => C:\Users\Owner\AppData\Local\NetBeans\Cache
[2019-04-20 10:53:58.532]:             netbeans.default_userdir_root => C:\Users\Owner\AppData\Roaming\NetBeans
[2019-04-20 10:53:58.532]:             os.arch => x86
[2019-04-20 10:53:58.532]:             os.name => Windows 10
[2019-04-20 10:53:58.532]:             os.version => 10.0
[2019-04-20 10:53:58.532]:             path.separator => ;
[2019-04-20 10:53:58.532]:             sun.arch.data.model => 32
[2019-04-20 10:53:58.532]:             sun.boot.class.path => C:\Program Files (x86)\Java\jre1.8.0_171\lib\resources.jar;C:\Program Files (x86)\Java\jre1.8.0_171\lib\rt.jar;C:\Program Files (x86)\Java\jre1.8.0_171\lib\sunrsasign.jar;C:\Program Files (x86)\Java\jre1.8.0_171\lib\jsse.jar;C:\Program Files (x86)\Java\jre1.8.0_171\lib\jce.jar;C:\Program Files (x86)\Java\jre1.8.0_171\lib\charsets.jar;C:\Program Files (x86)\Java\jre1.8.0_171\lib\jfr.jar;C:\Program Files (x86)\Java\jre1.8.0_171\classes
[2019-04-20 10:53:58.532]:             sun.boot.library.path => C:\Program Files (x86)\Java\jre1.8.0_171\bin
[2019-04-20 10:53:58.532]:             sun.cpu.endian => little
[2019-04-20 10:53:58.532]:             sun.cpu.isalist => pentium_pro+mmx pentium_pro pentium+mmx pentium i486 i386 i86
[2019-04-20 10:53:58.533]:             sun.desktop => windows
[2019-04-20 10:53:58.533]:             sun.io.unicode.encoding => UnicodeLittle
[2019-04-20 10:53:58.533]:             sun.java.command => org.netbeans.installer.Installer
[2019-04-20 10:53:58.533]:             sun.java.launcher => SUN_STANDARD
[2019-04-20 10:53:58.533]:             sun.jnu.encoding => MS932
[2019-04-20 10:53:58.533]:             sun.management.compiler => HotSpot Client Compiler
[2019-04-20 10:53:58.533]:             sun.os.patch.level => 
[2019-04-20 10:53:58.533]:             user.country => JP
[2019-04-20 10:53:58.533]:             user.dir => C:\Users\Owner\AppData\Local\Packages\Microsoft.MicrosoftEdge_8wekyb3d8bbwe\TempState\Downloads
[2019-04-20 10:53:58.533]:             user.home => C:\Users\Owner
[2019-04-20 10:53:58.533]:             user.language => ja
[2019-04-20 10:53:58.533]:             user.name => Owner
[2019-04-20 10:53:58.533]:             user.script => 
[2019-04-20 10:53:58.533]:             user.timezone => Asia/Tokyo
[2019-04-20 10:53:58.533]:             user.variant => 
[2019-04-20 10:53:58.534]:     ... end of target system information
[2019-04-20 10:53:58.534]:     exiting -- org.netbeans.installer.Installer.<init>():117
[2019-04-20 10:53:58.570]:     loading jni library
[2019-04-20 10:53:58.570]:         library resource path: native/jnilib/windows/windows-x86.dll
[2019-04-20 10:53:58.840]:         library file path: C:\Users\Owner\AppData\Local\Temp\nbi-706378170044040030.tmp
[2019-04-20 10:53:58.869]:         ... successfully loaded the library
[2019-04-20 10:53:58.874]:     entering -- org.netbeans.installer.Installer.<init>():122
[2019-04-20 10:53:58.874]:     parsing command-line arguments
[2019-04-20 10:53:58.877]:         ... no command line arguments were specified
[2019-04-20 10:53:58.877]:     ... finished parsing command line arguments
[2019-04-20 10:53:58.877]:     exiting -- org.netbeans.installer.Installer.<init>():122
[2019-04-20 10:53:58.877]:     entering -- org.netbeans.installer.Installer.<init>():123
[2019-04-20 10:53:58.877]:     loading engine properties
[2019-04-20 10:53:58.877]:         loading engine properties
[2019-04-20 10:53:58.879]:             loading nbi.wizard.ui.swing.frame.title.prefix => NetBeans IDEのインストーラ
[2019-04-20 10:53:58.879]:             loading nbi.product.suggest.install => true
[2019-04-20 10:53:58.879]:             loading nbi.wizard.ui.swing.frame.width.default => 600
[2019-04-20 10:53:58.879]:             loading nbi.wizard.ui.swing.frame.width.gtk => 704
[2019-04-20 10:53:58.879]:             loading nbi.wizard.ui.swing.frame.head.right.image => resource:org/netbeans/installer/wizard/wizard-description-background.png
[2019-04-20 10:53:58.879]:             loading nbi.wizard.ui.swing.frame.minimum.width.nimbus => 624
[2019-04-20 10:53:58.879]:             loading nbi.wizard.ui.swing.frame.minimum.height.win.xp => 450
[2019-04-20 10:53:58.879]:             loading nbi.wizard.ui.swing.frame.minimum.height.nimbus => 512
[2019-04-20 10:53:58.880]:             loading nbi.wizard.ui.swing.frame.width.nimbus => 624
[2019-04-20 10:53:58.880]:             loading nbi.wizard.ui.swing.frame.width.win.xp => 600
[2019-04-20 10:53:58.880]:             loading nbi.overall.license.jdk5.resource => org/netbeans/installer/product/components/netbeans-license-jdk5.txt
[2019-04-20 10:53:58.880]:             loading nbi.wizard.ui.swing.frame.minimum.height.win.classic => 442
[2019-04-20 10:53:58.880]:             loading nbi.overall.license.jtb.resource => org/netbeans/installer/product/components/netbeans-license-jtb.txt
[2019-04-20 10:53:58.880]:             loading nbi.wizard.ui.swing.frame.minimum.width.default => 600
[2019-04-20 10:53:58.880]:             loading nbi.wizard.ui.swing.frame.height.motif => 470
[2019-04-20 10:53:58.880]:             loading nbi.wizard.ui.swing.frame.height.aqua => 480
[2019-04-20 10:53:58.880]:             loading nbi.wizard.ui.swing.frame.minimum.width.win.xp => 600
[2019-04-20 10:53:58.880]:             loading nbi.wizard.ui.swing.frame.minimum.height.aqua => 480
[2019-04-20 10:53:58.880]:             loading nbi.overall.license.jdk6.resource => org/netbeans/installer/product/components/netbeans-license-jdk6.txt
[2019-04-20 10:53:58.880]:             loading nbi.wizard.ui.swing.frame.minimum.height.default => 500
[2019-04-20 10:53:58.880]:             loading nbi.overall.license.mysql.resource => org/netbeans/installer/product/components/netbeans-license-mysql.txt
[2019-04-20 10:53:58.880]:             loading nbi.wizard.ui.swing.frame.icon => resource:org/netbeans/installer/wizard/wizard-icon.png
[2019-04-20 10:53:58.880]:             loading nbi.wizard.ui.swing.frame.minimum.height.gtk => 528
[2019-04-20 10:53:58.880]:             loading nbi.wizard.ui.swing.frame.width.aqua => 640
[2019-04-20 10:53:58.880]:             loading nbi.wizard.ui.swing.frame.minimum.height.motif => 470
[2019-04-20 10:53:58.880]:             loading nbi.wizard.ui.swing.frame.width.motif => 624
[2019-04-20 10:53:58.880]:             loading nbi.product.remove.corrupted.products.silently => true
[2019-04-20 10:53:58.880]:             loading nbi.wizard.ui.swing.frame.minimum.width.win.classic => 588
[2019-04-20 10:53:58.880]:             loading nbi.wizard.ui.swing.welcome.left.bottom.image => resource:org/netbeans/installer/wizard/components/panels/netbeans/resources/welcome-left-bottom.png
[2019-04-20 10:53:58.880]:             loading nbi.overall.license.resource => org/netbeans/installer/product/components/netbeans-license.txt
[2019-04-20 10:53:58.880]:             loading nbi.macosx.application.directory.name => NetBeans IDE Installer
[2019-04-20 10:53:58.880]:             loading nbi.wizard.ui.swing.frame.height.gtk => 528
[2019-04-20 10:53:58.880]:             loading nbi.wizard.ui.swing.frame.minimum.width.metal => 624
[2019-04-20 10:53:58.880]:             loading nbi.wizard.ui.swing.frame.minimum.width.motif => 624
[2019-04-20 10:53:58.880]:             loading nbi.wizard.ui.swing.frame.height.metal => 470
[2019-04-20 10:53:58.880]:             loading nbi.wizard.ui.swing.frame.minimum.width.gtk => 704
[2019-04-20 10:53:58.880]:             loading nbi.junit.license.resource => org/netbeans/installer/product/components/junit-license.txt
[2019-04-20 10:53:58.880]:             loading nbi.wizard.ui.swing.frame.width.metal => 624
[2019-04-20 10:53:58.880]:             loading nbi.wizard.ui.swing.frame.height.win.classic => 442
[2019-04-20 10:53:58.880]:             loading nbi.wizard.ui.swing.frame.height.win.xp => 450
[2019-04-20 10:53:58.880]:             loading nbi.wizard.ui.swing.frame.height.default => 500
[2019-04-20 10:53:58.880]:             loading nbi.wizard.ui.swing.frame.height.nimbus => 512
[2019-04-20 10:53:58.882]:             loading nbi.overall.license.javafx.resource => org/netbeans/installer/product/components/netbeans-license-javafx.txt
[2019-04-20 10:53:58.882]:             loading nbi.wizard.ui.swing.frame.title.pattern => {0}
[2019-04-20 10:53:58.882]:             loading nbi.wizard.ui.swing.frame.width.win.classic => 588
[2019-04-20 10:53:58.882]:             loading nbi.wizard.ui.swing.frame.minimum.width.aqua => 640
[2019-04-20 10:53:58.882]:             loading nbi.wizard.ui.swing.frame.minimum.height.metal => 470
[2019-04-20 10:53:58.882]:     ... finished loading engine properties
[2019-04-20 10:53:58.882]:     exiting -- org.netbeans.installer.Installer.<init>():123
[2019-04-20 10:53:58.882]:     initializing the local directory
[2019-04-20 10:53:58.882]:         ... custom local directory was not specified, using the default
[2019-04-20 10:53:58.882]:         ... local directory: C:\Users\Owner\.nbi
[2019-04-20 10:53:58.882]:     ... finished initializing local directory
[2019-04-20 10:53:58.914]:     entering -- org.netbeans.installer.Installer.<init>():129
[2019-04-20 10:53:58.933]:     ... initializing DownloadManager
[2019-04-20 10:53:58.939]:         file not exist, queue is empty!
[2019-04-20 10:53:58.947]:     ... end of initializing DownloadManager
[2019-04-20 10:53:58.947]:     exiting -- org.netbeans.installer.Installer.<init>():129
[2019-04-20 10:53:58.947]:     entering -- org.netbeans.installer.Installer.<init>():130
[2019-04-20 10:53:58.947]:     ... initializing Registry
[2019-04-20 10:53:58.959]:     ... end of initializing ErrorHandler
[2019-04-20 10:53:58.959]:     exiting -- org.netbeans.installer.Installer.<init>():130
[2019-04-20 10:53:58.959]:     entering -- org.netbeans.installer.Installer.<init>():131
[2019-04-20 10:53:58.959]:     ... initializing Wizard
[2019-04-20 10:53:59.211]:         ... loading registry from resource:data/registry.xml
[2019-04-20 10:53:59.370]:         entering -- org.netbeans.installer.product.Registry.loadProductRegistry():1001
[2019-04-20 10:53:59.370]:         validating previous installations
[2019-04-20 10:53:59.370]:         ... validating installations finished
[2019-04-20 10:53:59.370]:         exiting -- org.netbeans.installer.product.Registry.loadProductRegistry():1001
[2019-04-20 10:53:59.372]:         Can`t load message in bundle org.netbeans.installer.wizard.components.panels.netbeans.Bundle for key NPrISP.installation.folders using [sun.misc.Launcher$AppClassLoader@647e05] classloader
[2019-04-20 10:53:59.383]:     ... end of initializing Wizard
[2019-04-20 10:53:59.383]:     exiting -- org.netbeans.installer.Installer.<init>():131
[2019-04-20 10:53:59.383]:     creating lock file
[2019-04-20 10:53:59.384]:         ... created lock file: C:\Users\Owner\.nbi\.nbilock
[2019-04-20 10:53:59.384]:     finished creating lock file
[2019-04-20 10:53:59.384]: ... finished initializing the engine
[2019-04-20 10:53:59.384]: exiting -- org.netbeans.installer.Installer.main():81
[2019-04-20 10:53:59.385]: entering -- org.netbeans.installer.Installer.main():81
[2019-04-20 10:53:59.385]: starting the installer
[2019-04-20 10:53:59.389]:     ... initializing look and feel
[2019-04-20 10:53:59.390]:         ... custom look and feel class name was not specified, using system default
[2019-04-20 10:53:59.485]:         ... class name: com.sun.java.swing.plaf.windows.WindowsLookAndFeel
[2019-04-20 10:53:59.485]:         ... get installed L&Fs
[2019-04-20 10:53:59.494]:         ... set specified L&F
[2019-04-20 10:53:59.529]:         ... check headless
[2019-04-20 10:53:59.529]:         ... creating JFileChooser object to check possible issues with UI
[2019-04-20 10:54:00.468]:         ... getting default Toolkit to check possible issues with UI
[2019-04-20 10:54:00.469]:         ... creating JProgressBar object to check possible issues with UI
[2019-04-20 10:54:00.471]:         ... all UI checks done
[2019-04-20 10:54:00.471]:         ... L&F is set
[2019-04-20 10:54:00.471]:     ... initializing L&F finished
[2019-04-20 10:54:00.611]:     NameResolver - to parse ヘルプ(&H)
[2019-04-20 10:54:00.612]:     NameResolver - to parse < 戻る(&B)
[2019-04-20 10:54:00.612]:     NameResolver - to parse 次(&N) >
[2019-04-20 10:54:00.613]:     NameResolver - to parse 取消
[2019-04-20 10:54:00.614]:     NameResolver - to parse インストーラを構成しています...
[2019-04-20 10:54:00.614]:     NameResolver - to parse インストーラを構成しています...
[2019-04-20 10:54:00.617]:     NameResolver - to parse インストーラを構成しています...
[2019-04-20 10:54:00.617]:     NameResolver - to parse インストーラを構成しています...
[2019-04-20 10:54:00.618]:     NameResolver - to parse NetBeans IDEのインストーラを初期化しています。しばらくお待ちください。
[2019-04-20 10:54:00.635]:     NameResolver - to parse インストーラを構成しています...
[2019-04-20 10:54:00.635]:     NameResolver - to parse NetBeans IDEのインストーラを初期化しています。しばらくお待ちください。
[2019-04-20 10:54:00.636]: ... finished starting the installer
[2019-04-20 10:54:00.637]: exiting -- org.netbeans.installer.Installer.main():81
[2019-04-20 10:54:00.637]: NameResolver - to parse インストーラを構成しています...
[2019-04-20 10:54:00.638]: entering -- org.netbeans.installer.wizard.components.actions.InitializeRegistryAction.execute():73
[2019-04-20 10:54:00.638]: initializing product registry
[2019-04-20 10:54:00.638]:     entering -- org.netbeans.installer.product.Registry.initializeRegistry():190
[2019-04-20 10:54:00.638]:     initializing product registry properties
[2019-04-20 10:54:00.638]:         initializing local product cache directory
[2019-04-20 10:54:00.639]:         ... C:\Users\Owner\.nbi\product-cache
[2019-04-20 10:54:00.639]:         initializing local product registry file
[2019-04-20 10:54:00.639]:             ... C:\Users\Owner\.nbi\registry.xml
[2019-04-20 10:54:00.639]:             initializing local product registry stub uri
[2019-04-20 10:54:00.639]:             ... resource:org/netbeans/installer/product/default-registry.xml
[2019-04-20 10:54:00.639]:             initializing bundled product registry uri
[2019-04-20 10:54:00.639]:             ... resource:data/registry.xml
[2019-04-20 10:54:00.639]:             initializing product registry schema uri
[2019-04-20 10:54:00.639]:             ... resource:org/netbeans/installer/product/registry.xsd
[2019-04-20 10:54:00.639]:             initializing remote product registries uris
[2019-04-20 10:54:00.640]:             initializing state file schema uri
[2019-04-20 10:54:00.640]:             ... resource:org/netbeans/installer/product/state-file.xsd
[2019-04-20 10:54:00.640]:             initializing default state file uri
[2019-04-20 10:54:00.640]:             ... resource:org/netbeans/installer/product/default-state-file.xml
[2019-04-20 10:54:00.640]:             initializing target platform
[2019-04-20 10:54:00.640]:             ... windows-x86
[2019-04-20 10:54:00.640]:     initializing product registry properties
[2019-04-20 10:54:00.640]:     exiting -- org.netbeans.installer.product.Registry.initializeRegistry():190
[2019-04-20 10:54:00.641]:     ... loading registry from file:/C:/Users/Owner/.nbi/registry.xml
[2019-04-20 10:54:00.689]:     entering -- org.netbeans.installer.product.Registry.loadProductRegistry():1001
[2019-04-20 10:54:00.689]:     validating previous installations
[2019-04-20 10:54:00.777]:         NameResolver - to parse C:\Program Files (x86)\NetBeans 8.2
[2019-04-20 10:54:00.787]:         NameResolver - to parse C:\Program Files (x86)\NetBeans 8.2
[2019-04-20 10:54:00.798]:         NameResolver - to parse C:\Program Files (x86)\NetBeans 8.2
[2019-04-20 10:54:00.812]:         NameResolver - to parse C:\Program Files (x86)\NetBeans 8.2
[2019-04-20 10:54:00.830]:         NameResolver - to parse C:\Program Files (x86)\NetBeans 8.2
[2019-04-20 10:54:00.840]:         NameResolver - to parse C:\Program Files (x86)\NetBeans 8.2
[2019-04-20 10:54:00.849]:         NameResolver - to parse C:\Program Files (x86)\NetBeans 8.2
[2019-04-20 10:54:00.857]:         NameResolver - to parse C:\Program Files (x86)\NetBeans 8.2
[2019-04-20 10:54:00.867]:         NameResolver - to parse C:\Program Files (x86)\NetBeans 8.2
[2019-04-20 10:54:00.874]:         NameResolver - to parse C:\Program Files (x86)\NetBeans 8.2
[2019-04-20 10:54:00.883]:         NameResolver - to parse C:\Program Files (x86)\NetBeans 8.2
[2019-04-20 10:54:00.905]:         NameResolver - to parse C:\Program Files (x86)\glassfish-4.1.1
[2019-04-20 10:54:00.934]:         NameResolver - to parse C:\Program Files (x86)\Apache Software Foundation\Apache Tomcat 8.0.27
[2019-04-20 10:54:00.936]:     ... validating installations finished
[2019-04-20 10:54:00.937]:     exiting -- org.netbeans.installer.product.Registry.loadProductRegistry():1001
[2019-04-20 10:54:00.937]:     ... loading registry from resource:data/registry.xml
[2019-04-20 10:54:00.966]:     entering -- org.netbeans.installer.product.Registry.loadProductRegistry():1001
[2019-04-20 10:54:00.966]:     validating previous installations
[2019-04-20 10:54:00.967]:         NameResolver - to parse C:\Program Files (x86)\NetBeans 8.2
[2019-04-20 10:54:00.967]:         NameResolver - to parse C:\Program Files (x86)\NetBeans 8.2
[2019-04-20 10:54:00.968]:         NameResolver - to parse C:\Program Files (x86)\NetBeans 8.2
[2019-04-20 10:54:00.968]:         NameResolver - to parse C:\Program Files (x86)\NetBeans 8.2
[2019-04-20 10:54:00.969]:         NameResolver - to parse C:\Program Files (x86)\NetBeans 8.2
[2019-04-20 10:54:00.969]:         NameResolver - to parse C:\Program Files (x86)\NetBeans 8.2
[2019-04-20 10:54:00.970]:         NameResolver - to parse C:\Program Files (x86)\NetBeans 8.2
[2019-04-20 10:54:00.970]:         NameResolver - to parse C:\Program Files (x86)\NetBeans 8.2
[2019-04-20 10:54:00.972]:         NameResolver - to parse C:\Program Files (x86)\NetBeans 8.2
[2019-04-20 10:54:00.972]:         NameResolver - to parse C:\Program Files (x86)\NetBeans 8.2
[2019-04-20 10:54:00.973]:         NameResolver - to parse C:\Program Files (x86)\NetBeans 8.2
[2019-04-20 10:54:00.973]:         NameResolver - to parse C:\Program Files (x86)\glassfish-4.1.1
[2019-04-20 10:54:00.974]:         NameResolver - to parse C:\Program Files (x86)\Apache Software Foundation\Apache Tomcat 8.0.27
[2019-04-20 10:54:00.974]:     ... validating installations finished
[2019-04-20 10:54:00.974]:     exiting -- org.netbeans.installer.product.Registry.loadProductRegistry():1001
[2019-04-20 10:54:00.976]: ... product registry initialization complete
[2019-04-20 10:54:00.976]: exiting -- org.netbeans.installer.wizard.components.actions.InitializeRegistryAction.execute():73
[2019-04-20 10:54:00.976]: ... bundledProductSkip = null
[2019-04-20 10:54:00.976]: ... bundledProductToInstall = null
[2019-04-20 10:54:00.993]: NameResolver - to parse resource:org/netbeans/installer/wizard/components/panels/netbeans/resources/welcome-left-bottom.png
[2019-04-20 10:54:00.998]: NameResolver - to parse ヘルプ(&H)
[2019-04-20 10:54:01.000]: NameResolver - to parse < 戻る(&B)
[2019-04-20 10:54:01.000]: NameResolver - to parse 次(&N) >
[2019-04-20 10:54:01.001]: NameResolver - to parse 取消
[2019-04-20 10:54:01.001]: NameResolver - to parse <html><h2 style=''color: #FF8E00; bold''>NetBeans IDE 8.2インストーラへようこそ</h2>
[2019-04-20 10:54:01.001]: NameResolver - to parse </html>
[2019-04-20 10:54:01.001]: NameResolver - to parse text/html
[2019-04-20 10:54:01.045]: NameResolver - to parse <html>
[2019-04-20 10:54:01.045]: NameResolver - to parse このインストーラは、次のパックおよびランタイムを持つNetBeans IDEをインストールします。<br>インストールするパックとランタイムを選択するには、「カスタマイズ」をクリックします。<br><br>
[2019-04-20 10:54:01.045]: NameResolver - to parse text/html
[2019-04-20 10:54:01.048]: NameResolver - to parse <html>
[2019-04-20 10:54:01.048]: NameResolver - to parse {0}<span style="color: gray">(インストール済み)</span><br>
[2019-04-20 10:54:01.048]: NameResolver - to parse {0}<span style="color: gray">(インストール済み)</span><br>
[2019-04-20 10:54:01.049]: NameResolver - to parse {0}<span style="color: gray">(インストール済み)</span><br>
[2019-04-20 10:54:01.049]: NameResolver - to parse {0}<span style="color: gray">(インストール済み)</span><br>
[2019-04-20 10:54:01.049]: NameResolver - to parse {0}<span style="color: gray">(インストール済み)</span><br>
[2019-04-20 10:54:01.049]: NameResolver - to parse {0}<span style="color: gray">(インストール済み)</span><br>
[2019-04-20 10:54:01.049]: NameResolver - to parse {0}<span style="color: gray">(インストール済み)</span><br>
[2019-04-20 10:54:01.049]: NameResolver - to parse {0}<span style="color: gray">(インストール済み)</span><br>
[2019-04-20 10:54:01.050]: NameResolver - to parse {0}<span style="color: gray">(インストール済み)</span><br>
[2019-04-20 10:54:01.050]: NameResolver - to parse {0}<span style="color: gray">(インストール済み)</span><br>
[2019-04-20 10:54:01.050]: NameResolver - to parse <br><b>{0}</b><br>
[2019-04-20 10:54:01.051]: NameResolver - to parse {0}<span style="color: gray">(インストール済み)</span><br>
[2019-04-20 10:54:01.051]: NameResolver - to parse {0}<span style="color: gray">(インストール済み)</span><br>
[2019-04-20 10:54:01.051]: NameResolver - to parse </html>
[2019-04-20 10:54:01.051]: NameResolver - to parse text/html
[2019-04-20 10:54:01.057]: NameResolver - to parse カスタマイズ(&C)...
[2019-04-20 10:54:01.067]: NameResolver - to parse 使用可能なすべてのコンポーネントはすでにインストールされています。「取消し」をクリックしてインストーラを終了します。
[2019-04-20 10:54:01.070]: NameResolver - to parse 使用可能なすべてのコンポーネントはすでにインストールされています。「取消し」をクリックしてインストーラを終了します。
[2019-04-20 10:54:01.092]: NameResolver - to parse <仮の説明>
[2019-04-20 10:54:03.085]: NameResolver - to parse 使用可能なすべてのコンポーネントはすでにインストールされています。「取消し」をクリックしてインストーラを終了します。
[2019-04-20 10:54:05.093]: NameResolver - to parse 使用可能なすべてのコンポーネントはすでにインストールされています。「取消し」をクリックしてインストーラを終了します。
[2019-04-20 10:54:07.094]: NameResolver - to parse 使用可能なすべてのコンポーネントはすでにインストールされています。「取消し」をクリックしてインストーラを終了します。
[2019-04-20 10:54:09.100]: NameResolver - to parse 使用可能なすべてのコンポーネントはすでにインストールされています。「取消し」をクリックしてインストーラを終了します。
[2019-04-20 10:54:09.202]: NameResolver - to parse 取消
[2019-04-20 10:54:09.202]: NameResolver - to parse 本当に取消しますか?
[2019-04-20 10:54:09.202]: ... showing Yes/No dialog
[2019-04-20 10:54:09.202]:     title: 取消
[2019-04-20 10:54:09.202]:     message: 本当に取消しますか?
[2019-04-20 10:54:11.378]: ... dialog closed, choice : yes
