%!Adobe-FontList 1.16
%Locale:0x411

%BeginFont
Handler:DirectoryHandler
FontType:CMap
CMapName:83pv-RKSJ-H
Registry:Adobe
Ordering:Japan1
OutlineFileName:C:\Program Files (x86)\Adobe\Acrobat Reader DC\Resource\CMap\83pv-RKSJ-H
FileLength:7463
FileModTime:1426491250
%EndFont

%BeginFont
Handler:DirectoryHandler
FontType:CMap
CMapName:90ms-RKSJ-H
Registry:Adobe
Ordering:Japan1
OutlineFileName:C:\Program Files (x86)\Adobe\Acrobat Reader DC\Resource\CMap\90ms-RKSJ-H
FileLength:6398
FileModTime:1426491252
%EndFont

%BeginFont
Handler:DirectoryHandler
FontType:CMap
CMapName:90ms-RKSJ-UCS2
Registry:Adobe
Ordering:90ms_RKSJ_UCS2
OutlineFileName:C:\Program Files (x86)\Adobe\Acrobat Reader DC\Resource\CMap\90ms-RKSJ-UCS2
FileLength:112126
FileModTime:1426491250
%EndFont

%BeginFont
Handler:DirectoryHandler
FontType:CMap
CMapName:90ms-RKSJ-V
Registry:Adobe
Ordering:Japan1
UseCMap:90ms-RKSJ-H
OutlineFileName:C:\Program Files (x86)\Adobe\Acrobat Reader DC\Resource\CMap\90ms-RKSJ-V
FileLength:4454
FileModTime:1426491252
%EndFont

%BeginFont
Handler:DirectoryHandler
FontType:CMap
CMapName:90msp-RKSJ-H
Registry:Adobe
Ordering:Japan1
OutlineFileName:C:\Program Files (x86)\Adobe\Acrobat Reader DC\Resource\CMap\90msp-RKSJ-H
FileLength:6327
FileModTime:1426491250
%EndFont

%BeginFont
Handler:DirectoryHandler
FontType:CMap
CMapName:90msp-RKSJ-V
Registry:Adobe
Ordering:Japan1
UseCMap:90msp-RKSJ-H
OutlineFileName:C:\Program Files (x86)\Adobe\Acrobat Reader DC\Resource\CMap\90msp-RKSJ-V
FileLength:4436
FileModTime:1426491250
%EndFont

%BeginFont
Handler:DirectoryHandler
FontType:CMap
CMapName:90pv-RKSJ-H
Registry:Adobe
Ordering:Japan1
OutlineFileName:C:\Program Files (x86)\Adobe\Acrobat Reader DC\Resource\CMap\90pv-RKSJ-H
FileLength:8239
FileModTime:1426491250
%EndFont

%BeginFont
Handler:DirectoryHandler
FontType:CMap
CMapName:90pv-RKSJ-UCS2
Registry:Adobe
Ordering:90pv_RKSJ_UCS2
UseCMap:90pv-RKSJ-UCS2C
OutlineFileName:C:\Program Files (x86)\Adobe\Acrobat Reader DC\Resource\CMap\90pv-RKSJ-UCS2
FileLength:1854
FileModTime:1426491250
%EndFont

%BeginFont
Handler:DirectoryHandler
FontType:CMap
CMapName:90pv-RKSJ-UCS2C
Registry:Adobe
Ordering:90pv_RKSJ_UCS2C
OutlineFileName:C:\Program Files (x86)\Adobe\Acrobat Reader DC\Resource\CMap\90pv-RKSJ-UCS2C
FileLength:102591
FileModTime:1426491250
%EndFont

%BeginFont
Handler:DirectoryHandler
FontType:CMap
CMapName:Add-RKSJ-H
Registry:Adobe
Ordering:Japan1
OutlineFileName:C:\Program Files (x86)\Adobe\Acrobat Reader DC\Resource\CMap\Add-RKSJ-H
FileLength:15845
FileModTime:1426491252
%EndFont

%BeginFont
Handler:DirectoryHandler
FontType:CMap
CMapName:Add-RKSJ-V
Registry:Adobe
Ordering:Japan1
UseCMap:Add-RKSJ-H
OutlineFileName:C:\Program Files (x86)\Adobe\Acrobat Reader DC\Resource\CMap\Add-RKSJ-V
FileLength:4027
FileModTime:1426491252
%EndFont

%BeginFont
Handler:DirectoryHandler
FontType:CMap
CMapName:Adobe-Japan1-0
Registry:Adobe
Ordering:Japan1
OutlineFileName:C:\Program Files (x86)\Adobe\Acrobat Reader DC\Resource\CMap\Adobe-Japan1-0
FileLength:3523
FileModTime:1426491252
%EndFont

%BeginFont
Handler:DirectoryHandler
FontType:CMap
CMapName:Adobe-Japan1-1
Registry:Adobe
Ordering:Japan1
OutlineFileName:C:\Program Files (x86)\Adobe\Acrobat Reader DC\Resource\CMap\Adobe-Japan1-1
FileLength:3524
FileModTime:1426491252
%EndFont

%BeginFont
Handler:DirectoryHandler
FontType:CMap
CMapName:Adobe-Japan1-2
Registry:Adobe
Ordering:Japan1
OutlineFileName:C:\Program Files (x86)\Adobe\Acrobat Reader DC\Resource\CMap\Adobe-Japan1-2
FileLength:3564
FileModTime:1426491252
%EndFont

%BeginFont
Handler:DirectoryHandler
FontType:CMap
CMapName:Adobe-Japan1-3
Registry:Adobe
Ordering:Japan1
OutlineFileName:C:\Program Files (x86)\Adobe\Acrobat Reader DC\Resource\CMap\Adobe-Japan1-3
FileLength:3575
FileModTime:1426491252
%EndFont

%BeginFont
Handler:DirectoryHandler
FontType:CMap
CMapName:Adobe-Japan1-4
Registry:Adobe
Ordering:Japan1
OutlineFileName:C:\Program Files (x86)\Adobe\Acrobat Reader DC\Resource\CMap\Adobe-Japan1-4
FileLength:4077
FileModTime:1426491252
%EndFont

%BeginFont
Handler:DirectoryHandler
FontType:CMap
CMapName:Adobe-Japan1-5
Registry:Adobe
Ordering:Japan1
OutlineFileName:C:\Program Files (x86)\Adobe\Acrobat Reader DC\Resource\CMap\Adobe-Japan1-5
FileLength:4476
FileModTime:1426491252
%EndFont

%BeginFont
Handler:DirectoryHandler
FontType:CMap
CMapName:Adobe-Japan1-6
Registry:Adobe
Ordering:Japan1
OutlineFileName:C:\Program Files (x86)\Adobe\Acrobat Reader DC\Resource\CMap\Adobe-Japan1-6
FileLength:4707
FileModTime:1426491252
%EndFont

%BeginFont
Handler:DirectoryHandler
FontType:CMap
CMapName:Adobe-Japan1-7
Registry:Adobe
Ordering:Japan1
OutlineFileName:C:\Program Files (x86)\Adobe\Acrobat Reader DC\Resource\CMap\Adobe-Japan1-7
FileLength:4681
FileModTime:1599751844
%EndFont

%BeginFont
Handler:DirectoryHandler
FontType:CMap
CMapName:Adobe-Japan1-90ms-RKSJ
Registry:Adobe
Ordering:Adobe_Japan1_90ms_RKSJ
OutlineFileName:C:\Program Files (x86)\Adobe\Acrobat Reader DC\Resource\CMap\Adobe-Japan1-90ms-RKSJ
FileLength:6353
FileModTime:1426491250
%EndFont

%BeginFont
Handler:DirectoryHandler
FontType:CMap
CMapName:Adobe-Japan1-90pv-RKSJ
Registry:Adobe
Ordering:Adobe_Japan1_90pv_RKSJ
OutlineFileName:C:\Program Files (x86)\Adobe\Acrobat Reader DC\Resource\CMap\Adobe-Japan1-90pv-RKSJ
FileLength:8442
FileModTime:1426491252
%EndFont

%BeginFont
Handler:DirectoryHandler
FontType:CMap
CMapName:Adobe-Japan1-H-CID
Registry:Adobe
Ordering:Adobe_Japan1_H_CID
OutlineFileName:C:\Program Files (x86)\Adobe\Acrobat Reader DC\Resource\CMap\Adobe-Japan1-H-CID
FileLength:2291
FileModTime:1426491250
%EndFont

%BeginFont
Handler:DirectoryHandler
FontType:CMap
CMapName:Adobe-Japan1-H-Host
Registry:Adobe
Ordering:Adobe_Japan1_H_Host
OutlineFileName:C:\Program Files (x86)\Adobe\Acrobat Reader DC\Resource\CMap\Adobe-Japan1-H-Host
FileLength:6625
FileModTime:1426491252
%EndFont

%BeginFont
Handler:DirectoryHandler
FontType:CMap
CMapName:Adobe-Japan1-H-Mac
Registry:Adobe
Ordering:Adobe_Japan1_H_Mac
OutlineFileName:C:\Program Files (x86)\Adobe\Acrobat Reader DC\Resource\CMap\Adobe-Japan1-H-Mac
FileLength:5492
FileModTime:1426491252
%EndFont

%BeginFont
Handler:DirectoryHandler
FontType:CMap
CMapName:Adobe-Japan1-UCS2
Registry:Adobe
Ordering:Adobe_Japan1_UCS2
OutlineFileName:C:\Program Files (x86)\Adobe\Acrobat Reader DC\Resource\CMap\Adobe-Japan1-UCS2
FileLength:303313
FileModTime:1599809444
%EndFont

%BeginFont
Handler:DirectoryHandler
FontType:CMap
CMapName:EUC-H
Registry:Adobe
Ordering:Japan1
OutlineFileName:C:\Program Files (x86)\Adobe\Acrobat Reader DC\Resource\CMap\EUC-H
FileLength:5351
FileModTime:1426491250
%EndFont

%BeginFont
Handler:DirectoryHandler
FontType:CMap
CMapName:EUC-V
Registry:Adobe
Ordering:Japan1
UseCMap:EUC-H
OutlineFileName:C:\Program Files (x86)\Adobe\Acrobat Reader DC\Resource\CMap\EUC-V
FileLength:3397
FileModTime:1426491250
%EndFont

%BeginFont
Handler:DirectoryHandler
FontType:CMap
CMapName:Ext-RKSJ-H
Registry:Adobe
Ordering:Japan1
OutlineFileName:C:\Program Files (x86)\Adobe\Acrobat Reader DC\Resource\CMap\Ext-RKSJ-H
FileLength:16444
FileModTime:1426491250
%EndFont

%BeginFont
Handler:DirectoryHandler
FontType:CMap
CMapName:Ext-RKSJ-V
Registry:Adobe
Ordering:Japan1
UseCMap:Ext-RKSJ-H
OutlineFileName:C:\Program Files (x86)\Adobe\Acrobat Reader DC\Resource\CMap\Ext-RKSJ-V
FileLength:3667
FileModTime:1426491250
%EndFont

%BeginFont
Handler:DirectoryHandler
FontType:CMap
CMapName:H
Registry:Adobe
Ordering:Japan1
OutlineFileName:C:\Program Files (x86)\Adobe\Acrobat Reader DC\Resource\CMap\H
FileLength:5210
FileModTime:1426491252
%EndFont

%BeginFont
Handler:DirectoryHandler
FontType:CMap
CMapName:Identity-H
Registry:Adobe
Ordering:Identity
OutlineFileName:C:\Program Files (x86)\Adobe\Acrobat Reader DC\Resource\CMap\Identity-H
FileLength:8228
FileModTime:1426491252
%EndFont

%BeginFont
Handler:DirectoryHandler
FontType:CMap
CMapName:Identity-V
Registry:Adobe
Ordering:Identity
UseCMap:Identity-H
OutlineFileName:C:\Program Files (x86)\Adobe\Acrobat Reader DC\Resource\CMap\Identity-V
FileLength:2761
FileModTime:1426491252
%EndFont

%BeginFont
Handler:DirectoryHandler
FontType:CMap
CMapName:UCS2-90ms-RKSJ
Registry:Adobe
Ordering:UCS2_90ms_RKSJ
OutlineFileName:C:\Program Files (x86)\Adobe\Acrobat Reader DC\Resource\CMap\UCS2-90ms-RKSJ
FileLength:155399
FileModTime:1426491250
%EndFont

%BeginFont
Handler:DirectoryHandler
FontType:CMap
CMapName:UCS2-90pv-RKSJ
Registry:Adobe
Ordering:UCS2_90pv_RKSJ
OutlineFileName:C:\Program Files (x86)\Adobe\Acrobat Reader DC\Resource\CMap\UCS2-90pv-RKSJ
FileLength:148339
FileModTime:1426491250
%EndFont

%BeginFont
Handler:DirectoryHandler
FontType:CMap
CMapName:UniJIS-UCS2-H
Registry:Adobe
Ordering:Japan1
OutlineFileName:C:\Program Files (x86)\Adobe\Acrobat Reader DC\Resource\CMap\UniJIS-UCS2-H
FileLength:177536
FileModTime:1426491250
%EndFont

%BeginFont
Handler:DirectoryHandler
FontType:CMap
CMapName:UniJIS-UCS2-HW-H
Registry:Adobe
Ordering:Japan1
UseCMap:UniJIS-UCS2-H
OutlineFileName:C:\Program Files (x86)\Adobe\Acrobat Reader DC\Resource\CMap\UniJIS-UCS2-HW-H
FileLength:2970
FileModTime:1426491250
%EndFont

%BeginFont
Handler:DirectoryHandler
FontType:CMap
CMapName:UniJIS-UCS2-HW-V
Registry:Adobe
Ordering:Japan1
UseCMap:UniJIS-UCS2-H
OutlineFileName:C:\Program Files (x86)\Adobe\Acrobat Reader DC\Resource\CMap\UniJIS-UCS2-HW-V
FileLength:6939
FileModTime:1426491250
%EndFont

%BeginFont
Handler:DirectoryHandler
FontType:CMap
CMapName:UniJIS-UCS2-V
Registry:Adobe
Ordering:Japan1
UseCMap:UniJIS-UCS2-H
OutlineFileName:C:\Program Files (x86)\Adobe\Acrobat Reader DC\Resource\CMap\UniJIS-UCS2-V
FileLength:6853
FileModTime:1426491250
%EndFont

%BeginFont
Handler:DirectoryHandler
FontType:CMap
CMapName:UniJIS-UTF16-H
Registry:Adobe
Ordering:Japan1
OutlineFileName:C:\Program Files (x86)\Adobe\Acrobat Reader DC\Resource\CMap\UniJIS-UTF16-H
FileLength:202628
FileModTime:1599809444
%EndFont

%BeginFont
Handler:DirectoryHandler
FontType:CMap
CMapName:UniJIS-UTF16-V
Registry:Adobe
Ordering:Japan1
UseCMap:UniJIS-UTF16-H
OutlineFileName:C:\Program Files (x86)\Adobe\Acrobat Reader DC\Resource\CMap\UniJIS-UTF16-V
FileLength:6145
FileModTime:1599809444
%EndFont

%BeginFont
Handler:DirectoryHandler
FontType:CMap
CMapName:UniJIS-UTF32-H
Registry:Adobe
Ordering:Japan1
OutlineFileName:C:\Program Files (x86)\Adobe\Acrobat Reader DC\Resource\CMap\UniJIS-UTF32-H
FileLength:259822
FileModTime:1599751844
%EndFont

%BeginFont
Handler:DirectoryHandler
FontType:CMap
CMapName:UniJIS-UTF32-V
Registry:Adobe
Ordering:Japan1
UseCMap:UniJIS-UTF32-H
OutlineFileName:C:\Program Files (x86)\Adobe\Acrobat Reader DC\Resource\CMap\UniJIS-UTF32-V
FileLength:7177
FileModTime:1599751844
%EndFont

%BeginFont
Handler:DirectoryHandler
FontType:CMap
CMapName:UniJIS-UTF8-H
Registry:Adobe
Ordering:Japan1
OutlineFileName:C:\Program Files (x86)\Adobe\Acrobat Reader DC\Resource\CMap\UniJIS-UTF8-H
FileLength:230887
FileModTime:1599751844
%EndFont

%BeginFont
Handler:DirectoryHandler
FontType:CMap
CMapName:UniJIS-UTF8-V
Registry:Adobe
Ordering:Japan1
UseCMap:UniJIS-UTF8-H
OutlineFileName:C:\Program Files (x86)\Adobe\Acrobat Reader DC\Resource\CMap\UniJIS-UTF8-V
FileLength:6671
FileModTime:1599751844
%EndFont

%BeginFont
Handler:DirectoryHandler
FontType:CMap
CMapName:UniJIS2004-UTF16-H
Registry:Adobe
Ordering:Japan1
OutlineFileName:C:\Program Files (x86)\Adobe\Acrobat Reader DC\Resource\CMap\UniJIS2004-UTF16-H
FileLength:202711
FileModTime:1599809444
%EndFont

%BeginFont
Handler:DirectoryHandler
FontType:CMap
CMapName:UniJIS2004-UTF16-V
Registry:Adobe
Ordering:Japan1
UseCMap:UniJIS2004-UTF16-H
OutlineFileName:C:\Program Files (x86)\Adobe\Acrobat Reader DC\Resource\CMap\UniJIS2004-UTF16-V
FileLength:6169
FileModTime:1599809444
%EndFont

%BeginFont
Handler:DirectoryHandler
FontType:CMap
CMapName:UniJIS2004-UTF32-H
Registry:Adobe
Ordering:Japan1
OutlineFileName:C:\Program Files (x86)\Adobe\Acrobat Reader DC\Resource\CMap\UniJIS2004-UTF32-H
FileLength:259905
FileModTime:1599751844
%EndFont

%BeginFont
Handler:DirectoryHandler
FontType:CMap
CMapName:UniJIS2004-UTF32-V
Registry:Adobe
Ordering:Japan1
UseCMap:UniJIS2004-UTF32-H
OutlineFileName:C:\Program Files (x86)\Adobe\Acrobat Reader DC\Resource\CMap\UniJIS2004-UTF32-V
FileLength:7201
FileModTime:1599751844
%EndFont

%BeginFont
Handler:DirectoryHandler
FontType:CMap
CMapName:UniJIS2004-UTF8-H
Registry:Adobe
Ordering:Japan1
OutlineFileName:C:\Program Files (x86)\Adobe\Acrobat Reader DC\Resource\CMap\UniJIS2004-UTF8-H
FileLength:230968
FileModTime:1599751844
%EndFont

%BeginFont
Handler:DirectoryHandler
FontType:CMap
CMapName:UniJIS2004-UTF8-V
Registry:Adobe
Ordering:Japan1
UseCMap:UniJIS2004-UTF8-H
OutlineFileName:C:\Program Files (x86)\Adobe\Acrobat Reader DC\Resource\CMap\UniJIS2004-UTF8-V
FileLength:6693
FileModTime:1599751844
%EndFont

%BeginFont
Handler:DirectoryHandler
FontType:CMap
CMapName:UniJISX0213-UTF32-H
Registry:Adobe
Ordering:Japan1
OutlineFileName:C:\Program Files (x86)\Adobe\Acrobat Reader DC\Resource\CMap\UniJISX0213-UTF32-H
FileLength:259775
FileModTime:1599751844
%EndFont

%BeginFont
Handler:DirectoryHandler
FontType:CMap
CMapName:UniJISX0213-UTF32-V
Registry:Adobe
Ordering:Japan1
UseCMap:UniJISX0213-UTF32-H
OutlineFileName:C:\Program Files (x86)\Adobe\Acrobat Reader DC\Resource\CMap\UniJISX0213-UTF32-V
FileLength:7139
FileModTime:1599751844
%EndFont

%BeginFont
Handler:DirectoryHandler
FontType:CMap
CMapName:UniJISX02132004-UTF32-H
Registry:Adobe
Ordering:Japan1
OutlineFileName:C:\Program Files (x86)\Adobe\Acrobat Reader DC\Resource\CMap\UniJISX02132004-UTF32-H
FileLength:259889
FileModTime:1599751844
%EndFont

%BeginFont
Handler:DirectoryHandler
FontType:CMap
CMapName:UniJISX02132004-UTF32-V
Registry:Adobe
Ordering:Japan1
UseCMap:UniJISX02132004-UTF32-H
OutlineFileName:C:\Program Files (x86)\Adobe\Acrobat Reader DC\Resource\CMap\UniJISX02132004-UTF32-V
FileLength:7163
FileModTime:1599751844
%EndFont

%BeginFont
Handler:DirectoryHandler
FontType:CMap
CMapName:V
Registry:Adobe
Ordering:Japan1
UseCMap:H
OutlineFileName:C:\Program Files (x86)\Adobe\Acrobat Reader DC\Resource\CMap\V
FileLength:3373
FileModTime:1426491252
%EndFont

%BeginFont
Handler:DirectoryHandler
FontType:CID
FontName:KozGoPr6N-Medium
FamilyName:Kozuka Gothic Pr6N
StyleName:M
FullName:KozGoPr6N-Medium
MenuName:小塚ゴシック Pr6N M
StyleBits:0
FamilyNameNative:小塚ゴシック Pr6N
StyleNameNative:M
FullNameNative:小塚ゴシック Pr6N M
WritingScript:Japanese
OutlineFileName:C:\Program Files (x86)\Adobe\Acrobat Reader DC\Resource\CIDFont\KozGoPr6N-Medium.otf
DataFormat:sfntData
isCFF:yes
FileLength:5646012
FileModTime:1599809444
WeightClass:500
WidthClass:5
AngleClass:0
NameArray:1,Mac,4,小塚ゴシック Pr6N M
NameArray:0,Win,1,Kozuka Gothic Pr6N M
NameArray:0,Win,16,Kozuka Gothic Pr6N
NameArray:1,Win,1,小塚ゴシック Pr6N M
NameArray:1,Win,16,小塚ゴシック Pr6N
%EndFont

%BeginFont
Handler:DirectoryHandler
FontType:CID
FontName:KozMinPr6N-Regular
FamilyName:Kozuka Mincho Pr6N
StyleName:R
FullName:KozMinPr6N-Regular
MenuName:小塚明朝 Pr6N R
StyleBits:0
FamilyNameNative:小塚明朝 Pr6N
StyleNameNative:R
FullNameNative:小塚明朝 Pr6N R
WritingScript:Japanese
OutlineFileName:C:\Program Files (x86)\Adobe\Acrobat Reader DC\Resource\CIDFont\KozMinPr6N-Regular.otf
DataFormat:sfntData
isCFF:yes
FileLength:6657356
FileModTime:1599809444
WeightClass:400
WidthClass:5
AngleClass:0
NameArray:1,Mac,4,小塚明朝 Pr6N R
NameArray:0,Win,1,Kozuka Mincho Pr6N R
NameArray:0,Win,16,Kozuka Mincho Pr6N
NameArray:1,Win,1,小塚明朝 Pr6N R
NameArray:1,Win,16,小塚明朝 Pr6N
%EndFont

%BeginFont
Handler:DirectoryHandler
FontType:Type1
FontName:AdobePiStd
FamilyName:Adobe Pi Std
StyleName:Regular
FullName:Adobe Pi Std
MenuName:Adobe Pi Std
StyleBits:0
WritingScript:Roman
OutlineFileName:C:\Program Files (x86)\Adobe\Acrobat Reader DC\Resource\Font\AdobePiStd.otf
DataFormat:sfntData
UsesStandardEncoding:yes
isCFF:yes
FileLength:85552
FileModTime:1599809444
WeightClass:400
WidthClass:5
AngleClass:0
DesignSize:240
NameArray:0,Mac,4,Adobe Pi Std
NameArray:0,Win,1,Adobe Pi Std
%EndFont

%BeginFont
Handler:DirectoryHandler
FontType:Type1
FontName:CourierStd-Bold
FamilyName:Courier Std
StyleName:Bold
FullName:Courier Std Bold
MenuName:Courier Std
StyleBits:2
WritingScript:Roman
OutlineFileName:C:\Program Files (x86)\Adobe\Acrobat Reader DC\Resource\Font\CourierStd-Bold.otf
DataFormat:sfntData
UsesStandardEncoding:yes
isCFF:yes
FileLength:30488
FileModTime:1599809444
WeightClass:700
WidthClass:5
AngleClass:0
DesignSize:120
NameArray:0,Mac,4,Courier Std Bold
NameArray:0,Win,1,Courier Std
%EndFont

%BeginFont
Handler:DirectoryHandler
FontType:Type1
FontName:CourierStd-BoldOblique
FamilyName:Courier Std
StyleName:Bold Oblique
FullName:Courier Std Bold Oblique
MenuName:Courier Std
StyleBits:3
WritingScript:Roman
OutlineFileName:C:\Program Files (x86)\Adobe\Acrobat Reader DC\Resource\Font\CourierStd-BoldOblique.otf
DataFormat:sfntData
UsesStandardEncoding:yes
isCFF:yes
FileLength:31948
FileModTime:1599809444
WeightClass:700
WidthClass:5
AngleClass:1
DesignSize:120
NameArray:0,Mac,4,Courier Std Bold Oblique
NameArray:0,Win,1,Courier Std
%EndFont

%BeginFont
Handler:DirectoryHandler
FontType:Type1
FontName:CourierStd-Oblique
FamilyName:Courier Std
StyleName:Medium Oblique
FullName:Courier Std Medium Oblique
MenuName:Courier Std
StyleBits:1
WritingScript:Roman
OutlineFileName:C:\Program Files (x86)\Adobe\Acrobat Reader DC\Resource\Font\CourierStd-Oblique.otf
DataFormat:sfntData
UsesStandardEncoding:yes
isCFF:yes
FileLength:32296
FileModTime:1599809444
WeightClass:500
WidthClass:5
AngleClass:1
DesignSize:120
NameArray:0,Mac,18,Courier Std Oblique
NameArray:0,Mac,4,Courier Std Medium Oblique
NameArray:0,Win,1,Courier Std
%EndFont

%BeginFont
Handler:DirectoryHandler
FontType:Type1
FontName:CourierStd
FamilyName:Courier Std
StyleName:Medium
FullName:Courier Std Medium
MenuName:Courier Std
StyleBits:0
WritingScript:Roman
OutlineFileName:C:\Program Files (x86)\Adobe\Acrobat Reader DC\Resource\Font\CourierStd.otf
DataFormat:sfntData
UsesStandardEncoding:yes
isCFF:yes
FileLength:30824
FileModTime:1599809444
WeightClass:500
WidthClass:5
AngleClass:0
DesignSize:120
NameArray:0,Mac,18,Courier Std
NameArray:0,Mac,4,Courier Std Medium
NameArray:0,Win,1,Courier Std
%EndFont

%BeginFont
Handler:DirectoryHandler
FontType:Type1
FontName:MinionPro-Bold
FamilyName:Minion Pro
StyleName:Bold
FullName:Minion Pro Bold
MenuName:Minion Pro
StyleBits:2
WritingScript:Roman
OutlineFileName:C:\Program Files (x86)\Adobe\Acrobat Reader DC\Resource\Font\MinionPro-Bold.otf
DataFormat:sfntData
UsesStandardEncoding:yes
isCFF:yes
FileLength:210284
FileModTime:1599809444
WeightClass:700
WidthClass:5
AngleClass:0
DesignSize:110
NameArray:0,Mac,4,Minion Pro Bold
NameArray:0,Win,1,Minion Pro
%EndFont

%BeginFont
Handler:DirectoryHandler
FontType:Type1
FontName:MinionPro-BoldIt
FamilyName:Minion Pro
StyleName:Bold Italic
FullName:Minion Pro Bold Italic
MenuName:Minion Pro
StyleBits:3
WritingScript:Roman
OutlineFileName:C:\Program Files (x86)\Adobe\Acrobat Reader DC\Resource\Font\MinionPro-BoldIt.otf
DataFormat:sfntData
UsesStandardEncoding:yes
isCFF:yes
FileLength:251140
FileModTime:1599809444
WeightClass:700
WidthClass:5
AngleClass:1
DesignSize:110
NameArray:0,Mac,18,Minion Pro Bold Ital
NameArray:0,Mac,4,Minion Pro Bold Italic
NameArray:0,Win,1,Minion Pro
%EndFont

%BeginFont
Handler:DirectoryHandler
FontType:Type1
FontName:MinionPro-It
FamilyName:Minion Pro
StyleName:Italic
FullName:Minion Pro Italic
MenuName:Minion Pro
StyleBits:1
WritingScript:Roman
OutlineFileName:C:\Program Files (x86)\Adobe\Acrobat Reader DC\Resource\Font\MinionPro-It.otf
DataFormat:sfntData
UsesStandardEncoding:yes
isCFF:yes
FileLength:252108
FileModTime:1599809444
WeightClass:400
WidthClass:5
AngleClass:1
DesignSize:110
NameArray:0,Mac,18,Minion Pro Ital
NameArray:0,Mac,4,Minion Pro Italic
NameArray:0,Win,1,Minion Pro
%EndFont

%BeginFont
Handler:DirectoryHandler
FontType:Type1
FontName:MinionPro-Regular
FamilyName:Minion Pro
StyleName:Regular
FullName:Minion Pro
MenuName:Minion Pro
StyleBits:0
WritingScript:Roman
OutlineFileName:C:\Program Files (x86)\Adobe\Acrobat Reader DC\Resource\Font\MinionPro-Regular.otf
DataFormat:sfntData
UsesStandardEncoding:yes
isCFF:yes
FileLength:210808
FileModTime:1599809444
WeightClass:400
WidthClass:5
AngleClass:0
DesignSize:110
NameArray:0,Mac,4,Minion Pro
NameArray:0,Win,1,Minion Pro
%EndFont

%BeginFont
Handler:DirectoryHandler
FontType:Type1
FontName:MyriadPro-Bold
FamilyName:Myriad Pro
StyleName:Bold
FullName:Myriad Pro Bold
MenuName:Myriad Pro
StyleBits:2
WritingScript:Roman
OutlineFileName:C:\Program Files (x86)\Adobe\Acrobat Reader DC\Resource\Font\MyriadPro-Bold.otf
DataFormat:sfntData
UsesStandardEncoding:yes
isCFF:yes
FileLength:90456
FileModTime:1599809444
WeightClass:700
WidthClass:5
AngleClass:0
DesignSize:110
NameArray:0,Mac,4,Myriad Pro Bold
NameArray:0,Win,1,Myriad Pro
%EndFont

%BeginFont
Handler:DirectoryHandler
FontType:Type1
FontName:MyriadPro-BoldIt
FamilyName:Myriad Pro
StyleName:Bold Italic
FullName:Myriad Pro Bold Italic
MenuName:Myriad Pro
StyleBits:3
WritingScript:Roman
OutlineFileName:C:\Program Files (x86)\Adobe\Acrobat Reader DC\Resource\Font\MyriadPro-BoldIt.otf
DataFormat:sfntData
UsesStandardEncoding:yes
isCFF:yes
FileLength:92636
FileModTime:1599809444
WeightClass:700
WidthClass:5
AngleClass:1
DesignSize:110
NameArray:0,Mac,18,Myriad Pro Bold It
NameArray:0,Mac,4,Myriad Pro Bold Italic
NameArray:0,Win,1,Myriad Pro
%EndFont

%BeginFont
Handler:DirectoryHandler
FontType:Type1
FontName:MyriadPro-It
FamilyName:Myriad Pro
StyleName:Italic
FullName:Myriad Pro Italic
MenuName:Myriad Pro
StyleBits:1
WritingScript:Roman
OutlineFileName:C:\Program Files (x86)\Adobe\Acrobat Reader DC\Resource\Font\MyriadPro-It.otf
DataFormat:sfntData
UsesStandardEncoding:yes
isCFF:yes
FileLength:91132
FileModTime:1599809444
WeightClass:400
WidthClass:5
AngleClass:1
DesignSize:110
NameArray:0,Mac,18,Myriad Pro It
NameArray:0,Mac,4,Myriad Pro Italic
NameArray:0,Win,1,Myriad Pro
%EndFont

%BeginFont
Handler:DirectoryHandler
FontType:Type1
FontName:MyriadPro-Regular
FamilyName:Myriad Pro
StyleName:Regular
FullName:Myriad Pro
MenuName:Myriad Pro
StyleBits:0
WritingScript:Roman
OutlineFileName:C:\Program Files (x86)\Adobe\Acrobat Reader DC\Resource\Font\MyriadPro-Regular.otf
DataFormat:sfntData
UsesStandardEncoding:yes
isCFF:yes
FileLength:90404
FileModTime:1599809444
WeightClass:400
WidthClass:5
AngleClass:0
DesignSize:110
NameArray:0,Mac,4,Myriad Pro
NameArray:0,Win,1,Myriad Pro
%EndFont

%BeginFont
Handler:DirectoryHandler
FontType:Type1
FontName:Symbol
FamilyName:Symbol
StyleName:Regular
FullName:Symbol
MenuName:Symbol
StyleBits:0
WritingScript:Roman
OutlineFileName:C:\Program Files (x86)\Adobe\Acrobat Reader DC\Resource\Font\SY______.PFB
DataFormat:Plain
UsesStandardEncoding:no
isCFF:no
FileLength:34705
FileModTime:1426491250
WeightClass:400
WidthClass:5
AngleClass:0
DesignSize:-1
%EndFont

%BeginFont
Handler:DirectoryHandler
FontType:Type1
FontName:AdobeSansMM
FamilyName:Adobe Sans MM
StyleName:Regular
FullName:Adobe Sans MM
MenuName:Adobe Sans MM
StyleBits:0
WritingScript:Roman
OutlineFileName:C:\Program Files (x86)\Adobe\Acrobat Reader DC\Resource\Font\ZX______.PFB
DataFormat:Plain
MMAxisName:Weight
MMAxisName:Width
UsesStandardEncoding:yes
isCFF:no
FileLength:75573
FileModTime:1426491250
WeightClass:400
WidthClass:5
AngleClass:0
DesignSize:-1
%EndFont

%BeginFont
Handler:DirectoryHandler
FontType:Type1
FontName:AdobeSerifMM
FamilyName:Adobe Serif MM
StyleName:Regular
FullName:Adobe Serif MM
MenuName:Adobe Serif MM
StyleBits:0
WritingScript:Roman
OutlineFileName:C:\Program Files (x86)\Adobe\Acrobat Reader DC\Resource\Font\ZY______.PFB
DataFormat:Plain
MMAxisName:Weight
MMAxisName:Width
UsesStandardEncoding:yes
isCFF:no
FileLength:96418
FileModTime:1426491252
WeightClass:400
WidthClass:5
AngleClass:0
DesignSize:-1
%EndFont

%BeginFont
Handler:DirectoryHandler
FontType:PFM
FontName:Symbol
NumMMAxes:0
OutlineFileName:C:\Program Files (x86)\Adobe\Acrobat Reader DC\Resource\Font\PFM\SY______.PFM
FileLength:672
FileModTime:1426491250
%EndFont

%BeginFont
Handler:DirectoryHandler
FontType:PFM
FontName:AdobeSansMM
NumMMAxes:0
OutlineFileName:C:\Program Files (x86)\Adobe\Acrobat Reader DC\Resource\Font\PFM\zx______.pfm
FileLength:683
FileModTime:1426491252
%EndFont

%BeginFont
Handler:DirectoryHandler
FontType:PFM
FontName:AdobeSerifMM
NumMMAxes:0
OutlineFileName:C:\Program Files (x86)\Adobe\Acrobat Reader DC\Resource\Font\PFM\zy______.pfm
FileLength:684
FileModTime:1426491250
%EndFont

